1
2
3
4
5
6
7
8
9
10
11
12
13
14
15
16
17
18
19
20 123 137 214 236
21
22
23
24
25
26
27
28
29
30
31
32
33
34
35
36
37
38
39
40
41
42 66 68 71 75 78 109 111 116 134 138 146 147 152 159 167 176 180 181 198 203 205 221 227 249 255
43
44
45
46
47
48
49
50
51
52
53
54
55
56
57
58
59
60
61
62
63
64
65
42 66 68 71 75 78 109 111 116 134 138 146 147 152 159 167 176 180 181 198 203 205 221 227 249 255
67
42 66 68 71 75 78 109 111 116 134 138 146 147 152 159 167 176 180 181 198 203 205 221 227 249 255
69
70
42 66 68 71 75 78 109 111 116 134 138 146 147 152 159 167 176 180 181 198 203 205 221 227 249 255
72
73
74
42 66 68 71 75 78 109 111 116 134 138 146 147 152 159 167 176 180 181 198 203 205 221 227 249 255
76
77
42 66 68 71 75 78 109 111 116 134 138 146 147 152 159 167 176 180 181 198 203 205 221 227 249 255
79
80
81
82
83
84
85
86
87
88
89
90
91
92
93
94
95
96
97
98
99
100
101
102
103
104
105
106
107
108
42 66 68 71 75 78 109 111 116 134 138 146 147 152 159 167 176 180 181 198 203 205 221 227 249 255
110
42 66 68 71 75 78 109 111 116 134 138 146 147 152 159 167 176 180 181 198 203 205 221 227 249 255
112
113
114
115
42 66 68 71 75 78 109 111 116 134 138 146 147 152 159 167 176 180 181 198 203 205 221 227 249 255
117
118
119
120
121
122
20 123 137 214 236
124
125
126
127
128
129
130
131
132
133
42 66 68 71 75 78 109 111 116 134 138 146 147 152 159 167 176 180 181 198 203 205 221 227 249 255
135
136
20 123 137 214 236
42 66 68 71 75 78 109 111 116 134 138 146 147 152 159 167 176 180 181 198 203 205 221 227 249 255
139
140
141
142
143
144
145
42 66 68 71 75 78 109 111 116 134 138 146 147 152 159 167 176 180 181 198 203 205 221 227 249 255
42 66 68 71 75 78 109 111 116 134 138 146 147 152 159 167 176 180 181 198 203 205 221 227 249 255
148
149
150
151
42 66 68 71 75 78 109 111 116 134 138 146 147 152 159 167 176 180 181 198 203 205 221 227 249 255
153
154
155
156
157
158
42 66 68 71 75 78 109 111 116 134 138 146 147 152 159 167 176 180 181 198 203 205 221 227 249 255
160
161
162
163
164
165
166
42 66 68 71 75 78 109 111 116 134 138 146 147 152 159 167 176 180 181 198 203 205 221 227 249 255
168
169
170
171
172
173
174
175
42 66 68 71 75 78 109 111 116 134 138 146 147 152 159 167 176 180 181 198 203 205 221 227 249 255
177
178
179
42 66 68 71 75 78 109 111 116 134 138 146 147 152 159 167 176 180 181 198 203 205 221 227 249 255
42 66 68 71 75 78 109 111 116 134 138 146 147 152 159 167 176 180 181 198 203 205 221 227 249 255
182
183
184
185
186
187
188
189
190
191
192
193
194
195
196
197
42 66 68 71 75 78 109 111 116 134 138 146 147 152 159 167 176 180 181 198 203 205 221 227 249 255
199
200
201
202
42 66 68 71 75 78 109 111 116 134 138 146 147 152 159 167 176 180 181 198 203 205 221 227 249 255
204
42 66 68 71 75 78 109 111 116 134 138 146 147 152 159 167 176 180 181 198 203 205 221 227 249 255
206
207
208
209
210
211
212
213
20 123 137 214 236
215
216
217
218 263
219
220
42 66 68 71 75 78 109 111 116 134 138 146 147 152 159 167 176 180 181 198 203 205 221 227 249 255
222
223
224
225
226
42 66 68 71 75 78 109 111 116 134 138 146 147 152 159 167 176 180 181 198 203 205 221 227 249 255
228
229
230
231
232
233
234
235
20 123 137 214 236
237
238
239
240
241
242
243
244
245
246
247
248
42 66 68 71 75 78 109 111 116 134 138 146 147 152 159 167 176 180 181 198 203 205 221 227 249 255
250
251
252
253
254
42 66 68 71 75 78 109 111 116 134 138 146 147 152 159 167 176 180 181 198 203 205 221 227 249 255
256
257
258
259
260
261
262
218 263
264
265
266
267
268
269
270
271
272
273
274
275
276
277
278
279
280
281
282
283
284
285
286
287
288
289
290
291
292
293
294
295
296
297
298
299
300
