683
340
1221
1167
144
1150
1180
303
144
573
163
13
123
5
105
984
226
815
98
767
676
724
239
1113
644
13
108
883
163
311
978
15
764
108
1269
352
353
108
123
1211
530
108
1292
429
111
379
105
216
407
250
817
153
160
681
3
808
340
690
463
123
181
79
37
773
921
380
644
681
33
726
111
1075
311
108
450
635
319
72
1086
703
68
407
1290
963
237
311
514
46
165
728
1170
1303
1058
943
787
1334
3
1066
573
1167
1078
684
168
134
738
2
860
613
166
606
1257
320
364
738
256
408
907
1153
721
333
240
133
13
1091
775
337
188
590
159
270
93
419
823
772
126
620
108
1234
57
527
1257
5
972
1240
1220
860
738
950
123
1026
792
1413
159
5
1397
166
594
1171
129
1139
433
205
29
79
89
280
98
1202
979
37
620
256
1212
3
98
806
611
1167
871
144
976
12
902
283
79
1100
105
296
764
1069
1323
241
765
345
256
561
910
49
921
1380
154
131
1321
450
800
1086
101
1234
860
1307
10
504
136
408
461
311
990
977
280
620
683
1202
1169
251
1091
764
1182
1006
197
1227
389
1008
161
1402
205
1058
1269
79
23
1127
1322
13
1028
337
783
296
1
1126
166
1240
788
1203
345
71
186
329
654
666
878
1006
296
867
1008
413
227
872
1254
105
833
764
906
46
737
1343
539
490
764
515
910
166
1399
649
1075
480
683
225
146
111
497
1274
1061
1345
331
256
269
1222
713
862
676
97
613
211
555
1127
793
860
235
1150
413
111
73
806
602
209
328
129
593
346
1151
473
583
324
79
71
1231
1200
779
315
256
1203
293
23
120
65
1187
1019
1121
1086
129
57
446
146
311
1128
1090
515
386
218
1
1254
578
36
37
296
1395
597
1321
1116
482
94
23
715
623
1212
1120
858
1362
822
281
1266
193
205
1253
1221
1028
250
1150
987
46
33
652
129
138
3
497
347
1240
572
230
1392
325
12
1118
253
33
320
1
1321
614
1234
95
767
681
3
268
370
883
613
153
338
1058
3
331
497
162
98
1203
860
154
764
98
738
1061
342
772
949
730
66
800
111
990
1248
161
1030
98
1169
1013
720
800
3
397
947
205
450
180
982
851
869
1344
1323
1384
116
1270
754
1189
256
1402
68
376
1292
256
731
921
105
24
10
520
111
1196
1222
256
5
320
161
235
31
49
1118
5
284
1
573
201
662
977
123
205
772
706
380
1185
325
1135
591
365
1275
370
591
683
1333
1169
23
146
129
982
785
1140
64
799
158
111
111
613
87
346
95
1069
836
590
3
435
216
49
706
161
264
180
98
126
281
1096
146
14
1203
1395
424
256
1017
275
66
413
573
10
762
1069
1066
240
146
1307
1262
65
1240
967
235
303
772
497
364
626
957
762
68
68
882
367
370
22
1006
852
705
1066
1402
10
1169
860
1120
1143
610
676
807
501
268
283
325
1096
161
75
126
126
128
1047
190
731
3
1232
331
356
764
463
212
815
573
98
807
21
57
108
722
957
578
1118
46
108
7
1222
536
451
690
1085
136
345
173
46
241
340
1203
1185
491
583
1344
163
331
386
1226
76
1085
159
403
528
268
180
562
279
869
123
205
906
222
162
1109
157
1251
154
963
477
52
197
152
256
260
317
484
2
877
1086
1
113
666
345
644
112
68
368
284
1323
1
474
816
256
334
68
1109
1
102
676
883
1169
1321
303
37
226
472
146
477
1086
227
635
10
769
153
967
57
799
702
298
1242
5
1086
41
5
731
649
985
301
362
1023
109
72
241
1315
119
819
827
22
764
57
22
49
418
66
1166
15
136
649
458
187
273
105
1150
5
14
240
213
161
1210
13
564
146
1017
433
303
1222
159
474
258
212
93
644
967
1402
340
867
71
1009
193
1173
860
256
419
751
57
901
683
908
125
1269
1
296
327
116
355
26
98
192
1053
180
95
212
1016
515
78
296
451
161
524
59
706
1120
703
205
3
783
98
74
419
95
945
56
1072
1139
1203
756
119
1203
345
678
1169
764
722
499
902
161
731
33
56
402
451
58
345
1078
1008
98
269
1044
80
455
1344
160
444
1240
154
849
1139
1008
302
1384
875
942
842
163
1395
1058
98
205
457
1389
123
366
762
146
111
298
856
463
474
762
762
296
644
1319
46
450
264
892
847
85
6
259
418
644
933
320
407
161
504
1234
683
180
879
715
1380
10
683
10
1319
355
245
218
764
1150
772
296
772
221
138
129
324
774
306
279
561
161
101
364
303
380
487
854
93
644
463
413
1183
584
1319
161
84
1121
950
159
358
1185
881
241
413
1100
497
154
1392
1151
999
848
94
683
807
613
93
1143
108
418
135
731
138
713
96
822
1109
46
303
146
129
1122
84
15
353
583
1169
158
525
189
1061
143
990
594
74
856
1323
123
169
1061
1321
1222
114
16
713
703
929
1039
407
906
1071
111
1212
296
342
860
860
587
474
1212
331
1101
972
163
526
260
976
232
764
919
1120
161
1116
101
788
212
1383
429
161
375
356
46
159
269
472
1250
131
243
364
702
89
976
1380
614
515
683
93
33
98
703
1017
690
731
834
75
921
591
1189
683
311
232
764
463
1081
363
1271
1212
93
1212
80
980
160
227
623
263
98
157
490
94
1178
991
13
1151
98
283
494
1150
101
418
1069
72
1203
583
33
613
708
1030
1147
15
345
1124
129
788
683
635
241
380
47
1391
690
713
754
1111
434
482
921
1189
11
957
822
1085
1240
368
1176
296
358
497
611
921
365
337
962
59
1091
1053
248
240
12
1270
244
884
803
180
1086
340
538
1046
256
160
105
1009
166
577
1283
350
418
1088
216
1121
1234
940
1169
118
514
1
1242
194
258
1181
57
22
1232
513
174
240
731
1307
157
436
10
108
33
672
530
1078
860
407
174
523
7
60
370
1380
900
372
232
1075
1041
455
262
212
1389
126
921
161
469
482
386
1069
418
987
1344
252
18
450
731
294
250
779
745
40
364
153
744
180
17
1
58
413
230
3
296
525
138
187
108
230
111
3
123
325
111
1061
138
546
1035
921
211
105
144
982
706
458
324
166
764
129
432
1
1026
652
370
297
267
987
138
111
5
429
532
906
550
227
705
987
370
497
731
1075
708
1368
1192
585
1150
540
645
1192
967
536
14
296
862
443
1176
798
762
722
1182
666
37
977
182
1069
1017
764
46
281
1036
511
3
123
1185
1389
864
702
713
10
303
764
173
444
558
921
7
720
1325
867
212
1234
967
256
241
450
523
37
3
1265
533
229
620
386
383
10
96
530
1234
111
815
161
237
1344
161
1124
256
292
644
877
1
814
126
320
163
1321
1099
654
78
320
1257
131
180
1133
573
356
267
98
136
108
1271
620
162
142
858
1081
257
1224
1035
218
1344
1380
703
530
237
1017
451
126
10
1061
261
1192
1303
129
56
613
1203
33
543
553
232
281
337
250
105
170
345
731
405
451
822
832
123
211
1212
764
22
903
569
