192
4281
4309
30
9446
27
407
9562
8
978
1
2633
38
1867
3754
239
1
1915
59
49
109
98
1
517
6
138
410
3664
40
1195
6530
3865
1730
42
1
10453
181
59
193
29
14
243
7016
10
38
105
5600
8117
2779
1
4898
7315
1574
10154
7458
903
59
8
63
944
193
1
59
449
4
474
7065
120
1
4467
3595
278
38
6423
258
194
1
858
31
389
744
1808
548
4575
1901
49
60
128
7927
59
9441
1762
96
667
425
2896
92
253
8104
1620
4632
3734
96
4086
6767
512
1
112
7462
5314
7053
456
1
42
2362
4479
128
479
72
96
8
2185
345
1995
5782
49
7403
1757
21
1
810
8732
2835
5289
1902
237
862
10005
149
1674
16
8703
193
1
529
2443
1
3678
5600
32
15
503
1
40
6172
307
3632
5896
558
2597
83
2563
6
81
198
3538
587
55
9843
149
4514
2689
59
2470
1095
1
78
6220
1
3
4508
747
908
14
27
1
5337
597
106
6490
70
1
379
6167
8286
238
3811
9532
15
791
4462
5060
2265
456
1534
1494
1538
201
808
7766
27
42
4
38
1
679
2140
3940
1504
1
380
4659
2048
2204
286
6
985
8591
1505
2
864
598
8252
1932
27
218
862
1089
3492
1
264
5373
42
208
10
479
92
1
1
92
139
258
1317
327
182
148
3615
1708
2
1
115
1407
7840
8104
72
465
101
7
3603
7912
5380
100
428
4139
82
192
12
72
83
102
5676
1091
53
3
4642
7145
174
266
18
576
3665
997
89
4093
314
8
403
145
116
20
1249
1284
1
821
148
5210
8206
3402
29
156
963
70
1
578
9
2719
37
456
3942
10367
375
55
157
7440
9727
237
254
170
96
84
218
699
231
751
93
1538
254
433
85
3693
6522
1169
45
4339
2780
30
701
381
8311
4170
2028
1
791
8419
2211
122
8781
7009
565
1712
10
171
5185
452
5604
4840
1173
1
493
1659
1
22
53
2446
128
120
6
4053
193
9409
348
1801
8499
656
157
1
398
1
80
37
1
131
1019
49
4390
152
5476
146
2528
428
128
18
1086
239
38
12
458
160
1317
27
965
6
132
365
8794
53
1
45
165
6
3543
8534
10110
115
2265
1761
6
2861
1609
8
9965
919
338
1
8633
3746
281
99
81
1
1
3262
8352
1
5520
182
169
366
1798
242
5231
1052
78
27
3693
1897
1177
7561
4092
18
1159
8
1977
39
266
9672
4669
1
9
6
83
38
235
6154
397
432
1
57
2580
590
4674
229
60
350
95
61
7411
223
1
199
1
1045
474
201
6
61
1486
56
1
12
2143
91
152
139
157
6610
1
1
1708
1056
104
4148
108
1
64
198
458
282
318
1222
28
862
1
3876
193
1052
49
99
9901
81
479
145
96
72
805
3004
5071
157
2836
100
6
39
36
1052
503
3134
3022
83
1102
1
1277
996
456
5944
78
692
118
2137
36
1
2024
1
350
36
5174
1102
9271
297
1
70
19
27
110
229
4119
9711
1869
314
27
763
7780
1
304
53
115
1701
167
193
2836
480
125
1
11
4648
64
8296
3876
232
4350
145
227
133
4575
436
12
22
739
109
18
30
1853
2038
1615
44
237
575
426
791
70
52
951
136
115
209
1
26
14
89
1
674
32
1856
9730
6095
1
6503
99
2066
1610
39
1
485
297
36
910
304
110
34
338
3135
5257
198
5425
70
2392
122
3
9
124
4309
218
1932
2625
768
79
89
94
78
575
18
5326
122
171
2194
1
9169
89
426
27
7767
99
4760
122
335
1703
674
366
3057
1
1698
6
8133
350
319
78
599
2776
137
1645
7
1194
1
3660
3134
59
193
122
32
174
82
685
237
335
12
210
1541
218
7552
449
9963
1
82
116
201
327
10
89
4622
172
783
202
701
387
474
9124
16
466
1738
1458
4678
1798
503
282
1417
152
4701
799
369
128
1939
334
6
6
2972
1069
142
16
48
1
8797
238
206
580
7219
3461
98
2259
10427
1
1
389
275
4
638
193
258
99
1
2452
1319
199
6
730
636
7
676
1043
81
70
104
7103
3535
126
6
193
238
68
218
2795
127
1
1
973
607
951
1
221
9804
295
503
9426
242
1538
612
72
4309
1
1
4308
3277
304
10305
590
46
205
7503
51
456
1144
1698
87
53
692
10548
3017
1123
2721
4678
193
33
1
155
257
1
799
5342
1086
55
2
1748
2418
101
474
8385
308
7
7520
7277
1
978
403
237
53
231
82
1
1
27
4710
81
64
1
5286
436
9292
978
744
8572
744
30
60
4514
4926
34
110
5542
5467
1
116
3
328
743
2315
1
53
42
2
7503
89
96
10531
6975
2541
4551
1069
2486
456
783
5
1486
1
33
957
308
92
3499
8466
8149
432
127
12
234
816
152
830
1
133
7062
1049
744
5242
551
1045
957
188
338
799
2776
4473
1
4309
140
7867
60
1
5359
110
512
46
1666
621
12
4222
2528
321
5727
403
3608
30
1
152
549
589
15
411
3509
589
253
42
4221
1
14
999
685
816
1
1089
2614
529
246
2259
1520
283
421
227
53
1881
8
295
82
5413
145
1712
29
9
552
292
66
973
6
112
112
156
46
182
5759
1
902
1688
1
2184
4895
1
4608
283
123
7833
1530
978
1
1
8281
1
84
978
3852
55
46
39
3
553
12
53
38
436
378
170
5
2797
82
29
8793
1894
291
1557
241
27
1
929
314
6798
456
735
106
4437
395
9820
5
1932
47
10525
599
3380
157
58
2637
81
978
4840
87
1712
1
193
231
84
238
6429
2744
436
33
1708
292
115
830
8
8206
10437
5978
238
9350
282
234
124
436
3734
1
157
1
100
27
466
549
193
7996
407
83
1
792
206
148
1
367
48
2528
981
8
112
1289
1
2972
575
8
4863
294
33
2954
182
9970
3790
3
104
84
895
6
1
1
42
869
1
1095
1249
1
101
1557
1932
109
1
98
128
1685
1
6431
143
10564
436
607
128
15
461
2186
455
862
38
1171
1
1412
2202
9
4566
1862
8374
279
367
2
1
4840
457
12
34
59
32
6148
5
3933
80
1266
92
517
9987
9545
308
792
112
2143
30
83
1
1
1
1
1
2769
9965
1069
316
94
70
81
64
257
218
1
175
7783
8768
218
730
174
218
7704
106
520
29
1301
26
68
53
193
8692
157
539
2422
4453
5380
428
15
449
218
367
47
4340
1
316
20
334
316
39
10676
1141
5011
258
590
6881
231
139
38
1
4639
206
264
16
2
30
70
2380
1186
206
63
318
78
1086
1095
1
198
100
3173
551
71
1
919
4418
56
304
1336
1086
805
3291
10244
231
3603
780
1043
234
1
4010
4030
8004
216
52
131
1086
4357
174
364
822
78
1
324
55
198
1
674
19
196
4
1
253
1
780
78
6
10173
96
403
10278
297
1
290
70
2960
156
1518
10
316
816
70
36
2428
1761
1
1216
29
15
798
2
6621
194
174
9965
8496
612
38
735
132
1
4050
3071
1935
923
81
3367
3734
2760
275
6723
2943
2778
1
9228
122
1
6
157
5044
308
133
193
474
2453
159
1
1476
1
865
8184
2696
187
72
202
4098
378
822
7
112
7305
1
735
1458
60
5600
922
110
18
87
136
6
6
20
1228
421
26
1069
1762
7578
100
1
3894
3546
1
64
109
612
349
134
895
1
4368
190
1
16
83
8705
7070
216
137
1186
55
258
133
982
157
38
4575
1
1530
140
2544
1
8
44
662
10035
9786
458
138
3364
6423
4840
10
63
3869
4840
139
115
152
9086
1995
1688
4012
3642
735
234
263
1
4070
8266
1349
2489
8
3453
330
28
80
78
12
3874
1589
798
78
308
259
84
8
206
455
6
1840
53
1
512
1782
2462
744
8434
1534
234
70
751
1
89
28
96
9503
32
74
297
4379
304
115
3084
5951
6655
1036
89
1011
1552
1369
29
1
9970
1
10170
7247
205
6
1
5337
193
975
117
2650
29
48
431
744
18
102
1
28
7087
457
2902
1
53
110
1362
1045
81
589
1
497
4164
258
3806
1537
198
5425
1867
15
235
6762
10658
1
53
1959
166
1521
91
19
85
3
7845
1276
2399
1
1
5853
3910
1487
104
455
1
143
617
70
6784
699
2689
6
18
350
7369
1
338
206
1
239
38
4821
8593
2745
237
2087
1977
634
1
1
104
351
100
28
1
3346
589
1
1
1
143
72
28
31
1521
765
138
106
1169
1
190
27
308
308
49
225
403
5599
3262
4755
128
239
26
701
64
27
1069
93
80
1
283
370
59
198
95
1
3887
1
318
2422
128
2662
83
1
9426
830
7913
22
1
2069
466
66
1613
2195
114
2630
59
1150
397
456
1305
1770
1
1
3122
70
786
1069
321
1
3894
116
1487
63
951
27
2168
235
148
8306
1869
367
816
149
10519
5599
234
18
10402
196
792
99
258
1
2248
210
453
1384
2477
4069
1
36
6307
10010
674
3602
263
3894
19
5744
146
2580
104
5083
4309
1095
1
139
87
22
2137
1
982
242
9409
334
421
63
104
128
109
57
7247
426
9292
171
8
2488
8
1
168
3233
1689
12
783
28
3140
4777
27
142
87
38
814
1
762
1
72
8055
860
1112
2085
660
1
1538
1
885
2301
862
8064
190
449
780
234
382
1190
1
2658
209
314
136
82
791
60
78
1402
1086
223
1
9169
49
234
583
82
27
18
9850
977
1114
663
685
1
42
768
1
104
190
1303
18
2528
653
816
1505
64
56
182
237
6073
114
8309
1
7734
792
4628
367
798
82
1
82
3067
1698
110
996
110
4362
7658
1
63
1
426
1568
81
1708
38
234
106
479
275
10
1286
8496
99
122
485
5210
1
6798
308
19
1
456
822
7053
9409
218
1
1
1043
27
2212
456
2460
8941
3734
6794
3543
59
369
218
4977
76
3022
421
559
15
263
436
5370
529
152
639
67
1761
22
1861
8413
1
27
699
56
6330
8916
1
139
589
4750
7576
63
9071
4395
735
5880
53
81
3040
1
6242
114
8
865
189
242
10305
223
27
72
5425
38
653
589
99
455
4467
27
334
8951
27
7700
3910
242
6988
432
9032
146
1672
1708
196
805
71
110
1614
59
42
36
9332
204
4221
15
3136
717
5008
82
258
196
730
7174
981
1
2470
6092
1
122
152
5291
39
1
9
49
1
830
22
188
33
8185
128
474
456
1
6073
318
28
9568
217
2329
70
6575
80
6841
456
4581
24
351
553
53
3910
122
6673
246
4309
1
3910
5906
304
493
1
1369
46
109
1
852
1
4395
209
96
190
60
6040
1
193
426
403
109
140
1
645
6
3859
1
108
638
308
576
5853
923
7072
6190
7840
350
1762
1
165
70
586
36
4309
6536
1
318
297
1
4575
206
7439
768
365
297
2401
4220
263
1
4337
1
431
203
64
6
1
1674
166
12
653
216
6987
6231
431
6
33
24
1
426
27
4581
64
8738
3642
378
108
1
216
12
9731
70
1141
238
71
410
139
7640
131
170
4170
42
6
217
1
816
4932
63
4493
89
7359
6
1520
112
3150
847
308
95
6019
197
6528
526
81
10485
52
350
7887
36
663
96
5
3970
4
1
830
458
3773
51
12
64
70
259
1761
139
205
1301
230
1011
2679
929
196
128
1
1683
8314
4710
532
674
6101
28
2443
739
38
12
5210
6382
28
224
322
1869
8
4030
334
512
266
297
426
735
20
7289
1
82
2528
241
7273
739
6933
1
82
44
223
72
99
53
1
127
152
266
474
4514
2686
1
1
1
7936
146
1194
2037
160
8
5371
6677
3
133
559
348
3843
735
45
4030
8252
104
551
1
2082
149
139
2425
203
4140
1
493
145
5458
81
4170
38
12
85
7165
155
5637
116
38
218
458
2426
2185
334
281
157
403
5210
436
1
259
577
332
225
1
1349
29
128
4384
139
2
1
182
18
201
194
5968
1412
30
42
674
3140
22
674
70
820
2342
978
4575
128
110
175
42
1296
961
1
902
2020
1357
830
1284
7415
134
5231
84
869
282
350
9285
1
8107
1
47
110
1045
6
314
55
1
274
3
70
1689
589
10406
4757
8117
115
115
2679
115
5083
2236
15
217
5167
493
290
905
8
3886
83
1925
1
685
1964
178
2
1761
115
108
106
197
6
9992
142
529
1
2
59
1086
1
28
78
28
1722
8577
4843
493
2143
49
551
1
421
1
321
26
9073
10417
170
9
2542
36
1171
1384
51
1077
146
201
3615
6750
2195
117
3914
503
165
1338
4364
364
146
68
202
258
18
29
53
803
124
3660
133
29
2470
85
170
218
350
457
182
1
118
64
1379
5560
410
6498
7368
167
39
1898
366
1502
89
558
7972
674
30
104
112
2443
426
5011
8309
1
56
84
12
223
182
110
18
201
87
33
218
906
9
6
783
204
1
5126
52
8644
83
9933
10
1305
1687
3150
951
99
101
6040
67
3051
1486
4085
479
4086
132
2795
9158
8909
436
1552
3325
692
6486
290
2422
139
1
1
6
1636
7485
6353
89
4373
1
12
1932
5130
82
59
81
1
120
2376
82
6841
15
717
8133
53
168
201
2
294
529
6076
5843
1
607
6
18
171
367
112
597
4839
6979
198
1141
2024
31
2807
160
7936
7381
1
428
51
241
2743
27
258
664
5615
243
38
208
3
239
1
159
1
27
1194
3661
1
123
3136
2788
9812
160
1
1451
2058
1215
30
7632
91
6458
1
100
1
15
18
100
5842
258
978
1
27
81
3415
9270
636
1036
10
5820
1
1043
218
1
9861
674
1683
6366
4148
2661
3059
1
99
182
70
3378
3229
589
10417
1
98
1
9479
157
1504
80
9386
556
4840
4678
5210
53
258
6939
1305
319
182
2633
112
6
5360
51
238
39
70
4351
3698
18
1
26
1
68
765
8296
6416
1881
10
2625
4579
485
110
2658
1305
1
8457
1598
81
1019
1
1598
3196
109
1386
5210
10
6
1
253
449
555
7492
290
1043
6
2929
47
1614
3527
1
1
8
115
7658
29
64
253
1708
837
8
3868
9124
53
243
1194
1
5846
110
4309
701
112
6424
1
49
281
104
205
9
456
47
157
7219
1611
5179
1
6242
2040
4639
115
5599
4309
74
152
1417
318
39
3187
239
1
4391
223
951
60
1077
38
2264
1202
7475
869
967
1
398
2191
5517
216
2528
5286
456
1
1776
96
2025
10478
816
1
2595
282
632
234
217
223
1741
3874
1
5906
100
223
89
3047
1
42
81
1932
4082
2568
1
2306
409
19
122
1761
1
42
123
938
3067
431
297
95
234
830
155
3076
6
3596
70
822
124
4724
1584
612
47
133
589
792
1
3
1881
5677
28
1
1458
132
8184
30
122
553
365
82
951
8132
2519
526
136
234
4590
369
112
205
3169
100
257
735
60
99
8281
1931
474
674
297
5880
217
4342
457
1
739
110
1319
6
6710
52
118
49
982
116
39
15
27
206
18
9292
3
350
3607
783
120
110
1
2774
1552
6973
5880
70
730
7840
786
403
238
110
30
10113
1977
5950
165
1077
10182
36
100
1645
1
182
7492
52
2
6356
1
2708
822
7778
110
803
193
1877
1855
8556
14
6167
70
1
123
1366
60
15
533
8822
81
3122
218
29
110
699
783
60
5467
143
479
780
1330
24
175
28
53
217
1
133
350
7511
1931
10437
754
426
6
1
57
703
735
474
145
53
951
1
1504
115
2719
11
205
81
3229
518
933
64
816
6
223
9143
5799
559
84
6070
9228
1
1687
2195
95
5560
16
348
4047
254
3860
345
456
7
5064
1927
1385
99
2415
1458
8341
22
53
227
978
60
576
7579
122
426
1
1
3700
551
1386
830
8150
70
7029
38
60
37
1890
59
194
2801
3600
1584
4677
933
122
3595
96
51
139
688
699
128
84
426
6941
805
9380
8703
1701
3179
84
104
82
1357
18
340
5843
7319
4910
1
239
321
5314
38
70
5373
6750
6653
28
42
1
10540
1809
128
18
5314
1
653
42
2061
108
1
1
175
318
639
9545
5507
3622
1
100
10473
98
5425
297
3773
934
80
10
235
5630
106
53
10456
456
42
360
3876
9318
816
5354
1069
1
699
27
1
7956
27
258
1
359
59
1774
403
106
5845
49
297
1
9861
82
951
6272
5139
599
474
2179
218
717
70
15
3
8567
4233
29
1596
27
4175
139
7356
1
70
175
1
581
1276
387
8392
253
1069
3626
10074
3022
2844
19
744
347
1
8049
2759
6
234
122
1
304
318
1
375
1194
72
4927
3603
6956
1
29
1
432
39
53
52
128
634
70
174
32
3494
2825
4069
258
607
786
3285
167
3155
4514
717
4220
6745
9031
1
529
474
334
455
10456
4575
744
3183
193
2219
80
109
5410
258
553
1170
6
2715
8838
82
110
5606
80
599
18
39
182
4309
27
7196
241
193
292
7914
2116
9434
7053
7
243
5122
134
12
53
466
115
222
131
282
595
7767
428
82
152
803
168
5210
933
3219
4517
7511
1
4292
204
456
978
1
436
7009
1530
3304
8647
101
1469
8192
8010
1
3297
3439
2
9292
128
3723
7
239
19
47
799
12
1
900
1
2195
283
9582
3542
246
21
2517
5842
1
182
886
944
621
816
29
1
2795
122
8
1
7
1
70
1
6804
1
1018
133
403
276
6
145
1845
63
225
115
1073
2236
234
1
139
110
6884
15
85
2206
5611
426
808
981
1
12
209
1369
1754
4092
239
100
99
2639
8776
1552
1
171
2696
78
10
106
9249
9316
81
2849
91
63
160
1349
1801
692
143
139
4139
1
155
308
1877
27
1
378
146
4387
4702
431
308
259
334
4700
2618
5110
6
1
1
4689
12
2751
106
72
19
2195
3322
168
123
171
63
1043
456
78
1846
32
703
7241
3305
304
123
30
2693
10
1
101
3893
104
735
27
717
1613
1
1
409
66
297
136
1128
106
6911
4840
8670
1353
1
110
49
1
3797
1651
32
15
159
2849
72
2140
8105
1
3223
1
227
5027
1
7165
6218
1829
28
122
479
1953
70
239
258
3213
46
78
139
421
2528
2696
426
196
342
1
46
128
6
1353
966
82
3
8745
204
118
7
3663
82
944
2195
1086
1
239
108
6735
2273
1
3700
2038
5427
1222
98
1
558
5300
792
1
258
1069
15
426
38
3322
421
2801
46
49
3263
9
553
314
938
698
18
455
7315
426
65
27
1077
133
1
60
84
780
49
316
4
481
387
350
3995
1
217
4734
862
80
1353
934
122
112
246
53
188
2187
1698
6042
428
1
1391
1
1520
9299
64
193
4007
2827
146
174
82
1412
70
1733
264
1
1712
53
2896
6536
146
34
9719
122
612
691
257
1472
118
10
1
7123
834
63
4404
4514
259
2388
584
142
6439
193
171
157
7396
51
612
36
1
8909
4383
403
9073
278
56
128
115
4898
7493
2423
81
7175
1
3084
108
15
428
1
639
4364
8107
5373
7767
370
3516
28
9479
2770
1091
8
42
456
66
132
3260
978
64
70
509
10373
4843
12
110
115
1598
1845
133
10
8263
5110
2248
258
16
3
455
1
1
168
8353
456
81
5373
157
70
6
142
131
1
8884
7717
70
6735
12
49
1
2251
155
16
9
6
378
1095
4840
1708
59
59
830
9782
5631
703
431
1
206
56
1413
1095
1
1
1
10492
2210
1
78
1
330
96
3962
436
6798
207
978
7140
1
8965
1839
15
595
206
239
7688
112
1
2827
224
1
3078
38
26
4760
80
28
63
116
6524
157
1469
638
1801
3461
5629
142
1
364
3047
3
2951
6944
3535
218
6750
45
258
1
384
1
1843
138
1919
426
474
369
139
1222
369
8644
22
822
6073
436
10305
110
7653
197
355
3
91
7
10
474
403
1
100
1
338
308
78
9046
6827
6406
318
1
808
6
1
2603
2401
5000
258
9185
6
1925
122
53
783
2253
1791
171
720
9426
589
239
2264
5373
4649
43
6162
64
160
4461
3931
193
5333
367
833
193
466
735
7246
38
978
1461
304
6034
1
699
1486
206
128
89
9956
39
133
456
632
4016
8681
1811
474
20
4199
91
1
1
7277
3447
1417
2768
38
456
7
576
7348
30
1896
81
111
205
324
3283
7348
18
7668
115
152
10016
1534
1935
1953
4379
1
1
70
1
1
1
72
350
27
206
8496
2410
204
9101
2844
1184
234
787
118
8544
4693
139
218
70
319
110
9662
8
133
204
9
27
91
5968
174
474
10386
157
100
1
474
1
2776
780
1086
243
3970
5433
674
187
114
1701
4195
64
1
49
122
7610
156
52
378
53
1993
4171
72
6
1
3538
18
8
5889
5683
1
1786
551
33
1
3571
10484
4266
431
193
456
1171
8901
8
474
426
3859
2795
7751
89
474
222
4395
10
16
1
82
89
308
145
456
674
82
38
199
8828
529
529
78
780
2145
31
599
674
3047
257
152
110
6073
2799
12
334
1069
6
5
1144
549
3010
1896
2202
80
334
198
6215
301
978
1
3140
1
238
24
5930
456
59
314
1
18
1
1
1052
5373
84
1357
81
1
1
1
145
330
1
193
1
7912
16
109
182
1417
209
443
108
1
5301
193
9907
239
1
297
1
1086
407
4026
431
6813
131
512
783
10199
4649
85
243
10412
128
140
196
4036
134
316
805
48
1324
2683
2195
8
167
40
96
27
1
428
7228
369
92
1
10353
44
9
128
112
7720
3399
78
223
290
128
109
286
234
9918
512
122
426
443
730
1194
3
10039
1117
456
81
566
193
3556
783
117
3723
2
115
59
10384
4309
7017
529
421
20
29
95
141
886
1
84
171
426
7
16
157
1939
78
60
365
2097
10453
189
1052
5967
2376
3970
1761
8343
83
1
104
2631
1526
79
474
266
656
345
1417
744
286
1
8
297
275
70
5373
1
1610
57
257
674
3034
1
2764
344
198
253
53
529
139
100
38
3136
455
61
674
53
8909
152
3940
3020
242
81
3
223
6181
3047
88
1708
171
2186
33
4434
78
1
341
196
99
978
426
2708
115
479
1
1901
3997
193
2490
82
36
208
110
1
165
4553
188
110
84
1698
384
308
364
46
5413
8960
1417
6615
858
131
239
106
3289
8
145
139
703
1
60
3914
10548
149
1890
78
7552
3
18
204
819
8350
51
238
1417
234
466
341
5956
60
139
370
20
1
182
2040
3866
42
206
1490
1051
105
3826
474
72
1154
117
4843
178
2097
512
100
509
3246
5425
7
72
282
1
1
290
378
599
2669
209
7379
27
1
1086
3660
8
2679
224
2825
1861
2778
7744
1
158
110
1427
238
266
3761
1881
431
1069
342
1
2287
9193
12
1
216
28
3639
2300
1
3048
10305
808
341
10269
2762
4309
206
703
8951
4222
9213
1881
27
1762
239
1
252
308
589
1
40
19
1
133
575
951
2801
304
1530
318
6
1281
1
3805
156
1
26
168
1
139
8312
1
15
1078
1712
6575
49
10167
10517
110
1055
1
57
1710
42
365
493
92
816
175
51
8
123
7145
5411
1
115
3134
2679
12
87
3970
212
886
5256
201
2081
139
321
6029
70
1
456
2143
168
157
456
792
5631
12
64
456
474
22
1849
139
292
28
42
559
474
64
139
3017
2778
9613
2145
6080
82
282
1283
369
67
20
8819
1
29
266
830
1
6575
9630
6
96
52
13
2038
3222
426
237
3286
29
122
730
1
1610
791
33
1362
5077
8694
31
146
6
1
4057
699
1610
6117
549
4910
12
663
344
1022
157
1128
4910
691
2306
108
12
306
98
780
7929
703
1762
1
316
123
6977
3017
146
28
2794
28
8
6197
350
9
70
9328
239
3267
290
3844
316
2320
3546
951
5189
5373
74
49
1
33
2679
6
168
3368
1
6
125
10627
239
1
111
340
1357
157
10355
1413
139
12
1
84
431
264
193
1
474
5631
49
264
1
334
70
81
7462
128
739
5978
6610
576
2528
9802
1
2024
6
365
8108
1
5203
456
6692
118
252
238
1
3114
718
1258
4514
157
110
2116
266
81
92
60
59
3852
7277
128
9128
12
29
40
5906
89
6267
7149
60
1
89
1357
3322
3577
243
2
4494
2909
10514
981
115
1
258
4669
128
158
1552
290
324
431
1486
206
49
123
4803
110
1
78
70
7840
378
3888
1568
933
7840
19
7016
2580
3414
7441
556
1976
9437
175
2907
102
6747
328
869
1745
4698
15
687
1
6370
7618
5940
156
124
5572
101
18
242
5940
89
425
22
63
2693
1069
145
122
110
171
98
1584
1
10113
2693
780
16
1176
449
3017
1095
421
2795
9292
1932
6981
1
639
6
8951
1
4772
1
112
3767
27
31
364
7425
1202
3520
2194
744
607
1
9944
458
4089
383
378
6555
1775
96
589
1623
26
16
70
110
589
474
5912
1713
222
6250
12
16
9157
12
204
426
1538
133
128
1
91
1
5024
474
1
87
137
4039
172
1890
6
436
5272
428
167
210
6361
674
4840
1551
1609
70
196
2
3
12
237
2614
51
664
82
3136
1
1620
1293
82
84
4139
2562
1069
913
231
2399
2037
1
1
96
8306
2282
106
1
938
83
14
257
78
190
780
2116
206
294
253
1123
566
617
1
1011
196
1
944
175
2580
4514
234
99
3
8
29
699
139
1
639
3469
8695
2771
72
28
6417
70
82
5978
56
42
12
938
1
6541
1379
167
116
6092
110
1
4595
60
259
1708
509
274
4537
242
160
104
1620
146
5178
589
973
762
10
108
1
1210
1362
258
6103
3198
52
3
101
78
2143
224
6
75
32
101
822
28
27
9
1369
7657
703
34
674
10003
168
169
1534
319
692
1
453
429
98
4603
6911
108
9672
51
82
1
1486
805
4195
7667
632
95
4117
142
1552
1071
136
56
1
9933
15
10236
1
81
5727
1128
4664
1
3603
110
64
8
7768
365
4514
190
512
104
12
222
31
81
3835
24
139
1112
128
3173
156
4938
1987
204
1632
1584
122
456
2778
822
9759
81
474
64
5354
479
1
730
4803
621
340
6362
1
38
301
1
127
8
38
274
1932
78
4453
115
1
2320
238
830
1601
27
301
6
28
1045
203
2034
780
163
3383
1
196
548
466
42
202
862
74
6
53
128
193
1
143
104
4032
10519
1
1
4222
8663
198
2367
1
53
70
116
2743
735
1
4275
1271
118
59
253
6
81
34
193
9956
492
110
1
6
6210
10074
8212
3228
7388
1
157
257
133
621
1
193
1
1
10428
1
660
72
95
5634
803
2038
559
938
5458
8210
70
9956
4110
1
2282
152
159
1
350
4575
575
178
3242
744
1708
72
7016
324
89
902
4514
2025
9552
364
5742
254
8694
67
201
456
426
8
70
1799
803
2670
1
431
257
87
4292
53
2367
703
1
53
7410
10156
10
565
1
3
297
4916
57
8341
9582
1
29
201
653
112
1227
458
350
33
1
242
1512
9292
145
5769
916
160
72
1762
155
189
621
798
254
1
7669
803
174
1881
1
63
1
109
66
1
2696
4925
10453
321
1708
282
1
474
1
334
1
561
27
304
1036
193
239
26
19
698
82
27
1
1
72
7706
234
397
33
4395
108
6
798
193
1089
15
7186
7
5453
4461
9534
5427
10424
10285
589
53
81
16
978
6915
457
4473
816
3535
157
4813
56
19
70
7720
730
9965
1
314
676
5269
115
4390
830
2779
61
18
1552
102
2541
46
1
7541
36
64
81
3499
5683
59
10373
29
29
576
5489
1090
3030
1748
1194
171
155
10167
30
110
190
2789
456
7475
239
3
76
72
913
8258
40
4759
55
15
5903
5107
1
122
3860
230
409
360
6161
836
6
705
109
171
4884
3489
10493
1795
99
4367
7
1
341
493
127
239
319
91
4121
49
6107
2664
6
2222
1
297
10026
3658
258
4840
4453
258
1095
12
3660
63
674
1
887
194
369
6
297
33
3294
345
157
5590
60
31
12
297
428
4537
6693
360
115
78
1162
8010
1
38
193
6
53
175
8
252
160
6
8695
1698
674
685
6461
360
321
28
30
8374
201
1
157
1296
1
2492
6570
134
205
239
28
1
7860
131
3965
8703
84
548
198
102
3
60
46
297
551
1469
124
282
10
1486
110
10195
82
886
3910
1708
1
72
246
5123
197
403
5436
9568
4309
3894
4632
258
3283
70
1
132
1
70
369
16
96
397
137
599
252
6
70
1
128
10575
66
145
348
229
197
8688
4982
1
2907
2823
1
6896
973
157
27
4121
1
1
2489
348
1530
239
198
124
239
15
7767
1
9131
143
239
242
2776
10321
1
2456
5708
1708
6997
124
81
316
22
52
3894
9833
139
26
703
526
241
4750
59
8
95
1701
532
780
426
193
830
674
53
246
92
334
1
3223
131
70
30
1
6486
5683
38
5604
617
196
5160
3595
4620
82
74
194
1
7936
10
2528
193
155
429
3986
122
428
1708
101
6
59
2528
9426
7563
1
218
4
109
4678
55
2590
1011
297
2689
1991
70
6161
7840
149
431
5210
29
1069
171
1363
1
1
10072
1
2825
6
1
29
2580
1
308
1069
158
252
64
40
3679
4296
2530
137
780
8071
660
3118
6190
104
6382
6524
4040
2422
1069
2994
1
1
1
459
27
10191
157
2287
799
6
72
7
46
52
12
1
42
308
143
403
8385
830
42
1
685
6554
115
139
1
9213
146
193
38
1932
128
4796
60
1977
345
4189
81
53
409
12
479
3938
30
9
3
739
426
60
5845
106
112
638
199
223
638
1
115
9659
1
1
1
1249
72
2614
4363
780
744
786
1
4110
8889
1
94
182
340
242
1
238
99
105
1
316
106
258
4982
234
63
1
431
112
7
9016
8726
493
171
1
10626
234
4749
9965
2
152
5683
1
1
1095
254
380
9124
699
3427
82
2061
234
1
91
493
241
5029
70
8952
82
241
1
6
3670
2629
193
885
104
3179
238
366
98
128
110
612
15
474
125
193
33
2528
239
595
1
15
3263
426
94
7165
88
611
830
218
8190
2998
3796
53
65
319
235
1
1829
304
1881
8
6
2
803
5337
169
27
656
184
66
108
6043
3894
8104
104
30
1458
95
165
101
145
1943
735
4748
197
1
3150
2106
28
7640
6
350
548
2612
7649
1
4196
158
145
6550
282
8333
4579
456
2069
4016
115
1
3004
328
653
225
780
146
1285
115
6367
8644
314
1
6071
18
1
193
2906
290
1
22
210
1530
49
1761
55
2492
18
6
63
128
145
1829
8049
30
15
18
12
314
57
7492
1
96
6
131
3169
1787
6353
5337
60
2038
9046
474
193
4258
9963
4787
1
254
1069
266
2392
3809
182
4230
128
11
428
456
10645
466
4194
8822
88
53
84
1
1
318
1977
453
1762
5129
60
4718
1750
1
365
699
204
978
9097
27
279
6
1521
335
98
70
1
6040
282
89
145
1
1222
16
49
2085
96
735
4193
193
295
12
2248
426
10603
808
78
84
78
4619
1077
8626
1
509
1
1095
321
4035
89
46
1
95
104
792
27
257
8703
201
20
12
1
8
4639
739
110
297
198
1
52
84
676
100
28
28
174
14
167
16
6382
744
2155
204
3660
1
4038
1
234
128
242
1
1552
110
2719
595
334
3871
76
4579
128
1
146
205
81
3586
5820
8
2696
656
607
3071
1
1066
92
16
2168
474
1
7613
29
1
1
258
717
112
8419
112
365
1019
231
1
1
8819
2669
6260
3806
239
409
4977
436
37
6242
350
2264
2139
254
1
1271
182
449
36
925
7
786
59
1
239
4309
182
581
639
7751
685
2195
216
4926
9
82
1712
5359
2143
84
2
3283
96
254
3
155
428
3447
1418
8451
106
1
170
6
1
194
182
350
39
1232
94
3527
3374
3026
1
1379
141
8855
1
115
230
18
576
1
5543
443
19
1798
1357
862
1
92
1
1
474
10635
79
64
258
5634
193
5337
4579
3111
8
1955
1
194
1
38
497
1
155
110
7
6
3660
1898
149
52
1698
257
2143
7
18
18
168
3017
456
8
2035
2868
10213
3223
28
1486
38
674
3078
63
1
49
6486
157
1222
133
160
7257
70
674
5025
7245
8392
70
9926
4053
295
182
3485
241
174
328
3
334
204
1588
3186
63
104
165
82
27
193
765
84
2612
576
3277
193
6
274
1077
9368
156
193
458
2
72
9934
5951
4790
2844
65
29
328
123
182
146
56
1
6072
36
860
120
146
7360
8587
4658
8793
1
1128
456
3150
2512
259
91
203
365
403
38
84
2969
2168
9251
1186
1160
116
599
1
217
52
1
822
6
1469
2038
4267
59
206
6799
53
157
810
1400
1931
1
7751
479
6736
944
1
110
235
4
290
128
190
2194
1
1712
117
18
474
8496
6
193
808
156
141
22
206
187
9008
6
318
830
124
5484
7654
1
174
6
89
978
1280
7669
458
662
8926
156
82
115
3
2528
1
8626
193
7273
182
7462
291
1144
1417
7093
160
10539
2195
5865
2259
110
216
142
1056
1
4940
38
1
7610
198
274
1
10292
639
1
981
152
1
193
4309
699
82
3964
128
9125
7
6
64
152
426
241
9
1518
1
53
1369
218
9409
6
196
674
190
466
3811
174
3874
1708
59
4888
916
146
146
8
9956
1704
49
1
52
7492
6095
1077
1
860
8350
100
3272
239
304
6190
345
692
1687
1
304
53
1795
9373
8111
259
46
443
133
155
53
1
239
816
15
6
7190
1701
739
110
198
61
282
3091
100
1654
1194
869
6359
63
1
978
127
1
15
1
128
33
862
8556
324
234
6862
12
193
6799
10409
275
190
3289
201
5410
187
869
5615
4917
2456
6039
92
742
2140
2708
8572
6
1722
449
944
217
27
70
20
12
4342
122
39
174
51
29
1
8244
529
3580
5634
110
6070
1
4982
7640
662
479
805
536
264
53
2082
230
193
45
1
3214
1798
27
42
127
2048
1534
5493
1
780
115
581
1
5664
4776
38
1
60
1
197
53
52
297
8644
6
431
366
9802
110
5425
63
84
146
4110
115
258
1
1
1
1761
30
479
2570
123
241
216
1623
2897
157
6688
116
3723
551
458
3486
3964
47
1
278
1
168
201
5286
304
3034
27
9
304
2670
4620
1636
241
3267
599
479
497
198
575
172
1
2801
1357
78
108
642
938
52
8400
1
46
2545
925
6
1128
193
4219
1930
8
5660
474
110
96
118
7454
5953
1687
699
1
1362
4169
217
3991
318
26
2195
115
241
10539
234
239
4394
1598
193
128
786
19
1765
308
193
218
239
1
10667
8553
46
539
7070
1
1
1
2434
1
575
885
139
1
175
6590
190
3865
497
1704
1222
53
70
3847
1128
67
8
1
8909
223
744
231
1558
142
3078
157
4016
2882
1
6
3
3281
216
1
4202
1722
4
5036
9963
2456
10514
27
3367
981
426
52
82
1
24
60
730
202
27
6308
1154
99
314
6
206
703
1873
19
18
10437
360
4309
589
2422
8260
3603
1
10080
70
4171
70
1
7767
70
862
1571
30
6860
1
9319
425
10619
16
351
110
197
27
295
59
685
367
384
607
58
2172
799
13
8834
634
598
474
72
321
1
9072
5231
6
206
426
146
1052
7273
4035
1
1
128
42
674
75
100
160
2817
27
365
67
27
2195
199
8357
142
222
1645
117
146
2679
1
242
234
3798
1192
206
426
2212
99
238
558
6
2195
349
70
210
432
397
123
2024
7
33
318
1
364
951
387
234
503
47
334
1
1
15
8
344
2708
987
4698
1
59
9276
7489
9292
398
234
3808
561
1
951
101
193
1202
9228
6382
110
970
116
52
2462
7468
978
967
653
10
122
350
5099
674
4080
304
2489
4299
4730
139
197
663
100
1
9
15
3894
1
72
125
905
10453
4189
607
1069
1695
166
3627
5266
71
885
6902
127
49
474
846
59
84
9117
7
114
20
10273
124
3642
456
407
1418
1
512
10454
403
2657
136
5083
27
81
110
3538
2116
160
3010
589
252
12
1417
96
223
1301
2580
3808
9552
98
7
92
765
9820
3367
59
529
6
1
1056
308
730
739
2576
367
902
2568
5373
8206
2563
3322
1878
1861
1
1769
304
237
238
674
701
193
56
456
5243
241
589
36
7805
253
98
6859
10453
258
6
987
43
1530
96
7
2528
10108
2551
222
951
4510
104
4698
4170
82
258
152
1190
1
7535
948
63
1
239
951
4514
15
304
96
2119
780
365
1128
720
124
281
316
216
334
5752
95
860
146
6631
1
55
1
72
952
858
1
1
27
1829
3140
187
27
2528
6
2969
1
8581
378
2356
4479
4603
6677
10031
99
7
8591
3057
1
636
3866
2631
115
2184
717
3222
10
234
1
5064
31
456
3602
63
56
3622
4383
3884
8757
1
4299
1001
63
934
324
791
6025
3603
10653
118
360
115
46
157
474
238
2147
1850
967
1
1
92
206
934
3859
3620
431
205
1
12
278
139
436
1357
1077
60
1829
1730
182
231
2939
1712
2909
7327
59
218
1412
8661
431
1584
27
2697
1
529
126
8414
49
18
12
6
425
7424
2691
218
636
42
7547
4309
193
3796
15
639
110
6964
1
1931
4575
2179
134
663
3665
1
4053
242
3910
3447
49
243
4170
198
532
735
6458
1
1
12
133
3660
3257
350
497
3078
4743
133
175
142
131
5542
81
49
202
1
282
1
1
63
2401
9
104
4514
78
3910
449
1748
134
141
108
3177
108
904
4129
735
56
7501
474
3246
53
1
1
239
4233
421
1
30
110
5100
1
1504
3866
1123
218
6671
1
1798
1
159
99
4917
110
3865
3229
5309
128
2
10173
1353
318
223
124
1045
157
698
281
7383
193
6798
5270
196
239
858
5409
59
599
7720
64
33
149
52
1049
2
128
7691
1
1362
128
634
42
278
278
2568
115
4170
5506
70
479
2696
1798
1395
783
36
1469
1
13
3399
369
8350
3136
52
128
9443
4958
3075
128
1202
7454
6053
47
40
1280
6590
165
70
63
576
4140
53
63
1
194
70
389
539
127
5232
1
699
132
92
400
118
12
714
426
2306
1
403
230
1
3167
426
4085
2580
6265
57
193
338
6
8703
6027
115
238
1602
830
3173
473
457
167
4695
1
3660
6555
238
24
803
82
662
7492
1052
125
1
42
198
3527
27
157
426
981
258
70
120
108
1
978
128
3367
2580
1417
193
603
431
96
1
8447
133
1584
7741
10003
735
15
84
6
10684
6416
1
6726
139
7159
378
1
2972
1
4189
2153
431
1
1128
1
6367
2
2693
206
1430
1598
4701
9077
63
1
1
1609
738
82
9
83
2272
59
830
9545
42
6766
529
1160
1
72
9101
7840
128
5203
278
128
108
1176
42
38
117
27
2145
71
2770
118
1849
318
239
110
350
869
99
234
5024
193
5843
10305
978
1
703
4776
10456
38
157
334
149
4070
8049
4045
458
170
826
297
457
145
171
9368
16
4047
5167
8774
187
123
6486
1
18
43
642
253
194
10531
8281
1
8556
8694
4383
674
5708
1898
1458
196
2
830
4916
7017
6892
1
1
1
5294
595
961
65
15
457
239
70
1
1521
139
193
98
7029
7247
2528
1069
1
12
5664
458
1552
5585
1
457
2683
1584
334
1
124
89
319
1798
8206
80
8441
634
1414
367
458
108
2097
2264
253
3111
2795
70
246
1552
12
642
239
49
24
12
6272
5025
1
1335
6029
1
8175
9249
816
241
2601
7535
1850
1825
3975
279
38
6056
60
40
227
133
7692
5708
6224
291
833
7767
139
1
369
157
7175
663
426
47
456
9965
210
102
49
4281
1701
58
4196
275
1712
8
3
7577
7275
258
308
5843
583
217
747
3970
59
223
70
59
1043
1
1
5904
257
1
1
934
168
5599
3910
812
167
426
91
72
128
47
1798
885
110
6688
5077
1
7866
4309
318
479
2470
7653
621
7175
12
7289
3988
1
2619
51
1
324
1
316
1964
171
193
2206
254
589
238
1
53
234
6238
70
1
683
4383
67
1
1202
258
360
59
290
1176
57
799
234
115
674
8080
1
6921
7023
783
18
474
1069
350
89
157
384
174
5154
112
242
4364
1748
458
198
139
8694
33
3970
145
196
89
1
2959
479
66
112
1
1
2168
174
8306
4461
264
3277
4990
222
8353
549
660
110
15
5042
87
11
978
4354
318
84
3603
1214
101
110
1
18
1458
24
31
6
426
8553
350
114
27
7029
1
456
1798
30
674
29
223
6997
168
1
30
2257
2778
1051
223
4390
19
1
6555
101
91
95
8766
1182
65
479
10
864
52
146
8
2
81
2366
32
1017
118
59
981
1966
2455
30
5599
9
26
283
8741
193
9630
117
27
70
1
128
201
10
7273
101
2541
64
3034
1
378
421
53
5108
2285
89
1862
149
765
1829
70
66
5425
193
83
3
10312
1
509
18
783
1896
152
60
1
46
70
118
8332
699
1
5727
196
3263
1
230
110
58
282
3808
830
257
791
378
253
108
549
10393
768
242
63
345
799
744
78
941
9332
1128
2236
1
10016
10
60
282
78
1
636
6590
52
38
1
4633
1
426
378
8008
193
3738
5944
458
1128
101
297
52
2243
1047
70
1
780
49
4898
1
6416
403
169
297
3134
7
1095
55
10
116
2920
551
6885
1525
290
479
82
1423
1708
6486
223
324
7485
21
1530
1687
1484
22
33
1357
674
9228
1
51
4012
428
780
1176
216
286
10699
210
1
7189
1104
182
12
3249
38
1
40
1
7247
222
9
218
1804
1
1176
1302
208
27
308
217
2055
453
22
4110
155
4364
87
171
122
1761
98
302
36
96
196
237
9318
128
1610
474
674
1
237
12
6242
2851
4194
1
96
2545
1
429
106
4982
1
122
3796
1526
1
112
146
1
84
2825
308
42
456
127
1011
53
1
1
4529
5904
479
4640
5467
1
7029
367
61
122
2477
1
3396
533
15
168
1730
6575
28
139
575
146
6
1
1930
27
1
2497
123
4140
1880
1
826
426
4676
426
264
8374
149
206
59
46
167
456
100
56
38
3940
146
30
78
28
182
3527
4632
2179
3986
297
480
1
1
931
38
14
2853
10305
12
1
1689
1
201
70
458
83
9328
139
57
8441
9106
1
1575
918
3657
744
378
193
239
246
3644
1591
80
4249
1762
4632
92
978
2756
1
973
384
8
428
128
1861
193
4
27
474
5889
308
12
158
1
9933
436
152
291
2778
345
1698
5683
1
1713
6739
6
59
2897
46
158
318
27
426
512
106
701
241
28
118
1086
57
145
367
242
1762
108
70
163
88
128
239
1357
128
4579
4840
2795
902
798
1
1043
816
208
1484
9965
350
27
49
13
143
6
1610
92
1991
91
38
1
5683
3399
978
384
2038
1
1
304
5990
792
82
157
18
52
78
6095
1
787
978
110
783
653
92
1476
607
43
1
6416
51
2195
7
1
42
4514
20
367
3
15
7523
3453
128
53
63
195
1609
1
253
7586
7492
108
4170
7
479
10567
258
146
2264
676
85
16
282
1645
1
3859
674
904
1846
74
597
5615
1722
1141
6660
456
14
19
10542
223
5269
642
456
340
110
1077
3242
182
1477
258
2851
7888
5850
1486
529
981
1043
10660
634
816
3022
47
70
231
6
190
409
3854
1
4309
9
443
1086
360
112
53
128
9127
91
115
2590
1701
104
182
278
48
970
2087
122
2061
1
101
6
1171
735
456
70
5
3894
3062
1
4514
978
1
5659
14
100
84
201
1
6
278
2025
1086
565
18
6590
1
340
1164
254
84
2482
4790
1
36
338
344
1520
1857
318
84
1077
5110
1
1043
599
350
354
91
56
338
10185
149
65
943
7576
238
3061
258
81
822
1
1504
730
1818
140
106
216
3022
4170
53
612
44
7029
965
7410
9563
4649
1
204
539
96
89
4140
286
116
1
1
1
12
128
6029
10453
1
1036
7683
112
1716
1469
258
1713
798
27
3169
141
1
1
1
156
322
7273
201
492
1
38
950
7751
84
31
449
2206
198
6669
8819
9147
9492
27
42
5448
98
479
9517
96
2528
142
7174
5095
1
816
10453
8413
6
258
27
6
53
7286
5337
143
2282
332
457
138
4663
3399
1
1095
474
744
1
1
146
318
131
512
80
443
1
39
2612
1
5318
973
321
301
387
108
81
136
30
4167
59
8299
2568
7525
3355
3263
2299
133
239
5413
116
44
27
6
3160
152
152
242
1
431
110
9546
595
74
297
1
38
197
2048
188
612
4718
6406
6
6266
286
10478
110
110
302
1610
2
1469
887
165
1
1762
7462
2259
7485
7849
9441
2143
1704
318
8625
238
410
85
187
314
2081
44
456
1610
165
96
64
10473
1086
218
6677
8608
7840
599
22
1525
1
165
524
4035
6
182
474
674
1
16
7767
3417
3078
2090
3660
15
4840
7393
6
360
52
426
4390
4364
2254
156
58
436
2195
8905
10373
7145
1
206
1
123
190
297
2612
4390
809
653
1
28
2568
308
429
297
237
1897
5490
3884
6
6227
1
8
8944
351
5490
7927
1385
222
822
2776
3808
9402
6282
4201
7
1775
3046
82
1
5995
118
1417
64
338
30
4025
49
328
10514
96
51
235
63
1216
1654
128
338
4479
3
99
799
81
457
110
96
15
65
12
2299
1
3402
286
589
7967
3970
157
146
158
805
143
1
1194
1881
2453
6881
122
193
84
258
426
122
2489
48
4167
901
2714
3660
975
3
78
3
2236
431
2795
492
2851
44
282
127
7948
10039
7767
3379
2629
89
18
133
7492
140
26
64
3373
123
83
996
64
290
2528
1681
1568
7692
27
170
1654
252
6784
2545
1
5712
8951
1
193
133
146
133
51
805
52
9398
304
350
6398
739
1
1
6070
1829
290
238
223
3300
7147
76
146
4025
98
1
653
10
53
6784
127
431
426
3246
4069
128
3852
104
1881
1
239
2185
145
59
81
409
6
3219
6340
6435
10039
869
1190
1761
70
12
76
206
1
7492
117
82
1
603
205
1
338
108
599
426
205
1
82
316
206
9267
53
730
1584
2633
1
6498
101
342
2024
1867
126
656
202
1362
4164
197
3661
187
1
22
4002
94
39
238
2697
60
4676
81
493
5256
123
1552
8966
503
146
2425
2347
699
22
621
7
146
7239
116
118
589
128
6
38
6
235
82
243
108
279
127
64
9
858
1194
1899
187
6
157
117
621
232
739
458
28
4395
205
3857
99
253
141
96
1276
28
4285
110
83
6
319
539
304
607
4649
27
110
47
1
2287
124
20
239
33
4266
42
1
2452
334
1
8
193
239
5
241
1
921
4369
1879
3378
7658
526
4292
263
862
110
122
4012
102
981
3734
258
2143
8731
9304
128
1
132
282
302
1584
29
3661
9721
7273
12
1
5486
1043
553
182
1425
91
1
137
100
4235
242
1969
9292
65
155
143
152
1
42
243
308
157
4575
1
223
10305
8858
3842
3
2907
1
218
279
15
1357
1
9921
96
193
599
78
172
685
428
1504
1
512
2825
22
188
1095
1056
72
1
108
7016
2195
66
2844
978
1
5941
314
258
166
1466
124
533
205
8
38
885
230
38
1
308
1486
350
1
532
812
816
223
92
27
456
83
3874
139
7744
354
104
96
1141
204
8306
6925
1
12
699
7327
9446
8123
735
6393
7692
3134
304
456
85
5513
138
110
318
6486
338
1
1086
1762
51
264
822
2997
3928
612
8843
8496
198
115
99
617
83
409
30
1642
8820
1681
15
78
128
905
1
10229
7595
3808
197
193
282
676
578
808
717
201
1
7145
6
1
1
7901
163
431
2195
1476
98
3837
201
98
152
1857
114
4098
8
1862
369
98
575
683
1
1095
1
128
353
330
3246
474
26
223
31
156
282
10504
316
2542
3394
39
4364
1487
4750
1787
18
314
1112
8
7500
5195
7383
314
1369
282
2137
581
132
9004
953
1055
1
198
56
384
509
828
6154
157
5950
56
1
36
5373
2248
75
1390
638
127
455
342
166
572
55
7016
479
5584
1
3942
8326
72
146
2988
39
4840
1
456
2981
257
1
1
493
102
3603
6382
2197
81
1775
52
1
7159
1
70
1
18
9
512
6865
207
18
1077
3964
304
426
264
205
2795
7390
134
9008
7306
258
127
207
316
2
816
12
957
110
9637
479
64
133
6766
67
92
428
1069
297
6017
3263
49
1712
36
3173
4309
1681
139
1
603
1
88
7492
27
36
5525
39
115
457
335
6406
6
39
12
1090
29
208
3017
509
196
6
589
3140
84
360
96
1677
286
8
8434
39
18
6242
3071
98
1417
218
1077
49
33
1
234
152
53
4395
8
7749
12
324
4146
308
755
1695
636
38
38
8857
1077
108
60
152
3022
10637
70
314
1
8695
1
3034
82
1
3761
1
6406
6356
426
784
479
6377
8281
2143
1126
218
497
1
278
27
1
140
31
1672
443
281
1
72
4036
656
7016
3263
456
9684
66
160
1
905
2776
6389
869
1086
4649
674
322
141
29
7816
8619
426
99
449
27
1698
1
2689
253
2453
218
1
2756
28
5521
99
128
1
231
85
81
1
197
1
29
61
803
165
2646
378
2140
6696
1177
428
9122
206
207
106
8994
3489
4461
3111
2633
1
133
1
44
20
10
139
4453
12
3219
904
36
182
617
1
239
46
431
1856
805
238
29
237
8503
5318
1
42
57
16
64
230
225
539
426
1
6
78
1
7562
1
639
291
241
1
70
160
1
1117
1
223
944
830
799
1
858
145
3596
1
1222
156
865
497
18
1
3283
330
431
16
8
1417
2907
316
308
6
653
1078
16
1202
257
1
3833
160
2456
203
87
8496
122
378
493
978
1669
85
429
160
1712
6126
209
1
6366
33
1
1
96
123
20
297
6
1
78
234
88
367
4663
275
46
67
2488
96
3
378
8
1
4383
98
5460
549
4631
168
5529
9441
100
834
231
187
6726
7621
5599
230
535
9821
1
10
7749
730
273
133
1
139
3857
263
203
139
8309
335
115
110
110
8
5944
59
2679
223
334
1
19
3067
581
118
3944
18
403
18
83
7165
479
5257
193
124
4053
314
27
301
456
1995
27
38
4513
149
1712
9843
278
1
38
1610
3
1750
314
1276
2
1
78
168
474
4605
1
4932
2859
661
5903
9101
292
10511
1
133
1095
428
4473
576
27
160
6060
53
10356
1276
189
3679
2981
639
189
217
978
1712
30
325
803
49
4053
9409
94
6850
127
201
5210
108
4693
112
6831
1
1
3267
9929
2696
53
22
7751
238
15
8
944
1761
1
5425
258
193
82
5016
178
1141
10148
4148
38
6077
18
9659
6
364
559
1418
493
1486
7245
1486
1043
182
4611
7813
944
4611
3931
258
3371
699
4309
458
730
12
8105
4030
81
128
4364
1091
338
82
1
1301
6070
193
101
682
808
12
3
139
869
1808
297
869
278
29
1
685
1454
242
589
1
575
5370
217
85
10
1
2
63
238
49
9169
1
3
973
3595
275
239
456
171
123
3078
207
20
6750
8312
9563
982
7
9843
316
125
178
64
33
131
314
455
100
830
49
8949
258
8677
370
1857
109
100
60
549
2979
10453
13
59
409
1501
8948
1
146
6992
10
1031
987
96
636
10
512
7485
553
1357
10310
84
1
42
223
4072
19
125
1
7379
70
30
529
5906
8350
109
8385
474
4093
84
2778
6
31
595
282
187
104
38
94
3020
3140
3109
6036
182
3648
1960
2954
110
318
3277
1398
143
5924
799
1069
3283
703
3053
3622
952
6524
1
10517
314
146
6072
3283
607
9935
479
55
456
3665
222
319
5673
558
5126
1829
223
110
278
241
360
6721
122
1881
901
6
1681
1126
1128
1
1204
218
3558
231
8901
316
60
139
278
29
115
4649
798
1829
1
1189
1
165
1
6177
2386
28
9426
1584
2931
38
3847
83
3746
115
1
4947
128
138
124
64
134
2670
59
168
22
493
5822
51
2907
674
253
7120
3262
9821
238
131
699
1
242
1
456
765
112
7071
84
112
143
1452
89
2496
101
59
730
193
341
1128
3734
1
108
7583
5600
1
193
8
100
338
553
235
100
426
420
258
1069
29
42
26
7411
104
110
474
4840
1145
457
1320
174
5850
3179
133
2518
63
556
304
318
139
84
4185
944
816
132
258
36
4669
80
1
83
324
15
8703
118
63
674
48
92
2528
474
206
653
210
1762
6
110
1
369
426
110
4739
127
316
1195
10305
2778
1089
3603
6
28
2528
257
133
479
1
18
279
1
1
70
808
223
7403
82
318
1293
196
60
1
934
165
1738
258
205
10
3535
308
26
1
82
334
2185
3
78
321
318
31
99
72
26
1176
1
297
2143
5312
96
84
1
157
1
206
348
8
98
4882
27
104
3910
1176
2918
565
286
2614
297
830
171
2469
209
131
7
283
701
70
1052
206
104
744
7239
775
981
8409
229
81
1
64
139
157
5755
3307
234
2580
369
744
9492
6564
1
6911
16
63
8
1504
8231
452
98
2143
146
529
52
6860
205
1
3067
330
4222
3910
87
1762
589
269
2853
91
2399
6
1
1
205
607
70
231
1357
9568
663
5151
158
302
223
443
221
526
744
2580
259
916
330
7840
210
4390
47
318
1190
4725
8364
78
98
42
5924
231
1
816
944
242
27
5260
133
351
2545
1
1
18
201
3865
4840
84
8350
8745
143
83
15
182
156
1064
8
3808
4513
5071
1
456
201
885
653
1
8
282
70
70
3255
1584
407
5518
1
70
8976
70
217
80
674
7403
442
350
104
22
39
72
978
64
99
720
106
1598
72
81
1
1752
2637
57
1
238
22
2679
297
1069
84
4598
9716
744
6536
241
206
193
7175
539
6799
294
12
320
5425
4209
1
1
142
1598
1
1610
123
1
190
699
1701
5523
1095
1
674
8572
826
10035
2186
4898
171
2833
369
978
8731
1
429
1
10
10
1
512
7813
4368
242
18
674
1584
431
662
2264
455
410
257
5599
1
1
2410
106
136
27
735
5014
204
5259
503
111
768
4086
10
1486
2864
318
2
171
7493
6575
830
139
3970
92
1280
7390
2321
1
458
822
19
89
40
951
198
8403
1568
2185
334
1324
20
142
338
449
1
3311
1670
1098
231
1
100
1
10473
4309
10539
8045
3109
27
27
206
8105
70
1
1
33
38
400
3996
2160
360
699
53
55
8
1
3738
15
4034
18
241
6941
128
5820
10632
38
82
674
1959
2194
1871
632
1
84
8572
1045
194
59
2934
82
5599
59
1964
1712
318
3374
64
2853
717
157
306
202
11
3796
205
53
1
84
193
133
1857
175
81
7492
7525
9382
227
1
8464
1413
9054
8951
149
6416
12
294
53
9948
1
4537
81
7071
205
1695
6677
53
3729
6555
6323
3233
3035
8296
70
1
28
1623
174
426
71
5484
70
1750
158
1
139
2367
239
7492
152
38
493
10
64
3710
7972
431
1
128
2264
205
493
2568
36
674
682
110
975
4505
1
360
407
5126
164
290
1128
12
9228
503
2453
1
110
369
529
234
1
5853
808
6745
1
157
5739
1417
1
143
6
1154
9201
474
101
7047
1086
805
1
70
1636
6988
205
735
36
1588
100
84
1
10185
146
82
82
449
1
131
1
6071
1520
1584
559
2
1
308
143
201
1
6673
1131
360
9568
674
19
27
548
24
1248
2024
7
6
99
529
163
133
2465
458
18
1959
2
99
190
1
4033
9299
739
730
1089
2779
9710
1708
1
53
118
792
458
