406
1
1
725
1018
1153
16836
1
168
77
41
2081
3669
1
1
477
547
385
33
1
737
1079
157
1
1
296
1
1
1
1
1
1
28385
1
176
1
1
1
1
540
11
1836
1
188
196
267
1
2467
535
1
1
1
1
469
1
79
1633
1
361
2358
727
1
1
1528
1
1
87
92
1078
1
1
61
386
954
1
1
10
1
1783
1
158
2985
1476
1
1
1
303
2169
1
1
1
1889
1
1
1
789
146
172
1
1764
3861
1
182
172
1
9066
1
208
8988
1
158
434
7
1
1173
1
1
1
1
1
111
1
418
60
1
1
501
416
1
1
209
798
372
818
1
106
763
234
3145
1
1
1
215
980
1
97
12
22018
727
88
1
275
256
1
6526
505
23
111
1
300
1
1
18458
147
1
182
1
9
1
1
1
2001
1
7258
6
467
1
207
237
35
390
4729
530
1
1
1
1739
44
1
1
1
1
1
1
731
5898
1
338
1
1
247
1
1
1
1812
7329
178
108
131
566
1375
1
1
390
143
895
1
57
1
163
1
1
1
133
1
1
92
111
262
2995
412
572
2171
2081
1
1
179
44
1
682
1
17727
1575
1
1
1
201
322
148
331
978
1
1
813
1
153
1
1
1
1
430
229
1018
1643
1
1
1126
322
1
111
2136
1
153
187
152
1
16
1
1
92
592
788
163
7
581
1
100
1
7506
5981
1
220
1
1
1
26
1
1
1
160
618
1
3321
412
1178
606
9
1453
1303
2477
1
1
1
7
1
1
7
1
133
1
1
14830
1
301
606
778
1
419
1
486
97
1
92
35
1
1
56
1633
1
61
1
1
233
1641
1
828
196
439
6
1
44
433
1220
1
1
831
1
682
950
1
4574
1
2434
1506
61
1
1
1
1
805
1
4060
1
230
1
1238
974
573
1
1
233
467
1
1
18
1344
1
67
1
8071
5148
1
1
406
97
1
1
1
196
1
242
1
1
4926
1
6379
181
1
1
560
1
23908
689
301
1820
128
543
3828
21130
536
19
1
23807
1
1063
155
11
534
1
261
871
1
352
112
92
625
444
176
581
1
1
229
990
564
1666
61
1
1
1123
18
889
174
1
1
3110
1
1
641
1
1
1
1
399
139
1
10
2096
1
54
1054
1123
3299
242
534
942
1144
27541
1
1
747
1
1
12
999
132
13613
1
1
233
1
1
1
220
1
1
1
1246
182
97
1
127
275
1
303
156
201
33
1
590
1
1
1
1
559
1
1
486
1
1
1212
6262
1
1559
1
581
1
42
1
310
183
1
163
2738
796
24263
966
1
1
1
40
54
1
564
1
1
1
747
1
1
472
1
1
506
1
1
48
1
1241
132
1211
1816
667
106
23331
92
5878
48
1
1
7537
1427
232
378
1
1
1054
302
132
1
306
1266
1
1
1
1
1
1
1420
163
509
1034
3503
2578
132
1
1
1
1
1
707
771
536
1
2110
1
1126
1
1
163
72
887
35
1
1
1
1
1
1896
1
404
1
19
1
13
1736
486
103
6
20904
1
929
1896
1
1174
486
1
158
756
1
1
458
1
361
1
1
1
1
127
1
1
1
1
1
1
88
333
242
233
5029
1
514
1
1
13
1434
164
562
1
509
1565
1
42
592
1
1
163
1
807
97
1
1
4184
1
767
1
1
333
509
1575
477
1
1206
242
1
1
1
1
1
1
1
980
1
444
1
1
1
600
1
1034
9973
391
1
250
1
1
1
45
79
4403
1
477
1
334
1
1034
12
9973
986
1
986
97
1
1
229
133
1
21
1
12
40
1
625
378
153
179
1
7280
13
592
108
1
24128
1
16368
417
638
45
1
1
139
413
870
137
1043
179
42
684
1
289
27406
242
1
106
1
1
1
804
326
1
1101
1478
61
1
412
1064
12
153
282
2096
10724
127
670
915
1
1
1965
1
914
1
1
601
156
1
777
370
1
678
348
1
15919
3492
1
1492
689
1
1
895
5038
1
328
1
1
1
1
12
533
6284
346
1
927
12
240
1
417
689
6
228
73
18603
1
1
1
1
1
1
1
1201
1067
1
92
1
827
943
1
1
1
1
281
437
1
1
1
1
1
1
665
1
770
1
412
14864
1
689
1
176
1127
710
17296
1
412
1
60
4024
112
1
827
1884
1
451
231
358
290
480
1
16368
1
127
1
1
1
1815
1
1
1
1
1
1532
42
404
1
1
242
100
15535
1212
248
7
883
1
106
1
1
174
1
1
131
356
416
1863
1
1
1
12
1
1
57
1
1
1
1
1228
475
853
1
1
4126
7
2640
1
2390
1
1
1
2323
1
82
1
106
127
1
1
148
1
250
1
536
1
474
231
82
1
1019
1
111
1
4769
1
100
1
15167
68
536
1
44
16
4684
1
153
112
796
1
1
1
1
1
81
181
798
484
290
1
1
153
155
2373
1
1
1367
1
201
330
4574
1
901
1
356
174
1405
972
310
1
18
853
659
1
1
570
155
1
1
1
1
1
27582
1
8030
1
601
1
1
1
391
764
5519
1
601
472
1
1
1
12517
1
1
4949
106
1
1
1
570
1
1
26051
425
8351
214
1
2870
1
1
1
143
1
611
1
1
7022
591
69
22
1
1
1
1
525
404
1
1
6
1
1
10306
1
391
12
1
486
1
790
485
486
780
486
536
128
1
1
229
1
1
1
325
1
1
139
1
1
1
1
1
3402
1
1
7831
2539
412
3250
289
1451
1
201
1
17096
1
1
719
1
1
1
412
1
61
1
780
476
11
1
611
1616
1
1
1
1
8621
242
1
818
307
1
1388
228
176
1
11757
1
261
1
1
1474
57
183
638
1
1453
6254
1
1
15897
305
1
1
333
1
859
1
261
330
1
374
20457
1
1
1
1
1
1
1
817
1
1
4746
1796
132
638
1
1
692
476
305
1
4581
560
2841
1
1
1
131
1749
1
1
2682
1
49
1
1
509
764
1
12178
1212
248
1
285
1
1
1
1
261
376
54
1
558
18599
412
1034
1
497
1
1
1524
1
591
233
106
1
45
1
1423
533
1
1527
1
1
1
132
1
12962
4055
1
1
1
1
1
1810
1841
1
282
1
1
2170
1
1
1153
1
353
1
2121
914
26841
1
12
87
1
49
1
1
1
1
1
106
1
562
1
1692
611
348
1
1
139
1
1
1
1
1
1391
1
689
1
1
155
133
1
1
1
601
1
477
477
2427
1
1
1
1
1
1
250
1
100
100
1
1
143
1
60
386
10
73
263
1
884
1
1388
2343
798
87
106
1
254
1
1
42
889
1481
1
1123
1
1
1126
176
1
1
304
1054
57
131
211
1
1
1
972
1266
6924
412
1
6
416
592
242
4557
1
1
536
611
44
16843
1
1
1
1
308
754
1
1
1034
1
1018
1
770
1
1
19
1
4410
1
1
1
1279
1
1
1
3907
1
67
1257
1739
1
1
571
1
1
1062
1
1
1
665
6
163
1
1
1
1
115
1
1905
211
57
1
1
665
1
17356
1128
1
3086
1
458
1
1
1
5
1420
670
6
1
305
370
1
60
1
416
1
1
1
1
1168
2121
83
24735
781
1
330
149
1
1
1
1
1
228
127
377
1
1
813
20858
267
1
1
1
477
72
1
1
451
470
1
60
2533
1
79
1
1
1
1
1
68
6
1
1
1
1
1
1
1
1
1249
1
672
1260
1027
1
1
3324
3639
156
7406
1
1
1
1153
12
1
1925
1
163
1
520
480
12
1
1
1
1
325
1
216
1
1
4407
230
163
547
1
1
1
1
670
449
634
134
1
310
153
1
88
1
689
1
1
1
1
520
1
914
625
1
1
6
1
1
1
1
263
179
7
1
1
268
1
46
1
1
42
2333
1
827
1
883
1
1
2810
22
346
1
1
638
22
1148
361
1
1
1
570
1
174
24433
1
1
1443
1
164
1
303
1665
2459
46
1
12
1
1
1
1
344
1
264
1
1
1
382
455
1
1128
1
1
547
1
444
358
1
1
19818
5223
6
1
1
1
12
445
1
1
1
1
1
1
6448
1
61
308
1
895
1
338
1
1
1
1
1
506
1
132
1
1
1
1303
1
1
1
1
1
1
1
3753
1
1
1
2366
358
144
486
1
1
876
12
1
1
230
111
1
4
740
719
1443
3708
1905
111
1
1
1279
1
1
1
306
477
1279
428
1
399
625
1
1
187
250
1
1
2926
980
1
42
282
310
1217
1120
1
1
127
562
12
1
44
1
564
1
1
1
1
100
240
1
1
1
1
88
156
1
1
564
1
24650
1
1
1
1
4
1
79
1
164
1
100
264
139
1
747
1
730
358
1
4433
1
9
344
1
678
1
174
980
1843
2870
1
100
477
1273
1
1054
1
1
24867
561
176
6316
1
6
1
1352
1
1
1
1
412
7749
1
1362
1
1
353
1126
1
42
543
1660
787
1
7204
670
1805
79
1
1
1
1
1
1
285
127
1
152
1
358
472
1159
1
701
268
1
929
23756
764
307
1
378
1
1
174
1
28316
1
444
6
431
1
631
2691
1
1
1
887
19144
97
692
250
4196
895
1
1
2459
477
1
6329
20994
404
1
1
1
12
445
132
13373
174
27641
443
547
1
1237
1
155
163
404
4991
97
1
1
211
1
1
477
1
1541
152
561
1051
1273
1
1153
1
1091
581
1
72
1274
57
1
356
853
77
1
1
1
132
1
364
3752
254
1905
444
1
242
326
1
1
1
26211
1279
1
611
1
1
796
404
79
883
229
412
1
163
1
564
1
1
133
27781
1
1
1
54
1
1
1
1
1
1
1
876
1314
1
1
1
1
1
831
3121
477
305
172
1
1
1
301
1
601
2235
282
1
13895
789
1
1
1
1
1
1
1
2253
106
127
1
1
1
471
471
1123
1
1
179
302
12
1
64
2232
1
1
40
1
155
1660
1
1
1
1
306
1
1018
346
1
1355
1
306
1
12
1
1
1
1
1
1
1
1
132
600
176
1
123
1
149
1
1036
1
1
477
1
1
233
506
2477
1
1
404
302
1
1
399
211
28352
659
282
1
1
1
9260
363
390
1
1
1
1
1
1
1
163
1
1
1
472
1
1
1
1
302
1
1
1
859
97
3759
520
1
1
914
103
980
1632
1
132
49
1905
139
1
1
7768
1
428
228
486
12
2081
1
1
525
1
1
1
431
1
2225
1
1173
1
1
1
1
211
471
229
1
1
1
1
1189
659
486
1
88
1279
233
410
901
1
625
1
1
27983
1
97
1
11
477
1
21763
1
431
1
1
1
413
1
1
1
302
12
659
4472
1
1
1
1163
1
1
1
309
2136
25055
153
1
1
1
100
1
1
2917
328
1
1
88
1
377
1
1
2151
1
201
1
1
1
1
1266
5941
289
6421
54
943
1
134
128
1
1
1
1
163
1
303
23
1
1
1660
1
100
1
1
9
1
1
1
1
2521
3940
1
1
853
1
1
1266
1
1
364
72
1
12
4
1
781
1
1
1
1
1
1
40
1
477
1
1
1
1905
1288
1
1
155
1
1
1
520
1
399
1
7853
23
201
3271
4
3273
1
1
725
1
35
187
1
887
1
1
1
747
1
1
1
954
581
1
1
1
6
477
486
1
1
79
1
1
1
1
1
303
1
111
1
7364
1
1
1
1
764
96
4815
16
1
1
1
92
233
1
60
1
1
1
458
111
817
234
1704
1
1
88
21946
301
1
1005
1
376
1206
1
2729
1
24867
1
1
558
475
6
1
1
100
415
3974
1
1
1
263
285
1453
1
333
16
883
1503
1
1
1
1
1
1443
1
1
1
3148
2373
176
333
1
18667
1
1
1
3712
131
1
477
1
44
254
22091
310
486
1
228
1
1
363
813
155
1
1
2848
1
1
139
54
477
1
1
443
275
1
1
1
176
1
100
817
1
514
1
5513
399
1
1
1
333
1
444
2644
1128
659
1
1
1
23
1
1
1123
2081
417
1
1
1
229
458
1
12
179
1
1
1
1
1
391
1
6576
1
1
111
1
570
1
1
28333
1
535
1
1352
1
901
1
156
1
410
1
301
719
1328
1
1
1
817
10463
21
486
54
1
1898
1091
1
533
1
1
1
1506
1
12
1
1
1
195
111
1
6
1
412
106
1
781
307
1
1
1
625
127
1
1
281
230
228
155
250
1
49
1
474
1
1
1
22
12
1
2899
853
128
1
1
2198
417
229
363
12517
451
148
1
1
1
181
1
1
415
1034
83
1
1
425
1
17
164
11
1
1
285
6
69
303
1
485
1
1
351
1
6329
1
570
1
1
1051
475
1062
1
163
1
1
234
1
155
1
100
1
11103
12
152
1
242
308
163
1
1
1352
304
3639
1
1
428
4125
1
1
88
139
830
3752
1
1
1
1
1
18107
1051
1
980
887
187
570
1
564
1
777
289
1
1
1174
946
6
229
1
437
1
1
1120
1
1
827
1220
1
132
444
471
1
1
1
1
1880
1
1
4856
1
415
1506
14581
106
163
5
1
1
1206
1
1
127
1
1
4525
60
1
1
13
1
1
1
1124
1
1
46
1
1
242
1
1
536
558
6513
472
374
1949
166
1
1
4574
884
533
1
1
1
23
943
1
1
68
1
1
1212
1
443
1
1
1
1
1
1
2020
1018
1
1
1704
1
49
410
689
263
1
1
601
248
477
497
474
155
1249
1
818
719
308
147
1173
1
1
1
1126
1
1
1
8087
100
535
106
1062
1
4293
1
1
1
1
264
69
1
4
1
1
1
9042
1
3592
1
1
1
106
363
54
1126
1
307
1
1
1173
1
13
1
1
111
1
1
1
100
97
1
1
132
4
486
12
1
123
13379
26
1
1
1
1005
5914
1796
632
16645
1
1
1
3845
827
1
417
1
1355
1
174
1
1837
1
1
1
417
88
1
16448
44
1
6
376
547
174
1
11
1
46
1
1
1
1
1051
1
15362
88
1
1
26
415
1
1
391
692
132
1
2571
1
25798
282
725
1
520
1
1
358
410
1
1
353
1
1
358
1189
22199
796
64
1153
1
1
1890
254
1
10585
1
625
533
1228
1
1
1
303
470
1
12
1
3107
1
1
1
1
1
156
322
1
1
12
2841
100
1
796
1
1
1
12
1
1
412
1
1
1
477
1
1
1
1
1
18
471
1
536
1
1
1
137
229
233
4966
201
1
153
1
82
8261
1
1
106
1
1
138
1
1352
230
710
475
97
1
1
1
1
455
1
790
364
1
6
1
6
106
1
1
1
1
1
1818
710
104
1
1
183
2132
1665
558
166
2467
1
1
1796
1
248
452
480
412
883
1
1
1
1163
665
54
1
895
79
1
21
56
1
471
2305
1
2216
1
1
1
1
155
100
6
1
1
2081
1
1
1
1
1
220
1
1
1
1
112
1
4321
60
1
1
1
1120
1
1
370
22
1453
1
1453
1
1
242
1
1
600
1
1
417
1
1
9831
1
1
1
535
764
1
6209
1
1
455
1
364
1
1
131
333
1
302
1
1796
571
12
242
1
1
176
21230
1
1
155
106
533
1
4271
106
391
352
670
1
1
1
1
1
1257
139
1
1
2411
1
1
4
139
1905
417
1
46
131
42
1722
282
23
1
233
1
2008
1
303
27424
2854
413
1851
486
16
1
1
1
201
1
1
1
1
1034
1
1
1
1
1
1
1
1
1
1
1
727
301
138
1
789
1
187
1
1
1
404
44
770
1051
477
1949
1
385
443
1
2841
1
1
376
406
1
5846
1
106
1
1
155
412
1
92
980
1
1
1
1
1
64
1
1
1
1
1524
1
353
1
97
1
156
96
1
1
1126
13076
1
1
486
1
1
391
1126
1
1
333
1
1
4941
1
672
404
1
250
45
2305
1220
3573
1
1
3305
1
1503
1
431
1
1
1
1443
547
152
1
1
895
109
5062
267
390
1
74
1
1
174
472
1
155
88
710
1
3276
1
1
1
88
284
1
1
1
1
254
10
2841
1
1
348
303
1
1
1531
1
1890
458
230
2854
285
1
525
604
1
60
523
780
1
351
1
1
82
1
659
23552
160
54
1
174
1
1
229
54
1
1
1
543
3639
1
233
1
1
1124
1
271
1
1
477
1
1
2198
1
346
1
251
1
1
1
1153
1
1
1
1
1
1
174
1
1
412
1
1
1
1
471
155
798
1
1
1
148
1
4321
1
1
285
1
770
1
1
1
233
1
1189
344
181
1034
124
1
306
1
79
1153
670
353
600
21361
1062
1
61
1
638
1
1
1
1
1
181
352
1
6270
82
1
1
1
2233
1
591
1
1
1
1
1
22
1
1
1
1
1279
1
2216
40
1949
1
1
88
7
1
1148
1
1
1
1
1
1
1
243
1864
1
1
884
88
18735
123
201
1
361
4445
1
486
1
1
7
1
33
1
1
1
230
1126
1
1
591
592
980
88
26106
470
1
174
1352
338
201
81
1189
1
1
7370
2020
106
1
1
46
1
437
1
48
1
1
216
1
1
1
44
1
415
789
1
12
301
1
1
884
564
591
1
1163
1
1
1
1
1
23
1
1632
1
111
1
1
1
728
1
92
1
1
1
416
1
155
1212
12
1
452
3273
1
61
1
1
1
1
1124
1
352
290
1
79
1
19645
1
954
1
1
2810
1
1
132
302
1
1
303
24598
1
254
1
1
42
458
1
1
1
131
678
1
139
1
1
1
1
1
16
1
7
2439
1
1
1120
730
1034
1
1
163
356
243
302
1
1
1
1
2151
15946
1
6591
1
1085
470
1
155
445
486
310
1
470
92
1
1
1
1
412
12
1
1
600
1
1
1
1
1
1
1
6432
79
282
2158
1890
144
876
604
1
1
148
412
1
1
12
1
1
1
1
1
730
871
1351
9859
1
361
1
1
25722
301
1
659
1
1
6
210
600
883
264
9659
1
1
210
2420
458
1124
1
1
1
625
1
980
1
1
853
1
54
1
100
3639
1
1153
1
1
1
1
1
1
570
174
1
1
1
1
13
1
242
1153
1
333
1
82
634
477
1700
364
1
1
24238
1
2121
231
1
1
1
600
187
1
520
308
1
137
1
9821
1
2411
139
88
1
1
1
187
1
1
1
1
1
112
1
689
1
1
1
230
1
1
1
3358
895
19412
1
486
592
4837
214
229
562
233
665
895
523
1
1
1303
1
1
1
601
1
1
1
100
859
1
1949
348
1
87
1
418
1
12
1
1
6
1210
1
127
1051
1
1
1
817
1174
1
268
4892
42
415
1
100
6
535
1
132
1
1
1
231
163
1
1
101
1163
230
1
1
1
1
1
229
534
19339
1
1722
1
6
1
1
672
54
770
1
1
2261
230
1
358
1
220
233
701
1
2158
1
123
160
1
1
100
1721
1
1
1
1
72
914
887
1420
1
761
486
1
1
1
1
18
439
1
79
1
88
163
27074
1
477
789
1
229
15282
2736
1
1
1
1
196
187
1
40
72
1
2262
361
6
46
1
1
480
533
12
659
1
1
363
12
1
158
1
1
1
131
2854
1
104
486
1
1
1
5189
374
1
181
2378
82
2008
2390
1
1
1
2096
480
1
1
1
26
1
1
22697
404
1
139
2136
1
1
1
304
1
14523
5885
106
416
1
1
1818
1
1257
547
88
1
282
1
2305
79
1
1
876
1153
147
1
1
1128
480
1
1
547
883
1
233
303
1
101
889
1274
3928
1
1
356
1
917
1
817
1
187
506
1
11663
943
444
1
82
1
1
232
1
1
1
5655
1
1
1
308
372
523
23
1
1
884
1
1
155
1201
477
1051
638
1
701
103
1
1
132
943
205
2841
1
1
289
1
1
1
250
458
477
1
240
451
155
4
2151
1
230
818
166
1
123
416
8452
1
1
1
1
1
302
1
1
6
163
1
1
5
416
1
780
251
1
1
17780
2644
12108
1
6
132
1
1
412
391
271
1
789
2198
356
1
887
1
1
106
777
1
361
1
1
588
1
1
344
42
520
476
943
684
1051
57
1
79
153
1
61
1898
1
64
509
353
458
1
689
1
1034
139
1
907
600
153
451
155
131
1
2121
1
305
1
1
625
570
1
1
1
787
248
9157
12
1
1
670
1
230
455
248
1
1
182
231
328
1851
1
1
156
12
1
174
1
100
15246
281
1
1126
2854
1
1
1
74
290
404
112
444
1
205
2020
471
74
1
486
981
1
1
330
1
1
5223
1
4
2901
1
1
1
1
1
174
891
1
359
1279
23
391
1
1
634
1
22
22
1
1
1
60
3134
1
1
467
1120
391
275
1
2729
1
57
533
1
1
1
1
1
1
1
1
1
1
4885
1
1
139
1
1
68
1067
137
1
243
1
201
377
1890
344
1
811
92
132
23
147
1
1796
701
20076
1
2158
9791
1
1
35
1
883
1
412
382
1
1
467
1
1
132
523
228
139
1
1
1
1
1
1
1
5223
1
1
101
470
1
1
798
420
1
352
268
564
477
1
1
558
242
1
1
251
1506
1
777
1
100
1
106
1
1
484
69
1
1
1806
1
187
1
1
1
1
1
1
929
1
391
1005
728
174
1
1
1
333
1
4581
6
525
15046
425
1
1453
16761
96
1
1412
1
520
1
1
1
96
1
358
306
4833
476
88
1
187
22717
26
1120
96
1
1
127
1
1796
915
1
1
547
328
1
1
2439
1
303
264
3487
1
1
1
303
1
1
981
451
1
1
1
1
972
1
410
60
49
1
8394
1
1
2158
27150
132
370
1
11394
1
412
229
35
1
6
1
1
1
564
1
1
1660
1
781
228
163
1
25254
12
476
1
49
7973
884
82
416
1
1
1
1
1
710
1
155
1
1
267
1
601
1
1206
1
420
1
13
22293
4472
97
689
410
1
2710
1
1
1
2854
391
1
770
2378
22
1
410
10500
79
1
1
1206
106
1
1352
1796
659
1054
1
1
1
250
3752
21750
1153
1
391
14210
1
12108
42
1
19670
629
477
1
588
1
682
1
810
1
1
100
24176
1
1
1
1
1
787
24667
1
1
907
187
458
3482
1
391
11856
1
477
290
131
97
1
35
1
82
1
1
1
211
6
1
467
1
1
1
1
79
1
1
1
1
254
1
1
17
1
6
1453
1
1
1
2198
1
1
1
1
1
1
377
1
1
1
1
1
884
1
1
618
1
1
229
1
23
914
49
730
4472
254
581
827
1
678
1
5201
1
1
1
1
1453
634
26700
1
1
1
210
1
1
1
1
1
137
1
1
1
1
1
155
1
484
986
1
57
12
4744
1206
54
148
917
570
4699
1
770
891
97
5223
629
147
1120
16
1
174
1
289
5143
1123
1
205
781
1
558
625
1
1
1
1
4126
853
234
12
1
1
100
1
1
182
1
26
1
1
404
638
1
1443
289
412
290
1
92
1
4688
1
8836
1
1
1
981
1
144
1
134
1
1
1
1
210
1
23
412
1
2841
1
1
5823
2875
5748
485
1
1
352
42
1
261
163
730
1267
1
1
106
682
1949
1453
100
458
1
1
26202
133
1
11486
346
12
69
1
61
5898
174
1
1
233
1453
1
12962
1
1
8153
127
1
1174
1
1
2350
1
1
1
1
149
112
1
817
901
1
243
229
4799
477
1
1
1
3358
250
182
1
15407
1443
183
1
1
1
1905
176
1
1
16368
416
672
12
1
1
1
1
42
564
1
88
83
2169
1
1
1
547
486
242
12
533
12
1
1
1
1
1
172
1
1
1
54
1
12
1
54
1
8208
1
231
250
1
12
1905
3845
1
404
547
1279
458
155
1
629
1
1
1
205
132
1
1
211
1
1
1
22576
689
520
1
1
3752
79
1
1
1
181
163
1
172
404
1
1
1
1
13895
1
678
1
670
1
1506
486
231
581
5620
377
1
1
1
1
1
452
1054
827
1
1
40
1
233
106
1
250
1
1
5
1
1
385
1
2980
242
1
163
1
638
285
10266
15816
1051
5223
1
1
1
1
44
1
1351
1
1
534
2980
1
106
547
1916
88
1
1
16
780
1
1
346
390
1
1
1
143
11
1
1
416
306
1
1
1
1
68
1044
44
1805
1
1
306
1
46
659
1
592
1
1
1
659
1
1
1153
1
17
1
1
5
5560
477
1
132
1
796
13
1
182
35
1
128
1
1
1889
1267
1
1
391
92
106
1
12
1
3291
1
3487
798
1
1
144
1
187
770
1
390
61
470
1
727
7
1
391
1
83
562
22
164
106
1
230
1371
1
1
1
777
1
915
1541
1
1
148
10427
1
67
1
4699
710
103
74
1
181
97
1
1722
1
1
1
1
444
1
1
133
1
242
981
74
16607
1085
2216
264
1
1
1210
1
1
98
1
1
417
1
2158
1
1
1
4708
1
1
418
1
391
659
307
83
1
1
1
1
1
1
1273
1
1898
4
412
497
1
1
101
3928
543
455
143
306
1
174
1352
1
1
1
44
2198
1
1
1
17
1163
1
1
179
665
3967
1189
8683
475
267
160
1
1
1
7151
525
325
8683
1
301
477
1
1
901
1
1
163
359
1
1
1949
817
216
443
1
1
1314
1
1
8905
1
1
1
106
1
509
232
1
1
1
308
1
268
1
1
2008
1
1
727
358
12
638
1
1273
1
348
1
535
1
581
1
1
1
10213
282
1
18
1
9681
127
444
100
282
1
1
79
7
1
591
1
1
1
1
1
1
1
665
1
229
97
2571
26434
1
444
1085
1
20873
1
9203
1
914
138
1
155
23
1
536
1
3402
1
1
1
770
60
106
1
1
370
1
172
394
1174
1
231
9
1
1352
230
1
1
1
1
231
1
827
1
1
1
211
11752
710
73
1
132
1
233
148
176
2198
1
49
665
1
12
1
1
1
370
1
1
26
1
2169
1
413
1
242
1
2169
1
1
285
1
1
436
1
111
629
1
486
1
1
1
1
1200
1
106
390
289
195
344
163
6208
1
1
2841
1
2036
1220
417
181
1
484
1
853
1
1
1
7283
1
1
40
1
1
1
228
1
1
100
1
1
24293
1
780
251
1
1
1
174
1148
174
1
1
1
1
1
1124
4420
264
1
1
6435
166
1
211
1
535
1
1
1
1
1
4
1
14763
1
1
1
914
1
1
1
1
5914
564
325
561
1153
1
1
1
1
1
163
486
1051
588
271
201
1
670
1
1
1
1
1
33
1
458
1
60
250
2571
485
148
1
1067
307
82
307
1
1
1
1
132
1128
44
229
240
1
353
275
1
1
484
1443
61
1
1
15624
486
980
1
1
425
1044
1
1
1
1
303
100
152
68
689
417
166
1206
33
181
467
1
1
6157
670
352
1
1
1632
2233
1
304
26460
1
82
1
101
26
24806
1
308
1
155
5680
67
275
25135
61
54
5878
82
1
1
1
358
106
981
1
13221
183
472
391
1228
1
477
1722
1
1062
3482
1
72
2694
1
1
103
1
1
1
251
1
1
1206
183
1889
5
1
153
4321
1
1
1
201
1
243
1
1
1
100
233
6648
326
4472
26
593
591
1
25135
220
2477
1051
5038
42
1
1
710
1
377
250
477
6626
2343
1
1
417
1
6
417
23
1288
267
220
980
1
72
325
847
333
1
1
1
543
9936
891
24871
1
412
131
1
632
1
1
290
1
33
1
49
1
1
19
155
176
1
147
5223
359
2796
10202
1
112
82
364
1
1
876
1
790
1
1532
16932
727
1
777
12
534
13
1
1
1
1
1
1
1
1
1
1
1
8657
391
231
1
1
1
1
1
132
182
1
1
1
1
5223
1
1
1
96
220
1120
1362
1
242
631
8563
9382
155
1
48
60
1
1
6648
111
1
914
306
16186
477
230
1
1
477
1
1
1
229
1
1
914
54
11733
2698
281
1
665
35
895
1
591
242
391
1
1
156
330
108
1
1
6
1
1
444
1
1
64
163
303
1
1
1
20749
303
754
1
233
417
817
1085
1
1
1
1
1
12
1
1034
275
1
16
1
443
1
1
2020
1
21
1
1420
97
23
871
4767
8988
155
1
306
1
228
1
1
12
1
12
1
11181
228
474
1
211
1
1949
1
1
486
3220
229
2233
391
1
1
1
1
115
689
1
1
470
1
1
1
929
1
1
310
1
5223
1
12
149
452
139
17
1
1
351
1453
6505
290
9
1
1
163
1
3997
1
443
2198
1
1
1
112
174
67
1
198
64
4799
163
1
1
1
12
1
174
2036
1
1
275
601
1
561
1997
5457
132
558
174
132
600
131
2980
17179
147
5223
1
3482
1
1
4941
764
1
895
1
638
564
1
370
1
525
4941
9722
26790
1
1
106
486
127
1257
1
12
1
174
1
1
632
1
1
534
523
420
97
1
35
250
42
1
1
1
1424
363
242
1
1
100
2020
1
2477
1
174
1
290
1
634
1128
88
412
1034
443
1
1153
570
1
46
325
1
1
1
325
417
304
1
182
665
1
1
891
1
1
1
49
1
1
254
16117
16241
1
719
1
1
376
1
1
811
1279
1722
520
149
9256
61
412
79
477
2233
1
1
1
1
348
1
176
7044
777
692
344
82
1206
1
848
24100
1237
1
310
701
1
23
88
1
1
1
1
1
576
1
133
81
1
158
131
1
1
1
1
1
477
1034
2198
1
1532
1034
263
68
1
1
48
35
1
1
1532
100
1
6162
1
1722
1
1
153
1
21933
1
1
1
1
1
1
1
1
216
811
1
12
12
106
45
112
416
1
907
88
123
20521
100
1
2305
6314
106
1
1
4472
284
1
229
1
593
1085
1
133
631
1
68
1
79
1
1
7
754
1
132
1
1
600
83
1174
290
486
4767
263
5537
1
372
1
1124
5334
306
1
476
1
216
211
1
1
1
1
449
439
1
2198
1
201
1
60
444
1
1
1
535
472
1
35
1
3752
467
49
108
1
163
304
33
1
1
1
310
1
7265
54
1
1
1
88
8022
793
1
1
1
1
1
1
470
12
1
1
1
1
1
61
399
1
1
417
1
1
1
520
308
1
1
4
604
1044
6402
1
600
980
131
1
1
79
451
1
1
12
1
6
5560
1174
1
1
100
399
415
100
174
2096
1
1
787
415
1
1
1
3291
1
1
710
9765
390
7115
817
1
1
4976
2710
1
1
28366
1
1
1
1
148
458
443
1
1
233
562
48
64
1
535
1531
1
1
1
1
67
946
2261
1
7
1
26
946
1898
6124
214
18962
1896
1
1
1
11933
692
1
1
1
1
629
917
17159
3639
678
891
1
248
2629
1
214
128
106
1
1
1
1
1
1453
1
6435
1153
1
271
28366
472
1
761
1
412
4699
306
564
242
2439
1
178
1
754
1
1
477
1
1
1
1120
325
1
570
1
1
1
406
1
1
12
777
1
1
155
82
16858
1
1
6
1
3928
889
455
1
941
1
35
1260
1
6239
1
576
1153
1
1
1
220
4400
1
5
533
1
1
1
79
124
4892
1
2235
796
1
1
1
770
44
946
35
234
476
3669
48
1
21138
98
1
827
1279
1
3321
1
108
412
1
1
1
1673
747
1
1174
44
370
1
562
1
1
1
1
183
1
1
1
12
1
1
455
1
1
174
1
155
8061
11
1
1012
155
1
163
1
353
1
7
1051
1
1
100
629
163
1
6
1
19
158
100
1722
1
1
1362
8683
1
604
1453
72
5878
64
412
4837
153
9551
1
810
2729
1
1
1
2939
127
1
391
1
1905
4611
13
1
11461
385
4
5223
1
1
1
106
12408
174
1
1
817
282
1
1
1
216
74
1
108
1
1
1
123
1
1
155
1
634
1
1
174
1
455
1
132
1
1
1
1
390
1
859
1
632
1
358
5941
1
2494
1128
328
1
1
827
1
1
1
1
1
439
106
261
250
3641
12207
289
1
243
54
326
1
1
1
1
1
1
1
1
12
1
1
64
1
1
83
601
1
310
101
344
1
1362
198
1722
1
1
1
1
5633
1898
60
1
147
12
358
10204
73
1
267
44
163
1
943
174
1
1
1
439
133
1
20838
6
11241
12
394
558
1
914
1
1
689
1
198
20873
377
1
420
1
497
986
455
264
1
1
452
289
1
229
2096
547
1
1
271
1
7551
1
1
1
176
242
719
374
725
1
1
1
1163
1
1
1
1153
21
1
1274
11
1
233
1
1
3264
1
1
1237
534
1
153
754
1
2411
425
1153
1
1
420
1
817
1
106
1
1
326
1
1
1
1
12
796
4184
1
290
9353
16
747
282
6208
155
1
326
1
1
472
106
1
497
26
1
1
1890
11
520
83
1
611
7537
1
153
1
1
1034
12
1
1
1
1
1
1
133
1
1
45
1805
1
326
1
5198
1
230
1
54
1
672
1
1
883
1
1120
10214
88
1201
1
1
981
7930
1
1
1
1
710
417
97
1
1
1
13
163
1
1
485
1
1898
1
417
152
1
308
1
174
1
564
1
1
54
4126
943
1893
1
1532
328
23948
943
1
1
155
163
562
1
1
789
1
361
1
789
1
139
7
1
1
1
914
523
1
1
12
817
1
1
1
1
79
1
1
1
1
1
1
1
181
1
1
941
1632
309
1
2307
304
1
1
83
61
281
914
16779
1
6
1
132
132
470
6317
1
1
271
4
1
301
6316
149
1
12
1
1
777
476
60
1
1
588
112
242
326
467
817
444
1
684
1034
13606
220
1
174
1
1
2151
1
1
475
267
659
980
1
243
399
6
1
131
1
187
1
455
1
1
1
1
1153
1
1
1
1266
356
1
1
719
1
88
344
242
1
1355
1
570
115
477
1
5223
1
1
1
1
1
351
1
12
1
1
155
310
44
12
1
74
1
44
1
12071
1
1
558
1
1
1
1
12
1
1
1
181
1
1
12
2233
4708
12
1212
22606
467
451
232
10585
449
19
325
1
1
445
1076
1
1
2136
106
155
2261
817
351
1
811
17
1
359
1
1
5620
2571
54
634
1
1
6041
1
23947
376
1
1
132
330
64
1
1
1
2020
1
1
1
134
152
477
1
137
1279
172
2644
1
1
785
1
1
1
719
781
12
242
6
6435
1217
1
1210
889
103
980
81
348
887
1
1
35
174
264
425
710
1210
1
1
22
1
1
1
1
1
358
1
377
378
1
1
1
1
1
1
97
1
1355
1
1
11
1
1
1
1
1
417
187
176
477
1153
1
1
1
1206
1
1
48
1
917
242
1
391
798
1
1
1
1
1
1
74
5198
100
1
248
2640
1
1
1
1
103
1
305
486
229
13
304
1
1
1
1
4245
1
1189
1
1
96
16
1
1
352
308
1
853
1352
139
1
233
391
49
250
289
1
6041
672
1
1
1
112
1
96
810
16
163
11788
1
1
564
1
1
284
1
1
417
18
1
35
1
1
1
1159
477
1
1237
1
1
5
1
980
131
1
1
1
1
4976
1
304
103
1
1
97
1
412
230
48
1
1
1
4974
1
1
144
1
155
520
1
14316
5334
174
301
475
770
16
3482
1
2081
370
1
44
1210
1
201
112
1
1
1
1
133
629
1
24867
391
3802
5620
1
1
1
1893
566
22
1120
1
376
155
174
1
6091
543
1036
61
1
796
1
1018
1062
1
689
1
1
1
149
1
8715
1
1
1
1
1532
1
1
1
1
1
12
1
1
1
678
1
9885
16813
1
390
285
57
307
1
477
82
12
187
1
1
1
228
1
1
306
325
1
472
1159
1
1
382
5
1201
1
425
1
1
1
1
1
2343
201
1
1
1
404
3517
497
12
1
1
1
40
1
1
1
593
1420
1
1
412
370
444
412
1
2854
1
1
1
1
307
1
1
1
1
1
228
1
1
344
351
1
14594
1
1
1
689
163
378
6
1
1
891
1
1
74
477
1
6
391
1
100
1
827
1
1
1
1
444
477
1388
1532
1880
485
12
1
1
306
1
1266
535
1
1
1
1
1
1
1279
1120
1805
10463
1
1
12
1
303
1
618
1128
1
1
115
689
576
174
1
378
1
195
1
1051
588
1
21
1
1
303
1201
1
1085
1
1132
233
1
7
1
174
1
2710
1
1
420
160
290
678
2854
1
26
385
1
1
1
289
68
14420
1
40
147
6
678
17082
1
1
1
1
1
106
1
1
2216
533
5513
1
1
1
1
1
1
361
1
21120
325
1
15826
326
1
719
1044
106
4
1
472
1
1
486
5038
4
6682
1
1
248
1
254
1
727
23
155
1
6
1
670
1
1
1
1
1
789
54
57
103
42
1
351
220
1
148
87
1
4611
1
11856
301
1
45
201
1
24241
1
250
1
155
7406
536
139
2644
1
1
1
1034
106
97
1
1
2136
97
1
1
163
24735
412
1
4245
183
1034
1
18
1126
1
1
131
1210
1
1
1
79
1
6
4574
139
672
4089
1
1
364
1
100
231
1
1062
818
160
6347
1
1
377
1362
1
1
1
8562
1
174
73
153
472
98
1
363
1
1
12
1
1
1
1
1
1034
1
106
543
1
1
4574
514
4941
153
1
1303
1
1721
986
485
665
1
1
412
1
1905
520
229
377
1044
81
152
28020
196
420
1
1
1
13
1
1
139
1
96
1
301
1
1
1
1
1
4126
1
1
1
15282
40
1
1
6
306
1
1
19838
17534
391
254
1
183
1
1
1163
1443
477
42
1
148
1
2198
1
1
1
35
547
1805
1
678
1
230
12
301
12
4799
42
1
57
1163
101
1
1
1
1
2136
390
1
451
1
303
4
1
1
631
1916
2629
1
61
1
25607
23
234
1
883
1
1
1
156
132
1
96
271
12
1
40
290
1210
101
1
174
7
547
2198
2841
1453
1
96
1
1
220
710
101
302
1
1
2870
42
148
1
1
24128
1
895
10
477
1
201
1123
404
1
303
1
100
1
1
1
220
1
1
1
1
1
174
1
1632
12
1
310
139
2302
131
1
1
60
682
1541
134
1
811
980
770
1
304
16
1
1
139
1
1
163
1
884
570
1
73
1
35
1
1
2980
1
242
155
417
1
131
64
1
1805
1
1201
2121
144
1
1
1
1
514
1
310
547
1
536
391
285
1
1201
2644
182
1
1
18
1
1
793
777
1
1
131
7
164
2307
88
1
420
1
5513
82
525
1
443
60
285
1
443
148
21167
1
1
1532
54
1
6
417
770
601
1
1
1
1
1
634
1
1
1124
6449
1
1
131
1
1
68
2036
1541
210
1
82
88
1
1420
1
1
12
520
88
1
1
1
1
1
770
1864
1
1
1
410
1
1
1
1
1
1
506
1
981
1
1
475
1
1
17
1
348
1
631
1704
810
21112
1279
2411
629
281
1
385
1
523
1
1
6209
4557
391
486
9
1
326
1
1036
195
477
3592
1893
1
240
1
1
1905
1
1
443
455
1
26
1
730
1
1210
1
1
1
348
1
1
12
1
1
451
1
109
57
1
914
1
1
1
132
1
164
390
3482
97
1034
1
306
79
1
3291
382
361
1
1
1
1
1120
9041
1
155
1
1
1453
9509
777
1
1
1
112
1
143
12
240
1
1
12429
1805
26
1
155
242
12
103
785
26506
1
7126
232
346
11
1
282
6190
536
163
98
1
416
112
79
2136
79
1
1
174
1
1
444
1
1
100
1
1
2841
1
201
54
1
1
254
12
1
1
4809
1
303
1
1249
1
289
7
33
719
285
1
1
1
1
1
1
1
1743
132
1
740
88
428
348
1
1
412
444
1
1
1
477
1
303
1
1
60
1
576
263
111
13563
425
1
634
1
1
330
1
1
1
1
12
1
18369
18
980
229
1
1
1
781
289
284
97
1
416
1
57
1
1
533
1
1
1
1
1
1
275
417
1
1
1
1
1
1
147
1
359
1
1
233
131
1
1
303
1
1
1
15515
1
1
1
1
172
1
1
2986
1
1
943
1
2870
284
1
228
156
1
444
1
1
174
1
1
13
1
1
1
1
2980
16
1
727
1
420
1
564
106
451
1
1
1
1
1
72
2390
1
1
1
1
5620
1997
100
4126
1
181
1
60
174
1
1
1
10603
1
302
325
111
328
1
1
1541
352
1
220
725
289
1
1
1085
40
338
1
1
139
1
455
12
1
163
1
1
96
60
1
1
391
1
12
1
1
1
533
543
1279
1
1
153
101
1
561
61
1
972
254
88
1
1
740
82
1
282
1012
1
178
346
1
1
233
139
242
156
13194
1
1036
351
12
12517
1
1
23356
543
27278
1
1
6
1
35
1896
1
785
3871
1
1
670
1
1
1
1
1
682
1
1
1
1
1
1
770
629
1
1
1355
520
1
1
1
1174
123
1153
128
155
1
19670
914
1
813
108
1
156
1126
5748
1
1
1
1
1796
1
631
3273
4104
370
12
451
1
914
1
1
2986
445
353
1
16448
11603
100
1355
303
1
1
361
391
1
132
1
88
1
12
1
1
1
322
1
1
1
1
164
26434
1
1
1
853
23863
1
1
9041
1
1
1163
82
1
1
1
44
104
1
1
1
1
684
88
439
670
303
187
1153
1
181
1
1
1
477
1
1
2158
1
1279
2020
5201
1
1
533
1
1
727
232
1051
1
437
428
917
1
1128
1085
4
1
6041
2198
57
1851
301
1
1
581
155
1
13558
11682
1
1
139
4184
5735
534
1
1
689
334
2736
289
929
97
231
1210
1
181
1
1
92
413
358
1
307
413
1602
1
6836
19
1
1
1815
1
1
1388
1
1
322
60
391
1
2198
147
163
1
1
1
1
1
54
1
884
1
1
103
2841
1
18
1
106
1
1153
2729
1
781
2261
1
1
770
689
1
1153
1
1
1
1
1
1
1
1
174
1
325
1
1
1
73
303
1
1
14193
181
1
1
1
1
391
5710
306
1
1
271
1
455
1
12
1
570
163
81
581
68
4
1
176
1
484
82
1
1
242
61
1
9357
1
2629
1
576
1
1
1
764
1
1
3862
12517
1
391
562
1
88
1
1
818
254
1
2467
87
1
363
60
1
2151
1
1
7312
394
1
1
523
1
1210
250
1
2477
1
1
1
1
6473
1
1
285
1
514
155
1
1
134
943
61
228
1
1
17342
764
1
1
1
1
67
1
1
1
97
163
60
18956
251
1
328
1
1174
1
1
1905
1
60
1
1
361
46
1
348
1
1
1
1632
1
361
103
404
1
1
477
1
1
1
1
1
1
2939
11
301
1
1
1279
35
1034
1
535
1
1
183
6794
1851
1
12
234
285
1
412
42
1
1
1
1
23403
1
106
1
144
1
1
1
1
1
486
1
1
1
289
1
160
1453
1
4746
1
571
21
1
364
770
1
1
155
1
907
1
325
2096
1
232
1
82
472
174
1
1
1
1
1
1
1805
1
2198
1
5563
49
1
1
1
486
1
1
60
1
1
57
172
346
1
1067
1
1
1388
139
1
303
1062
895
1
1
1
2158
1
101
302
1
9
1
1
358
929
15197
5223
306
1
73
5560
1
443
1
1
1
97
1
267
1
1
1534
12
1153
467
1
884
216
322
325
23481
1
859
127
1
1
73
1
1
1
301
1
1
358
1034
1
1
1
1
267
1
1
1
13
42
770
659
242
166
155
289
1
42
42
6648
1
1
12
1
1
1
1
1
1
1352
1
1034
11030
1
306
1
139
2854
472
12756
1
163
1
1
5824
1
547
1
174
1
1
12
1
543
2411
1
3273
1
229
232
1
1
42
1
153
980
158
67
486
1
1
980
1212
12
1
1163
1
1
1
231
1
1
390
6
1
1
1
308
1
1
523
1
57
1
1351
60
132
3487
1978
1
1
1
1
106
1
484
60
1
1
46
1
289
210
3273
3240
9973
73
1
570
33
1
444
106
1
240
883
1
64
2390
1
305
1
798
1
1
289
1
234
1
3997
1
1
1126
486
1
1
174
9357
1
21210
1
1
364
17
827
1
883
22
452
474
1
1503
1
1
1
455
81
1
420
1
42
1
8557
417
1
1
1
1
1
1
761
1
1
233
1
1
1
1
1
1
547
1
1
1
391
412
1
1
230
281
254
410
1
348
1
139
1
232
1
9256
15230
220
3264
3487
1
1
14594
1
770
49
164
69
1
143
5
1266
689
1
1034
174
1
514
1
1
35
827
1062
410
250
827
876
1
289
390
386
2390
1
777
1
1
12
7757
160
813
1
229
2198
1
5201
13677
1
770
1
1
275
391
131
363
1
210
1
1
176
1
1
781
1
917
1
1352
1
1905
1
1
477
282
6
88
174
796
981
1
220
1
1
132
981
682
40
1
581
79
1
1
946
1
1
230
1
1
5038
1
13677
486
1
1
2096
1
1
1
523
1
2790
214
1
1
263
69
356
352
155
980
79
813
3482
1
195
1
174
1
1
689
1
4574
444
155
536
1
1
1532
1
139
35
6
1
547
670
1
1
1
1
1
1
156
1
576
9
1
228
412
914
2121
1
1
1
358
1153
46
1
156
155
155
638
1
1
1
97
1453
592
42
1
1
8039
282
1
111
1
325
9091
1
1085
9936
1
1
12
1541
6
1534
581
10256
1
1
486
8683
571
1
1
946
155
92
1
1
404
1
1
1
1
1
2233
444
1
1
701
1206
1
884
2290
1
5736
1
1126
394
1
1
18669
1
1
1
1
5736
1
12
6190
1
914
1
1034
174
901
3402
1
282
16046
946
477
1
264
60
174
11391
891
1
1
895
54
1
1
1
4574
1
1
7
1
1
4196
1
8800
187
310
1
1
1
1
948
301
5198
2736
268
1
477
1
439
1
391
133
6
231
16
410
1
391
1
1352
1
27986
1
1
4196
777
486
1
1
391
1
1805
452
1
1
48
1
1
785
198
251
242
929
1
1
1
1
1
149
9345
1
139
18737
20708
1
728
1
1
581
2020
6
444
74
883
390
593
1210
1
536
1
1
390
477
600
1
1
1
1
143
79
1
692
1
1
1091
625
92
1
1
525
1949
1
1
1
7
22
1
1
390
1
1
1
891
1
1893
770
1126
4496
1
353
92
1
268
818
6510
1
413
33
152
11
1897
1
1
216
1
10429
106
187
1
1
1
6
1
1
1
1
1
1
1
1
59
1
176
764
163
1257
1806
1
231
1
1
1890
33
520
1
1
1
1
378
566
148
64
26360
1
4
24176
60
310
1
344
243
1
1
46
1
12
155
1
377
79
1
917
9885
929
1
470
1237
1
1
233
1
1
106
725
3321
1
1
97
1
104
1
6
1
418
1
166
1212
2081
1
127
1
18
1
1
250
477
1
1153
1815
1
1
1
18669
1722
1
1
12
1
1
1
1
1
21969
1
1
12969
1
1
230
1
793
1
1
1
5262
1
1
1
220
980
1
1279
7204
895
1249
153
16518
242
231
310
1
665
1
1
1
604
1
1
242
1
1
1
1424
1
1
1532
201
431
929
536
692
1
523
1
123
5941
437
1
243
7930
1
10
1
9
229
1
472
3276
1
634
137
1
138
390
1
2434
325
160
1
348
1
303
242
1
591
1
1
5198
1128
1
174
1
1
1388
385
485
9
1
6274
1
1
1
1
1
264
1
1
1
4472
301
77
307
1898
1
1
1
601
1
1
1
1
1
325
133
4321
1
187
1
1
1
787
1
1
1091
1
211
883
1
1
23
1660
1
344
895
1
1091
1
1
216
1
1
1
106
12
5513
1
477
234
12
1
1279
1210
46
535
304
9256
665
1
72
282
333
1
56
1237
35
6591
404
1
1660
1
1
35
1
1
1
138
1
477
358
72
100
1
2233
1
659
1
344
1
486
1
1
6329
261
181
1
1
1
1
1
370
1
1067
1
625
391
818
692
1
15535
1
1
155
72
1
1
547
1
486
40
302
1
1355
35
1
1
1
1
1163
1
1
871
1
986
1
471
1237
16
1
413
1
1
1
1279
1
827
352
1541
1
11
1
443
100
564
1
1
1
305
901
1220
5655
88
1
1
88
1
5292
182
2020
220
361
132
1
153
1
132
1
13
98
1
1
830
1
1
1
1
163
1
4
56
64
3240
1124
1279
88
1
520
710
35
1
1
1
1
9256
45
144
1
1
1
1
348
178
1
1
719
250
914
1
1
2390
1
1314
201
1
106
665
2841
1
1
1
1
1
1
1
79
198
1
1
137
1
1
1
1
49
1721
234
9
243
325
1
1
1
1
523
3871
1
2939
123
124
793
1
100
2198
472
1
1
1034
1
1
275
980
1
1
361
1
1
1
1
439
1
1352
82
777
1
1
1
201
1085
1
1
980
152
497
1
132
474
176
214
1
1
1
385
20878
413
92
1602
14994
1
810
1
1
780
1352
1
1
7514
148
4574
1
1
632
160
229
1
1044
1
710
374
18700
1044
133
1
417
132
4974
895
160
761
12
1
289
1
306
261
1
1
1
665
308
306
28061
1
72
172
1
477
1148
12
348
1
497
267
1
1
370
1
230
344
1
35
1
88
543
187
1
1
1
777
1
1
230
1
1
88
1
1
111
72
1
1
1
1
1
370
1314
5563
1
134
1
764
1
92
88
571
111
1
1
1
1
1
1
1
7
155
9
1
1
1
88
1
1
561
1
1
1
1
15282
98
1889
1
14139
477
1
1
1
1
1
5257
6794
1
24142
1
1
1
1
1153
1
601
12
1
1
149
1
1
1
282
1
231
1
1
1
1
1
137
4126
1
570
536
1
876
2020
561
1
1351
588
1
1
1
61
1
9353
338
1
176
322
1
163
1
1
1034
4973
12
2096
1
1
1
49
160
181
929
1
1
710
1
1
155
143
1
980
2411
108
88
417
57
1
1
1
1
28071
1
1
1
6738
1
1
88
14236
104
1
1
3845
49
1
1
1
1
1
412
2439
100
543
9495
1
1
137
1
4574
160
6
390
634
139
348
1
1
1
1
1
1
558
601
458
254
497
1503
198
1
1
1
4
591
12
1
980
1
1
1
307
1
2644
1
1
18
1
1
1
562
1
1
1
16355
1
1
1
1
79
1
1
2694
4976
100
884
1388
2467
558
1
1
1
412
1
11216
1
1
23
1174
1
1
5724
1
1
23
1
1
1
1
1
1174
1
1
4557
1
876
884
282
1
144
1
22
1
497
1
413
139
1
1124
187
798
1
534
3845
310
172
1
391
1
10
1
1
1
9225
160
242
6591
1
1420
356
289
1
417
790
1
728
1
477
242
558
4
35
1
18962
6
1
1
1153
1
1
49
16583
242
1
7312
1120
1
370
1
417
25481
399
334
1
1
1
69
1
1
254
21975
980
1
606
17
1
1
770
1
4
1
1
1
1660
416
817
183
3928
20101
1
1
1
1
1
1
33
1
1
1
1420
1
848
523
1
1
1
1
1
2459
1
472
2136
4346
333
1
24832
334
42
57
353
56
5
9
980
111
15573
914
1
477
100
1
12
48
1
27939
1
1
1
1
1
1
455
1
1
1
472
1
10727
818
1
1
1
181
183
1
1
1
376
1
1
895
1
1
1
230
1
1
1
1
26
1
2390
1
4055
1
163
1
571
1
1
1
1
1
40
96
1
1
391
1
1
4472
13677
592
35
477
1
17727
1
6274
1
201
5292
1
1
1
1
1
1
1
35
1
1201
1
4941
68
1
1
1
1582
211
1
6
629
1
1
374
16248
11
2169
1503
1
1
1
1
250
1
67
100
155
1
827
155
1044
1
1
1
444
48
981
5724
404
1
1
472
376
1
467
943
547
1
1
1
486
1
1
1
1279
475
361
458
155
1
1
101
1
1
155
1
310
12
61
1
1
163
1
385
1
1
248
1
3273
1
14827
334
1
1
1
1805
1
1
267
1
351
1
1
42
5
1
1
115
1173
1
790
477
148
23156
1
1
917
1
1
13
61
4611
23
470
1
1
1
1704
1
1
285
1
6
1
1
22
1
1
309
240
1
1
334
1
3928
2307
1
1
1
1
1
1453
10
1
601
1
64
1279
61
1
1
1
1
1
21
1
1
12
1
1
1
451
431
7248
2169
416
1
1
1132
638
1
1
7204
4
1
1
525
509
1279
1
1
634
1
547
6091
12320
21197
106
1506
1123
1
1
1
1
251
13814
476
214
1
1
1
1
100
4321
1
1
1
558
1
1851
391
1
44
4271
1
1
1
1
1
25593
1
1
232
148
17
33
338
1
1
1
1
97
1
1
1
1
1
1
1
780
1851
1
1
1
1
1
1
2790
1
1
1
1
115
22
205
1
1
486
1
1
1
137
1
27554
1
42
1
303
796
1
1
390
1
1
155
1
1
547
1201
9042
486
24553
1
1
1
1
1
1
1
1
59
1044
477
1
97
1
9256
1
251
1210
231
1
1
1
163
670
485
1
60
134
638
1
1722
536
1
4126
1
1
1
1
356
1
21740
201
1
231
817
1
1
486
588
1
181
1
133
1
23
183
1
428
1
149
1
1
18705
1
1
4
6
1722
1
5878
22004
1
358
1
1
1
1210
1206
1
1
1
1
1
6500
1
486
1
1
1
1
1
1
9042
1120
382
1
12
883
358
1
611
1201
570
1
1
1
19918
1
1
13
1
2710
310
443
1
1
1
289
1
1
271
1352
1
144
8976
1
1034
163
1
17534
1
4245
1
1
139
201
470
1
1
1
254
1
108
45
10301
361
458
97
98
1
1
1
1
127
1
137
827
176
3802
547
330
1
1
83
285
1
1
9
1
1
1
1
7
1
1
18
1
1
1
1
1
1
444
24680
1
629
5
1
3669
1
730
591
12
4126
1
412
23
2629
1
471
364
1
79
303
1
303
1
205
1
2198
1
689
1
1
282
1
1
1
1
1
485
1
1
1
1
678
60
1
1
853
1
230
54
1
798
1
100
1
394
1
417
1
853
2926
2439
12
1
210
139
348
477
1
377
139
486
5560
134
1
3862
1
1274
310
1
363
1
1
1
307
351
147
1
514
1
1
1
5836
1
1
92
1051
1
42
1
1128
12602
914
391
1
310
14080
216
72
4
1
134
1
64
23863
1
1
49
1
101
1
1
1
770
692
770
1609
16448
1
1
5223
289
1
1
322
12
376
730
1
1
1
1
1
13
477
1
1
1
1
363
638
148
6650
305
1
444
61
11544
1
1
1
1
1
1
1
1
1
1
399
250
7015
1
2081
420
1
100
139
2262
82
96
325
1034
28397
1
1
1
1
1
1
1
1
12
1
54
1
1
2216
1
250
1
229
1
1
1
1044
1
1
1
1896
417
4
1
390
1
1
1
1
670
1
1
137
1
1
976
176
271
477
1
1
1
725
267
132
1
1
4472
1
485
1
1034
1
1
1
303
3482
420
281
282
1
1
385
1
455
1
1
1
309
2854
1
1
132
358
26999
356
1
88
374
1
1
1
1443
1
915
49
1
61
1
1
1
1851
1
3997
1
1
1257
12
1
1
1
1
1
1
884
1
480
12
1
1
1
417
1898
164
132
1
1
4472
1949
153
251
780
1
1
884
1
1
2477
1
1
46
304
182
1
133
1
1
1
1
1503
625
1
1
2198
187
179
710
1
1
1
1898
46
883
352
1
1
1
439
1
12
1
326
16
1
1
1806
242
2198
1
1044
304
520
1
1
1
1
230
1
1
1
231
1
593
1
6526
1
1
1
1
1
1
2694
1722
54
3862
333
1
1
1
6190
196
444
1
1
1
1
8496
1
261
4793
1
1
148
601
60
1
761
798
404
593
21167
1237
1
69
1
1
1
73
134
378
1
1
1
1
18896
1
9
153
54
275
25481
1
264
1
56
1
92
1
506
1
601
13994
12
376
1
1
1
1
333
101
1
1
547
54
11706
35
929
11246
1
1
1
1
1
1541
1
1
847
344
1
1
155
9
1
1
1034
100
789
1
1
4
509
1
54
477
361
1
1
385
1
1
474
1
1
111
1
710
12930
1
370
1
1
533
16
9408
1
2233
132
263
1
1153
719
1
520
1
437
1
5038
929
1
1
372
1
1
1
174
476
1
100
21464
304
1
1
5792
132
1
1
747
471
1
1
131
1
1443
1
73
1
254
1
1
79
271
1
1
629
1
391
1
1
87
1
1
1
377
506
1
100
59
325
1
1
1
754
1
106
15117
1210
4044
659
289
4293
1
12
12
1
1
8921
629
68
1034
1
1
1
1
1
1
3708
1
1
301
153
1
5633
284
1
1
6
3639
1
42
1
74
1
40
1
1267
1
1
790
69
11541
1
205
1
1
163
101
3487
6
439
1128
1
1
1
1
3273
1
23
790
5792
1
12
1796
1
1
1
21186
929
1
12416
571
233
1
100
333
4976
1
1206
138
35
1
547
2302
830
4
358
2396
2810
1
1
304
1163
431
830
1
1388
1
1
46
1
1
1
2158
23329
172
284
1
1
271
6738
638
5223
1
1
216
229
1
1
1
60
348
1
7204
11
416
25788
284
1
1
1
1
205
2467
1
18844
16448
21890
346
780
470
1
1
1
306
1
1
1
230
1
1
1
1
1
859
506
1
1
1
1
1
1
1
1
174
980
230
3482
79
1
1
1
1
1
943
1
471
309
1
2939
1
2796
1
785
789
2198
1212
1
1
378
12
4590
1
1
444
710
1
3482
1
156
1
1
1
638
1
1
1
770
1
1
68
1
352
1
6274
54
358
1
1
12
1
600
1
1
1
884
1
17
1
895
1
980
1
1
497
1
18
1
1
54
1
363
1
1
305
59
325
1
1506
1
1
77
1
27957
1
111
1
79
1
1
1
1
1
1
1
1
1
1
486
789
325
1
210
1
242
793
914
1
1
470
133
13
139
547
1
1
1
1034
601
689
1
6
1
1
60
1
1
1173
477
1
1
1
1
818
1
35
267
1
1
1
1
1
12
139
1898
678
1
5038
40
325
60
356
1
12
139
1
181
1
306
1
1
625
289
793
325
1
1163
1
439
12
251
1
1
818
1201
1
458
325
250
1
1
1
1
4941
358
536
1124
1
1
1
1
12
592
1
2198
1
1
2036
1266
13894
1124
1
1
361
174
289
306
1
5724
980
1
889
289
1
174
358
486
2198
1
1
1
1
1
1
155
139
1
264
1
813
1
96
1
1
1388
895
14947
1
410
1
100
1
1
1091
1206
1
285
2198
1
67
1
1
451
588
1
176
1
1
1
1
1
1
231
1
1174
1
22
284
1
234
2378
23154
1044
4126
1
1
176
1
2736
4574
1
1
1328
2790
1805
1
1
1
104
1
123
139
228
100
1
1
1
813
1
811
172
1
477
1
1
11
1
131
96
1
1
1
254
1
1
9042
115
1
1
444
220
1
1
68
68
42
1
1
377
376
3669
1
5223
1
1
514
88
1890
1
1
60
124
1163
17753
2903
100
1
420
12802
1
1062
1
2294
1
1
1
16
220
1054
1
303
1
1
1
486
6500
6091
1
25931
443
1
1
6592
20209
1
1
827
356
486
88
1
2434
1051
1
600
604
1
1
1
2390
131
1
1
1
1806
60
1
1
9722
1
634
12601
593
1
534
1
571
417
160
1
486
604
1
1
1
1
1
1
1
1
1
1
16
558
1
1279
1
558
1
1
562
1
290
777
187
308
100
1
1
1
229
54
1
377
1
1
604
1
1
382
1
1
14874
1
2216
1
1
60
325
1
1
1
1
818
1
1034
625
155
2343
310
1
163
1
1
96
1
1
1
1
420
1228
131
1
1
1
10809
1
1
1
562
1
44
525
1949
1
147
1
3871
123
302
1
163
143
1
12
1
1
1
1
1
108
251
452
242
1
1
1
1
1
282
452
1
1
1
1
1
1
1
719
4126
876
88
1
234
12
24689
132
18056
1
1
301
183
1
458
35
1
131
4557
1
1
1
1
1
1
10559
1
1
137
1
1
1
1
328
1
1
35
520
242
18
42
1
1
884
406
155
1
1
1796
1
946
1
21120
77
358
1
1
1
1
2611
1
1
1
1237
1
8105
793
1044
1
3862
1
1
415
2980
155
1
132
1
1
6
1
1
353
174
425
289
1
1
1
2081
1
1
1
1
1
1
1
214
1
914
57
56
1
1
2980
23
1
21
1
2198
1034
1
1
322
1036
4941
1
1
1
412
1
68
1
1
1
413
242
1257
42
261
1805
4
410
1
1
1
12
1
1
1
1
1
210
777
179
1
1
1
1
44
1237
1
1
1051
216
81
310
817
1
1
303
325
1
1
351
1
1
1
1
1
1288
2694
1
6738
2008
1
761
1
1
449
106
1
1
1
44
1
4
948
351
13
108
1
2644
386
1
44
1
1
1
1
1
1
231
1
9384
205
1531
1201
1
1
1
1851
914
2729
1
1
1091
1
390
533
1412
1
234
889
730
1
428
1609
139
124
250
5793
901
301
1
486
1
172
14665
1034
486
1
564
1
1
417
443
1
1
60
1
155
5223
787
361
1
1
901
948
1
486
1
128
634
917
1
1
1
1
1
817
49
144
201
1
12
1
54
2020
485
431
439
1
1
1210
1
1
10472
1
1
1
1
1
1
946
56
943
1
1
1
1
1
1
1
1
149
1
889
1
798
1
1
1051
394
1
710
1
251
678
1
234
564
115
547
148
1
12
205
1212
12
1
1
1
1
13089
1
404
230
148
1412
1
1
127
980
216
1
391
19
172
163
1
1
2980
234
127
87
229
176
1
719
1
1
25056
1
1
4
391
1388
106
1
1
1
1
216
240
425
6
1
285
103
889
137
1
242
73
486
887
27845
73
1
4709
1
8983
1
1
1
1
1
42
3240
303
1
1
1
678
509
497
1
103
12
1
1
777
1
20039
1
1
143
391
1
5
303
21
261
1
1
1
100
231
914
980
179
485
588
1
1
5560
1
629
1
1
1
1
2796
1
163
1
160
9
581
1
13
2939
230
1
348
1
484
1
914
174
1
1362
1
476
1721
1
1
980
1896
1
1
1
17
61
536
97
1
1
1
1541
1
6347
684
659
234
74
1005
1
1
571
13286
1
1
1
1
1
1
133
1
728
2729
1
1
4126
261
1
134
377
4976
1
334
201
160
1
1
1
1
1
1
443
1
1
413
1
1
254
1
1
1
9091
1
1541
54
1
1267
1
1
1
333
618
377
1
220
1805
42
22576
100
1
811
1
1
591
1
789
1
166
6
1
817
15429
1
275
1889
133
178
1796
2158
1
1
452
883
1
254
562
470
45
1
106
1
356
1
1
1153
302
1
187
1
233
1
60
1
19252
1632
1
1
1
1
1266
1
1
304
1
1
1
5633
376
4
1
1
1
1
1
137
5792
914
1
514
907
1
1
1
1
106
1
943
134
1
1
1
1
790
1
1
1
1
1
1
281
1
1
1
1
106
449
60
35
1
1
17
44
1
1721
1210
907
391
302
101
1
1
1
592
1
980
1660
1
12
12
1
1
474
485
67
1
1174
344
1
629
1
1
328
1
64
21698
1
306
1
1
111
13
1
1
1
810
1
1
629
242
1
1
2439
1
25699
1
16
1
289
719
1
981
35
1
7406
486
1
1
128
1
211
304
12
1
1
361
15515
16217
1
1
1
1
625
710
1503
1
1
2736
484
1
1
887
1
417
19171
781
100
1
1054
1
290
1
1
1
1237
1163
1
1
1
1
1
1148
431
1
1
42
1420
1
1
1
131
1
895
1
69
137
2926
467
147
1
2216
1
1
1328
1
458
88
1
1
1
1949
1212
1
1
950
1
1541
1
455
470
477
155
1
1
372
22271
1288
1
242
3291
124
1
764
1
1
1
231
1
1
1
4
2434
1
1
284
353
412
15686
289
1
689
230
2640
1
1
1
155
1
1
536
1
284
1
263
92
1
1
1
1
1
798
106
1
364
1
1
1
1
108
5537
310
770
61
1
420
1
12
1
111
33
754
1
1
1
1
1
1
1
1
1
1034
1
1
356
980
101
153
1
1
535
1
1
1
1
1
1
13618
1
1
1
914
710
35
250
48
2307
1
444
1
581
830
1
1
1
88
72
1
12
115
1076
1
747
1805
10
12855
1
1
1
81
1
6473
282
163
3871
374
346
813
40
2710
452
149
4
82
1
1704
1
486
1
1
3264
98
889
1
1
13
147
1
1
1
1
3240
562
18
1
1
1
1286
1420
1
88
1034
1
35
1
88
1
2467
1
1163
412
1
1
211
2261
1453
458
231
1
1
137
1
1
950
12
1805
1
474
1
1
1
1
1
160
1
1
1
1
1257
344
6
344
1905
1
391
1
1
1
2841
1
49
1
1
1
476
1
9973
1
1
1220
131
1
132
1
472
1
1
1
17
133
106
1
67
1
9
363
1
64
1
1
100
444
1
1
267
187
1
1
106
1
571
174
1
1
79
1217
1
449
1
134
1
4
18379
1
108
1266
887
1
1
1
1
672
12
1
1
1805
1
45
1
1
4406
1
2169
1
1
1
4089
1
670
1
1
301
1
1
1
88
1
1
5822
33
6
1
35
1
16
1
793
13457
1153
1
781
174
1
1
385
1
1
1
477
1
525
1
1
155
1
486
1
1
1
155
601
889
1
561
1
1
68
1
370
377
1
817
289
132
1
1503
54
1
1
187
261
929
1
1
412
1
719
811
275
1
1
895
1420
884
1
1
14056
1
4552
231
35
1
611
1
1
60
12
60
4089
1
415
1
1
1201
81
1
428
8557
1
1
1
1
8195
1085
785
818
980
88
689
1
1
1
12
601
21
11682
1
153
68
152
1
1
458
155
1044
827
12
1532
14901
42
231
1257
1
9042
1
232
1
2629
26788
477
187
3680
431
1
1
6924
12
3730
1
1
1
1
486
710
1
1
1
547
5201
472
232
629
1
97
1
1
139
477
1
417
163
352
1
410
1
57
9403
1
1
1
18
5285
1
943
172
1
1
1
476
1
1
1541
1
1
13457
1
61
1120
232
1
1
777
18537
591
1
281
333
303
11
946
1
1
1
1
420
242
16761
1
1
1
4799
1
1
471
1266
3669
1
106
480
810
1
12
1898
2169
88
1
1
4
1
1
1
13
1
139
181
128
412
250
17
576
176
163
326
425
813
1
1
477
4
1
1
1
1
1
1722
571
385
781
1
1
1
1
485
1
1
144
149
1
174
358
19057
777
1
1
12
1
1
377
4892
69
1
1
13
670
1
1
201
1352
1
73
1
1126
1
1
1
281
174
1
156
2081
42
1
1
1
1
49
3482
229
1
1
1
1
827
1
1
1
4837
1
1
1
1
1
1
233
1062
8208
378
1
12
248
83
785
1
1
1
1
406
14457
174
26752
372
45
1
477
1
475
263
1
1
9619
18621
410
1
386
1
1
282
1
88
1
1
326
1
444
413
153
659
1
308
1
914
1
10
61
391
242
83
1
22
148
155
1
417
497
1
33
1
1
1
1
1
187
1
1
1
1
16
98
1
348
1
281
1
1
1
1
1
1
60
1
1
334
59
370
4
330
410
1
1
155
1
16124
4346
12034
21074
2459
376
1
1
100
1
9821
1
3487
1
391
308
1
60
1
1
1
68
79
1
943
1
234
1660
1
42
1
310
1
1
214
4126
1
1
1
1
2640
1
1
2411
1
77
1
139
1
229
97
330
1
111
1
592
250
15164
1
1898
1
818
1
24801
1
1
692
1
1
1
1
1
1153
1
1
67
3802
187
1
1
133
1
1
1
1
1
1
399
1
1
391
1443
19670
1420
2980
1
100
727
1
1
1128
2169
11528
581
4
1
148
1
1
4
1
1
181
123
83
1
1
1
1
1
6
1
1
1
1
1
770
1
520
1153
570
1443
27375
1
1153
17
1
525
23
1
1173
1
1
1
1
1905
73
155
1
282
1
100
1
98
23
1
1
2136
1
1
1
1
929
1
5655
1
1
1
1
1
1
1
1
231
1
1
470
187
306
1
1
1
793
1
106
1
1
81
11195
981
1
1
174
1
9181
155
2494
1051
976
1
1
455
1051
1
1
1
1
109
1
1
1
884
1388
1
285
1
57
754
1
69
1
523
1
1
356
1898
1
1
1
35
1
22544
1
242
1
148
1
166
1
394
106
486
233
1
1
1
69
12
242
1
1034
1189
1
1
1
230
59
1
2736
390
1
378
1
1
1
1
96
1
789
1
399
1085
1
230
2629
12
1
1
1
2307
600
1
1
1
425
1905
1
1
1
1
132
1
1
1
1352
891
943
4
12
1
1
406
155
46
1
3639
101
1
1
830
1420
747
1
1
1
1
1
1
4557
1
6
895
1
3802
8890
4574
1
1
242
1
1
1
472
2216
391
570
2796
1
307
417
618
2790
163
1412
3487
23
1
798
1
2036
1
358
1
1
100
1
1
1
18
1
35
1212
44
61
1
12
1
27817
1
1
1
1
670
1
57
155
1
44
1
1
68
1
1
1
164
1
139
535
3321
458
13
176
83
1
1
2427
2467
1
1
1
1
1388
1
1
1424
1
96
1898
68
2736
100
2411
1
1
390
6
28112
13
309
378
6
1
425
4973
7256
1
1
1
131
6
1
1
1
1
1
1
831
1
1
929
506
229
1796
7514
670
302
1
1
497
1
1
307
15452
1
308
2262
948
307
1128
108
817
1
1
3273
562
1
1
1051
1
69
174
181
431
1
359
827
1
1
406
853
160
1
1
811
535
5557
358
2611
1
470
1
1
282
1
261
1
106
1
1
1
143
1864
1
1
1
1
229
281
1
1
174
3273
781
472
1
1
4699
178
437
1
198
1532
139
1
106
1
798
520
7508
1
853
1
1
2198
1
1997
1
2521
4892
112
601
1
139
1
325
417
334
3041
1
4
1
1
1
1
1
326
81
1012
1
1
1
1
1
848
1
1018
1
1
754
1
1
44
289
1
1
943
871
1
1
1
174
181
4346
1534
793
1
6
1
1
1132
111
1
1
64
1
1
1120
1279
1
1128
417
477
1
2198
1
980
1
1
1
64
1
1220
1
1
1
214
1
1
1
1851
1
1
176
1
1
764
1
302
1
1
1
1174
770
61
394
1
79
1
547
631
1
1
377
1237
1
1
305
2439
164
1
1
1
1
1
1
1
5029
44
19
914
439
1
1
22790
740
2198
1
1
1
19
1
1
1
92
1
363
1
740
1352
412
8567
1
472
1
1148
4793
1
1
1
24449
1
1
1
2796
23385
163
306
1
2434
562
1
1
7406
1
391
484
6
1
1
5457
3076
1
24100
243
1
1
16674
325
472
1
1
72
4
1
1
1
305
2411
106
1
3802
2980
634
1
1
179
592
1
1
211
1
1044
497
1
1889
1
1
399
818
1
1034
692
100
1
1
1
1
139
1
1
49
156
1
1
472
1
1
1
1
133
143
1
74
12602
796
12
233
1
672
1
1
6592
6
128
887
1
3639
1
1
1
11663
2729
271
1279
417
1
196
1
1
1
374
187
525
1
1
1
1
1
7
1
1
1
49
1
1201
1
535
132
2790
701
1
455
1
1
98
1
229
4104
133
1
54
980
1
4184
1532
104
1
1
83
1
1
132
1
754
1
79
1
1
6316
101
1
325
1
6
1
1
1
305
77
1
1168
1
1
1
1
710
1
163
1
97
1062
2286
2644
1
358
1
1
1
1
604
155
1
4126
48
458
670
901
7757
1
1
883
1
106
1
1
7329
1
5457
1
155
1
1
817
692
1
183
547
44
1
1
1
79
1
285
1
1
346
4
1
1
1
1124
149
1
1
1722
4472
49
1279
1
1
562
1120
1
308
10704
1
155
15680
747
100
535
1
1
301
12
214
1
131
139
1
1
1
1
1
1
1
1352
1
1
1
12
346
1
533
302
1
1
1
1
147
1
871
100
27702
1
54
1
1
11
391
310
12287
1
7
143
1
1
1
1
1
475
143
139
761
1
2020
1
417
954
1
480
1
1
1
144
1
1
1
13589
1
1
1
444
1
986
1
1
282
1
1443
1
1
3752
1
1
1
1
1
1
1
23185
1
1
12
11
79
6738
443
1
1
1
678
1
1
133
19
45
817
26307
1
174
20283
106
1
12071
1
1
1
23947
1
54
1
163
79
2986
1
391
451
1
790
793
289
12802
1
980
9619
443
229
1153
436
1
13
201
348
1
155
1
13258
306
1352
1
1
5038
183
106
1
1
231
1
1
728
4699
10831
1237
1
980
1898
231
7940
710
1
1
4346
391
106
914
1237
1132
1
1
1
1796
1
6526
1
1
777
2439
1
378
561
97
181
44
251
1
1
68
1
1388
1
1
326
1
1
467
59
1
1
1
682
781
1
4403
486
1
35
1506
4346
1
1
348
100
1153
1
1
1
451
2729
1
477
290
1
104
106
143
1
1
1
1
1
1
2796
412
325
1
7940
1
1
1
1
1085
1
1
9
443
1
1
307
233
2198
475
887
1
1
436
1
79
1
1
470
1044
2439
1
1
100
1
132
1
183
172
1
1
115
827
404
1
1
830
201
6
1
1
413
1
1
1120
1
1
1
1
201
391
1
1
1
9
670
7
211
35
1
382
1
1
8650
242
1
1120
201
1
4133
6526
1
60
1
106
1
1
470
2020
13949
137
1
980
1
907
1
1
1
12
1
1
1
455
1
1
12
1
1
1
588
1
7
1
1
1120
155
100
242
391
1
1
1
8904
1
1
761
1
210
1
1054
60
155
248
1
1
1
334
1
1
1
2081
1
155
1
1
1
1
1
471
156
1
1
1148
2081
1
547
1
1
1
2307
625
1
1
1
1
1
16
289
1
9010
1
4219
1018
79
12
242
1
254
82
1
593
1
796
21
1
24049
1
166
1
1266
1
4104
88
980
1
147
412
61
271
1
1632
1
12
1
4941
2494
1
17411
81
106
155
164
243
1
1
946
1
1266
1
412
458
1
1
1893
1851
1
240
1
378
12099
1
6
67
4767
14907
124
1
1
21975
793
1
49
1
1
1
1
5724
1
1
1
353
1
242
672
1
1
1
19
1424
25737
1
1
917
1
1
2841
1
359
1
156
1
1
108
326
907
1
811
61
1
11
8867
1
659
6435
1
1
100
470
2411
3639
1
1
1506
1
1
1
1
106
1
1
981
914
44
6523
19187
13
1
2158
1
1
1412
1
1
467
1
2233
12
1660
183
60
533
1
1
1
789
1
68
49
201
20347
1
263
21394
810
1
1
12
101
1
1
1
11261
163
96
1
6494
1
1
1
946
1890
1
263
1
1044
1
1
182
155
60
1
1
1
1
1
1
1889
1
1
87
174
827
1126
406
1
412
1
14344
60
21
234
781
302
1
1
1
133
96
1
1
3862
1128
251
486
153
1
214
1
2790
1
1
1
1
1673
1
325
601
390
20715
1
6
27278
1
1
96
1034
4196
1
5
79
1
412
3487
1
16761
1
131
1
399
486
6924
42
793
132
1
179
303
1
980
917
13088
1880
1
486
325
1
2136
1796
853
3487
1168
1
1
6
1
1
591
929
1
1
914
725
290
1
1
305
391
1
1
884
477
1
201
1
285
1
57
2477
174
1
1
1
1
3321
1
124
1
1
1
1
1
1
172
725
1
390
444
1
322
1424
56
1
1453
1
1
1212
1
9973
1352
1
1
1
2350
564
1
1864
523
1
1
60
4892
1
1
353
79
1
2261
793
665
564
106
1
1
1249
174
1
4976
40
139
1
476
1
60
818
1
106
72
1210
1
5513
1
4
1
1
1
79
35
1
1
21950
1
444
92
1
290
1126
3845
352
229
12
1
82
787
391
2136
1
533
1
471
471
1
195
1602
1
1
1
160
1
9973
1
96
404
1
1
5
149
16
428
1
1206
1
1
3482
1
303
14830
415
1
68
1
1
13189
444
1
57
42
304
216
1
12
1
470
1
853
1
390
514
172
444
232
12
27807
127
1
1
1
4590
14056
1
17
1
1
1
1
1
1
1
1541
1067
6
220
1
390
1896
1
1
1412
946
147
358
1
1
1
60
100
263
148
210
156
1
1
9973
1
1
144
1
449
1
659
477
2790
1
1
69
3928
536
533
1
143
1
980
1
1
1
1
3708
1120
1
3273
143
1
588
1
54
980
148
1
486
1328
1
250
1
1034
1
1
1
1
1
727
1
166
561
290
1
1
1
1
49
1
391
907
547
1
12
1
1
1
1
1
1
1
4974
326
1
1123
1
1
61
477
1
1
7537
1
1
132
1
848
1
22004
1
1
1
1
1
1
601
1
27986
1
12
1541
1
289
1153
477
386
5633
1
629
54
1
972
1
10704
301
4
1
472
1
143
509
1
1
254
1
1
378
250
3802
1
25253
1
1
101
1
5223
1
1
67
781
1
415
1
230
106
1
1
536
1
1
1
1
106
1
18
229
1
1
282
1
8496
1
827
1034
689
174
187
35
1
44
1
1
1266
1
361
1
1
1
410
1
1
1
1
1
1
1
12602
100
229
11
1
19250
1
1
1
5223
1
1532
1
1
1
21373
1
57
25135
1
12
1352
472
1124
127
798
23299
1
1
1
1
1
210
57
1
348
7329
523
1051
364
1
216
1
1
570
1
10289
82
1
770
1352
352
1
1
1
1
1
72
1
155
1
1
692
1
1044
476
1
1
1
183
1541
3845
1
443
486
1
174
1
1
827
124
54
399
1
54
183
1
477
1
378
1
1257
1051
1
458
1
1
1893
60
1
1036
1
1
5223
1
1
1
60
144
1091
1051
143
163
1
5792
486
781
1228
1
1
25790
7
1
1
1
1
6592
629
1123
1
1
1120
1
73
137
1
303
901
73
3708
1
1
229
1
352
372
1249
23
4
449
229
754
1
42
497
7387
61
290
1
1
547
689
391
378
69
452
69
1
1
187
1
1
1420
1
1174
1034
310
1
1
44
471
290
497
304
9091
412
6014
1
49
378
1
57
1
17348
1
231
1
81
131
1
12
243
1
1
1
88
328
1
3639
1
781
1
1
216
127
425
1
2136
948
1
88
415
1
12
1
4126
1
1818
123
1
1
22186
83
176
1
23
1
1
1
201
1
240
1632
377
6
1
1
1
10289
1
1
477
1
172
1
5748
1
372
100
305
486
416
1
356
1
1
282
1
1
1
1200
1
1
670
1
7204
1
486
1
1
1
1
13341
1660
23
1
13089
1174
1
785
1
1
394
1
201
19226
1
275
1
111
128
1355
198
3928
1120
486
1
1
1
1
4658
111
176
1
1
1420
2198
10638
1
155
201
1
174
1
1
1
486
306
358
4688
35
1722
1
601
1
11
16
547
1
793
49
1
1220
415
12
4767
1
1
1
1034
1
1
1
4574
443
285
740
333
155
1
1
1
1
1
334
611
1189
127
1034
1
100
24916
1
12
1
1
21
1
1
352
1
1
22764
290
23
1
11
17841
1
1
1
4
445
1
476
1
284
144
123
1
1
5198
1
1
1
60
3264
476
884
1
394
1
305
1
1
134
1
1
1210
1
1
611
172
1
535
59
306
1
4769
229
1
1
82
220
108
1
730
21730
740
1
1
163
1148
670
111
10809
588
13771
1
1
1
1864
17984
1
1
486
1
770
49
1044
3482
338
1
1034
1
1
155
1
306
12
61
1362
60
853
17159
1
2841
444
1
1
391
1
14830
730
88
96
172
1
106
1
16
5792
1
399
1
1
412
1
187
1
1
139
1
261
1
160
74
1
1
1036
416
1
1148
87
1
1
309
22073
1
391
181
148
1
44
123
1889
413
1
1044
242
730
5560
254
1
132
1
229
439
361
10809
4
172
1
1
1
1
6
1
230
1
1
1
1
1
1
1
6500
1
1673
242
1
506
96
152
1
79
895
1
74
564
1
1
1257
20940
1
1
2198
601
361
127
233
205
1168
243
1
181
1
13089
391
1
100
1
1
1
1
770
1
581
1
201
127
1
1
54
1
1
6091
2644
26
1
1
59
1
1
770
7436
1
27497
1
1
455
1
370
1
1
1
601
1
17
4
88
250
1
790
914
1
1632
334
497
1
6
5038
638
1
216
1453
1
42
1
1210
5457
1
10463
5201
980
525
1
1279
1
1
678
1443
155
1
1
220
234
92
1
1
155
166
155
1
106
1
5125
1503
853
740
1
1
1
267
980
1
1
160
1
251
10
148
1
1
1
229
1153
72
1
1
455
1
2261
1
1
1
7
1
1
1
1
309
1
780
1067
1
980
1
18
1
88
386
1
1
214
1
132
303
1
1
15826
1
214
1
581
211
1
443
1
1805
281
980
1
24867
1815
1
1
848
12
1
689
4941
889
242
74
115
1
1
98
1273
1
404
1
1
853
346
1
1660
1
1
588
1054
1
1
1
254
1
11
49
82
1054
1
233
1
23077
1
477
231
1
1
285
15260
16
229
42
1
1
399
2096
1
764
523
97
876
214
160
1120
1
417
106
1
15535
787
1
358
2434
12
1
49
1
1
147
764
16
22999
1
310
1
2151
914
17492
361
1
5201
1
581
1
21975
1
1
1352
61
1
1085
1
3273
436
1
2459
497
1
1
211
61
1
250
1
796
520
1
284
1
1
1
1
264
477
2796
11735
49
2810
1
1
1
1
174
1
625
1
1
1
1
6316
1
12
406
330
5736
5743
1
747
980
692
1
344
112
155
1453
1
1
13
1
1
1
44
7
1
1
1
156
1
160
1132
1
7
1
1
1
60
328
1
1
1
1
16
1
1
6388
261
111
486
7406
88
1
672
49
1
139
1
250
49
181
1
1
1
1
1
672
1
1
1
710
2136
23057
477
1
1228
1
1
1120
127
1
4126
420
1722
1
1
1
571
485
1266
948
2901
4400
1
1
1
593
1
303
5198
131
5257
1
914
2198
1
1
1
211
251
1
1
2262
1
1
787
1
689
115
12
361
1
1
747
1
1
1
1
1
172
1
689
665
1
1
604
1
1
100
1
1
6794
1
35
1
1
1
1126
1
486
1
4
1721
6329
4
92
1
334
35
777
1
1
1
1
275
1
1
1722
1
1
480
1
1
1
798
131
356
1
1
1352
1
404
946
1
232
1
333
1
1
486
1
611
1
428
591
486
88
1
1
1
1
1
1
525
5201
1
214
1443
428
2343
1
1
308
108
1
56
1
1
1
233
1
79
211
1
1
404
83
1
1
1
570
11
6
1
1
155
1
1
1
1362
1
1
1
385
1126
88
1
1
1
1
561
1
980
2411
148
1
176
1
847
1
12
1
1
895
1
1
1
23729
1
13189
7514
6
1
1153
25884
25977
439
1
1
12
1
1
181
1
1132
264
1
425
1
134
1
1
1
179
391
1
378
160
1
2169
1
1
509
793
1
131
6
948
1
1
1
40
1
148
1
887
1
1
263
1
1
1
1
1
261
7
1
1
1
1
390
1
1
1864
1
1
1362
1
1
1
4104
558
35
1
19715
351
2611
6329
1
57
1
1128
1
1034
48
412
359
131
1
181
876
1
127
64
45
1
1
564
4590
4472
1
1163
74
1
1
533
100
1
443
895
1815
1
160
303
1
1
1660
1
1
1
1815
2262
231
35
1
124
420
361
859
1
1120
1
6
9
8105
1
22
1
1
901
19846
4293
1
1
127
290
547
100
123
1
231
1279
1
1
100
1
1
543
210
216
399
1
2136
346
346
201
1
143
895
2729
79
1
1
1
6
1
818
1
1
3264
1
231
1
1
1018
155
1
1
1
54
6
242
449
1
767
1
672
1
1
1
1
1
1
1
1
417
310
3264
1
1
780
1
719
1
8683
1
346
470
101
1
391
3928
1
1
813
1
1
160
81
3076
1
44
1
1
106
887
1
1
1
35
1
210
361
187
1
1
25374
1201
2158
1
1
1352
306
1
1
147
1
1
88
306
8744
42
1
96
6190
1
16124
1
176
44
1
1
1
1
1450
570
12
1
777
543
1
6091
5223
1153
1673
2096
1
1
1
10
1
1
54
1266
42
1
2036
523
11
1
444
147
1
1
1
471
9157
946
1
1
1
163
480
1
46
187
1
895
1
1120
2136
377
810
73
1
1
1
1
1
15282
21
1
12602
1
1
1
17
1
155
1
1
1
1
229
1
5292
3264
163
798
1
410
1
1
848
22
1
1163
12
290
72
477
1818
1
88
929
4885
1
1
1
11
351
692
1
1120
139
444
139
1
1
1
1
1
1
1
376
1
1
1
659
1
3482
1
106
155
1
486
9
1
1890
174
1091
1
261
1
1
444
1
1
178
83
16761
1
701
1
1
692
564
1
901
1
1
325
35
35
1
1
1
61
719
1
1
1
1
1
229
412
1
2611
1
88
22
12
391
475
54
281
148
1
92
48
1189
35
1126
1
1
810
3240
1
1
1
410
147
5792
1
1
1
1
1
1
476
1153
1
1
1
1
1
1314
847
1
1
1
1
1085
1
1
353
1
1
1
1267
1
1
1
14133
322
1
1
132
97
1036
2710
205
1
444
1
1
1
1
1
1
629
11
1
1453
1
525
1
477
1
1
980
77
248
1
901
1
149
1
22873
3639
1
2434
1
5334
1
1
1
284
1
290
1
1
486
1
1
1
1
1
1163
412
1
1
1
1
1
1
1
1
1
1
1
1
1
1
3134
678
1
153
451
1
1
1
1
1036
2233
234
1
163
1
1124
267
19
410
484
390
2790
1
1
1
764
282
1
1352
1
1
1
1062
1
2020
420
1
1220
92
1
181
156
1
593
1288
1
1206
1
13390
1
1
1
1
27954
1
11933
187
1
1
284
205
12
1
1
210
172
229
1
600
230
88
1
592
1
1
1
1
1
1
1
477
242
361
73
1279
1
1
2343
761
811
2008
477
88
1
1
363
1
304
1
1
174
1
1532
562
1
1
1
12178
1
82
1
3264
97
1
26
1
1
1
1
254
22
132
1
1
948
632
1
1124
231
1
1
5223
54
1532
4124
370
1
1
1
251
1
1
1
1
1
1
1
1
2121
727
1
1
1
376
1
1
770
1
1
21
474
1
303
134
3928
303
1
1
1
1
20858
59
242
3802
533
1
1036
271
264
1
1
1
4126
670
1
417
1632
101
1
10809
533
139
1
1
451
1453
1
1
1
1
1
1
6388
1
139
1
1
1
4104
1
198
1
1
1
470
1
1
1
1
124
1
1
1
980
1
328
1
604
363
570
1
980
1
1
2233
174
322
1
1
1
1
201
1
1
665
131
155
1
6
1
11
1
1124
1
322
1
1
1
87
1
7454
1
1
827
3967
472
1
1
1
1
790
533
1
740
1
1
1
1
1
112
2343
88
827
330
1
1
391
410
486
230
1
44
1
1
124
1
1212
60
1
1062
1
1
1
1
1
1
1279
139
629
404
1
101
1
601
2986
1
1
1
12
1
98
60
1
1
477
1
1
103
12
1
781
1
15001
1
561
370
1
412
19499
1
1
576
1
793
1
428
363
1
1
1
417
42
1
943
725
1
3076
412
1
9342
56
148
1
12
1
1
485
1
2854
562
1
163
1
562
1
1
1
1
1
1
2411
1
49
1
1153
1
351
176
310
1
1
35
601
1
1
176
25447
82
131
147
1
307
310
11
1
1201
689
1237
64
1
413
1
1
1
1
305
1
149
1
82
884
1
1
1
1
172
210
1
514
1
1
1
1
1
581
1
1
1
747
1
1
536
1
486
4126
123
570
1443
1
1
853
1
1743
1
6
406
600
1
458
1
1
2656
1
1
97
1
1
1
4
1
887
1
1
1
1
1
458
1424
1
285
1
1
1
458
1
22
10463
1
61
8030
229
1
148
1
1
282
1443
115
1
790
1
242
811
251
428
1
88
1453
1
1
16
1
1
404
689
1
13
49
1
131
485
1
1
1
1
4496
351
1
1
1
1
1
1
1
1
12
133
33
1
1
1
131
1
74
1
1
88
1
472
525
1
625
1
1
12
104
1
1
1
764
1
467
2439
3752
1
220
1
415
6
254
1
1
26126
1
163
1
231
26545
1
484
1
472
174
1
1
1
290
1
1
1
1
88
348
164
1
811
420
1
1
205
6435
97
1
413
254
370
12
1
1
1
1
2198
1
1
1
1
486
719
1
601
1
111
1
981
233
980
1351
88
1
1
106
1
1
232
1
1
376
134
847
1
536
1
1
1
181
1
443
1
1
1
251
106
1153
853
1
6592
1
1
1
946
1
1
127
1796
233
443
12
399
23
330
827
701
10
1
520
1
1
12
166
333
1
1
1
1
305
1120
1
1
6738
127
486
1
163
477
1
1
1
88
1
1
887
1
1
1
406
1
1
1
1
61
1
330
1
378
1
176
1212
399
1
917
1
1
201
21286
1
131
2411
1
234
1
153
659
1
13433
1
4581
1
1815
1
124
92
1
1
533
1
228
282
1362
1
1
26461
1
678
1
1
233
1
1
576
672
1
242
4694
417
1120
12
1
1210
1
1
144
1
914
6592
12
1
1
1
152
1
1
954
2870
21
2096
570
1
160
1
1541
1
497
1
1
1
1
1
1
1
2158
348
1
1
12
234
376
1
1
1
1
9821
54
914
1
1
310
625
443
1743
1
1
1120
509
1632
1
1
1
100
1
1796
1
1
443
1
1
44
4219
60
243
1388
1
106
6
1
1
1
543
7514
195
242
929
1
155
1
1
214
659
684
1
1
1
415
1
1
785
100
1
1
1
378
1
1
1
1
77
12
1
1
49
2036
49
1
1
1
216
1896
1
1
123
1
137
3358
600
1
2158
26576
9885
1
1557
1
1
1206
1
1
1
132
5334
1
1
1
914
1
100
160
216
891
111
44
1
163
1
12602
1153
1
44
2841
358
5792
1
1266
1
46
601
3928
1815
1
1
301
1
1279
1
139
601
4581
290
303
229
470
1
404
1
1
56
895
1
79
176
839
174
452
1
1
1
1
747
308
1
1503
1
1
1189
233
1
1
160
1815
1
22177
811
348
1
1
2854
1
1
1
338
74
1
1
21
254
1
1
1
248
1
1
1
1
1
211
284
1
33
1
883
1818
301
143
1
1
106
1
132
413
1
1
1
472
1
9345
1916
9388
81
240
4
1
2052
1
1
1
817
10
1
79
1
310
242
6347
1
251
156
1905
1
576
82
20521
306
1120
1
1
1
458
4793
230
798
1
1
1120
35
290
1
25135
42
533
1189
143
79
8574
164
476
1
3752
1
1
1
1
1
35
40
4767
1206
1
425
1128
22
1
1
3482
1
132
305
1
131
325
88
601
25318
12
261
1
1
68
73
21
83
240
1
1328
1
4
1
1
1
1153
1
1
445
174
1
6
1
1
1
1
1
1
1
12
68
1
1
98
139
420
1
1
1
64
1
1
1
1
1
455
4806
1
308
1
82
1
1
1
1
1
281
1
201
1896
1
1
1
1
1
1
564
3291
282
817
22411
25374
1
1
1
23086
1
1
1
2939
271
155
2854
382
1
163
1
1
901
1
410
100
638
155
1
1
1201
1062
11800
1
26
391
1
1
631
1
1
1
390
1
1
391
1
2169
1
23
179
12
132
1
1
1
1
1
1
458
562
1
1
1
106
1
1
1
1
1
79
1266
558
1
1
1704
1453
1
1
1
48
1
27955
112
11511
629
352
682
1
16
1
1
1
1
678
1
1
310
1
1174
1
1
404
156
230
416
106
1
303
1
254
1
1034
477
2870
417
1
416
14824
284
1
1
1
588
1
1
1266
1
23
356
361
1
443
506
477
1
725
1420
701
26
1
1
477
1
4941
6
12
1660
1
1
24148
1
412
176
1
132
4799
1
887
1
914
770
980
710
16318
428
390
87
1
1
1660
1
1
1
1
1
1
1328
1
1
1
1123
1
1
12
100
391
2158
1189
1
486
390
132
23
230
1
2378
1
1266
267
143
1
1
1
1
1
68
1
1
1
1
672
1
1
1
1864
1
1
1
1
1
895
684
73
1
1
1
1
566
1
1
11246
1
12
187
1
1
1
1
1
1
1
1
425
250
1274
1
390
593
1
1
1
1
1
4574
1
1722
1
1
475
1
1
1
523
44
1
564
1851
1
1
1
1044
1
1
1
2008
1
14020
138
1
1
2980
1
6316
1
174
1
1
1
980
1
1
472
1
1
1
307
2378
1
1
391
242
1201
692
1
1
1
1
1
1
1541
1
486
376
1
1
1
917
6
1
1
1
163
1
1
1
3802
6794
1
1
604
326
1885
5613
2926
670
1
1
1
1
1796
1
1
1
56
1
1
1
477
1
1
1
1
133
1
1362
1
6
250
9042
2854
153
444
153
358
1
1
1
12178
2790
1
1
764
211
1
15379
133
1
1
21
1
394
1
1
228
412
1
229
1
1
1
1
290
1
5
561
1
6794
1
1
1
1
46
1
1
1
1
1
21
665
163
181
1
1
533
139
1
601
946
1541
17342
1
1
12
1
1
740
390
228
1
948
1
155
231
271
1
761
497
15936
1
12956
45
1
827
1
1034
1
1
1174
364
1
1
1
1
1
1
305
1
13
780
1
1
49
785
1
827
1
361
1
6794
477
82
1
1
1
6
261
1
1
727
4699
972
1
1
1
132
477
248
96
1
1
764
1
4
304
5
1
1
1
1
1905
325
1
1
42
1
1
1
48
385
443
1
2198
1
1
592
18
1
632
1
1
444
1
57
12
1
21856
3871
1506
358
250
1
242
1
96
196
1632
201
1
1
2736
1
1534
1
1
1
148
1062
271
1
1
1
211
1
1
1
24787
1201
1
1
100
436
54
42
394
57
264
390
1
1
22667
901
1
152
1
1
4941
455
12
404
1
308
1
250
1
64
1
106
1
1
458
689
232
689
391
1
1
2020
1
132
1420
390
1
100
1
1
1
308
44
1
1
1
11
289
250
789
1
1
1
69
1
1
1044
1
74
1
1
1
1
176
3708
1
1
1
1
187
22
391
1
4793
1
1
2305
391
770
330
1
1
16518
1
9
570
248
356
475
1
1
1
1
1
352
719
1
1
1
1
243
386
1
1
1
1
24418
1
370
1
1
242
1
1
1
271
1
1
4
1
682
980
1
1
9659
23
1
196
1
1
179
428
220
1
1
12
1132
1
228
1
35
1
458
1
304
22091
7436
1
1
201
83
1
1
163
26265
1
417
672
1
1062
1893
356
1
1
1
1
1
178
233
307
1
1
359
1
6
1091
1
3107
1
1
61
1
111
344
163
1
1
6
1
415
1
54
13
2020
2307
1
853
477
100
69
1
23
1
302
1
152
876
412
1
187
1
96
443
16
1805
1
1
1
472
817
1
818
415
1
1
302
477
1
1
1120
139
301
1
228
148
1
1
243
1
12
1
2411
1
1
1
1
1
914
472
634
46
1
520
1
1
1
248
1
1
1
1201
1
1
1
1
1
1
3587
187
1
106
348
1
44
1
601
1
1
1
1
138
1
382
155
1
306
325
1
155
2136
428
22203
914
884
92
564
1
1
127
1
591
127
1
148
231
1036
1
1
1
164
1201
35
1
1
1
2694
1
376
1126
1
106
848
230
588
1
629
12962
149
6
176
1
477
2020
810
24445
1120
1120
8195
533
1
1159
1
22095
18005
82
547
356
5792
81
399
1
1
4472
486
1
1
1
564
1
876
523
1
1
727
1
1
1
1
132
174
1
1
1200
1
1
2233
929
1
1
391
3871
581
689
304
10
1
847
581
57
242
1126
155
1
4892
1128
325
68
1
1
9722
1
1
520
205
1
230
233
82
1
1
1
306
889
1
1
356
570
4
1
156
1
1
1
2846
1
847
3482
1
1
1
1
1
1
1
1
27845
233
1
148
1
2644
268
1
1
42
1
1
163
417
1126
1
1
1
306
9160
131
588
378
634
267
1012
1
363
1
1
449
2136
12
17222
306
754
243
254
1
1
1
376
1
1
1
1
1
2158
103
472
1
1
1
139
139
1
1
1
2439
23
1
187
1
391
1
92
4783
1
1
4
1237
1
174
1
477
54
1660
830
27416
2198
1
1
250
228
972
1
1
261
1
310
49
1279
1279
1
1
946
1
1
1
1
1
1
12
1
1
8683
2710
2136
907
248
1
2343
1
1
1889
1
472
472
1
1189
1
1
326
425
533
1
1
591
2151
1
1
4
19
1
1
1
1
201
302
5537
251
1898
1
3517
17222
1
1
470
6
1
187
1
1
785
155
303
1
1
282
796
1
1
1
1
1
1174
1
83
420
57
1
8667
139
1
27406
5792
59
1
404
1
3487
82
1
267
1
1
73
12
1
69
1
1
1
1
376
1
1
1
1
155
101
133
1
1
425
1
1163
1174
477
174
12802
471
1
1453
83
443
1257
1
2841
1
1
1
725
1
1
929
2698
1201
1
35
1
1
17222
1
1
242
1
2198
1
1796
730
1
1
11035
23934
1
1
1
1
271
17
581
1
1
1212
5334
181
761
1
907
1
1
35
4318
1
547
267
798
1
306
1
1
22
1609
981
1
1
35
201
1
1
1
1
1
581
301
1
87
10500
160
229
1
333
1
1
73
486
1
1
853
81
5223
1
1
1
1
672
1
1
1
1
1443
1
1
1
1
629
183
477
390
497
486
1
106
1
233
242
1
4557
1
701
1
1173
176
271
1
1
701
672
4
1
1210
1
240
1
470
1
1
1
1351
3487
1
1120
1
1
416
558
1228
914
13
1
891
1
3134
1
1
1
1
1
2158
1
1
730
1
1
1
1
174
88
523
5878
1
5633
6
1609
163
1
176
754
6190
1
1
1
304
404
1
12208
506
333
164
98
1
123
1
1
1
1
1
1
1
1
1
404
486
2950
2198
1
761
153
1
1228
44
2411
1
1044
425
1
601
682
2081
1
853
35
1
13
1
1
1
1
980
1
1
228
1796
1
1
1
976
1
3402
322
1
1
1220
1279
1
1
220
1
1266
33
1124
659
1
631
1
470
1
1
12
3708
813
4793
88
83
1
1
1
1
301
148
514
1
2008
692
1
1
172
1
1
127
883
1
1
914
477
1
132
1
1
5792
1
325
1
787
2611
593
1
1
1
1632
1
243
1
604
1
2841
15407
980
1
1
306
601
1
1893
770
477
104
1
21
45
588
1
1362
6162
1
160
205
561
1
1352
1
16
1
1201
49
1
1
6836
591
1
1
108
477
164
1
1443
558
101
228
1
1
1
216
174
1
1
1997
97
1
1
2233
588
12602
376
486
174
1
1602
871
1
1
412
6435
61
1
1
506
728
1
740
19
325
163
1
558
1
1
2790
1
2036
4574
1
1
1
1
818
1
943
83
1314
1
1
410
1153
1949
12
35
115
1
111
884
1
275
1148
1
1
593
1
1
1
604
7730
475
127
1
1
562
1
1632
1
1
242
1660
9388
1
1
12
1
1
11
268
1
1062
1
1898
1
1
172
1
761
100
11246
1
1
1257
1
1
1
1
1
444
1949
4
1
230
1
310
412
1
1
21167
54
1
1
1
12
106
523
1
1
178
242
356
895
1
915
351
1
1
137
1
54
1
231
1
1
1
18693
4708
1420
449
111
9256
497
576
600
1
21318
672
143
13
2233
785
883
149
1
848
1
1
1
176
82
7436
1
106
1
1
284
4472
44
1
1
740
1
1036
229
1
412
134
1
1
1
1
16
467
1
477
1
2710
242
57
234
1
1
4
1
1
1288
106
1
2790
1051
1
1
1
1
1
15404
811
1
901
1036
378
6329
1
54
1
1
480
1
139
1
1
1
1
1
1
359
1
1
1051
1
1
1
1
4089
1
6388
1
1
201
1
328
148
1
45
1
520
1
1
1
1
243
1
5557
11666
1
1
798
1722
1212
88
139
1
1
1
941
1
1
1
5620
174
981
1034
547
69
1
1
445
166
1
1
69
790
1
1
4
1
485
139
1
1
1279
264
228
137
1
1
1
606
210
1
1
1
1
27006
1
1
82
1
1
1
1
263
444
1
248
69
1
325
1085
1
1
1
9490
97
1
1
1
535
1
15483
629
4
1
455
1
1
1
547
2020
477
2736
1837
1
1
233
60
1
15282
1
23
1
1
1
271
391
1
155
92
1
1
611
1
1
22095
132
1
592
201
1
2986
1
1
1
132
1
100
242
7940
1
1
1
1
3107
1237
174
1
9
1
1
1
60
1
1
139
127
1
1
533
1
1
112
1
68
1
547
1
7
391
558
201
1
1
1
1
1
1
101
1
111
1
49
12956
1
7514
486
4
1
333
1
1
485
12
1
1120
133
562
444
1
1
1
231
1
174
1174
1
831
108
155
243
1
9169
187
26776
1
196
104
242
310
1
54
1
1
211
1
1
1
1
19
16226
1
1
5435
17816
1
1
1
61
943
174
6
5792
1
1
12
1
1
1
1163
1
848
1
82
24282
1
310
770
1
535
451
847
1
1
1
1
1
198
12
730
79
1
1
477
1
1
1
914
1
1818
629
1
1
1
5792
1
1
443
106
1303
458
790
42
830
9160
22
6
981
1
1
601
1
106
692
536
950
1120
1
163
1
9885
1
770
111
827
61
16504
183
54
304
1
1132
1
1
1
428
1
730
306
1
1
6190
229
871
1
72
242
181
1
1279
97
1
1
1
210
1
1796
281
6830
155
1
416
2198
1
1
1
2136
391
1
163
1
97
5613
1
54
1
1
1
1
1
1897
44
1388
1
1
143
1
17
1
1
5792
1
183
1
1
1
1
234
267
1153
1
1
1
581
1
390
1
1
1
92
9203
2373
12
13128
533
1
1
5435
1
103
561
14830
1
1034
44
1
470
1126
1
1
770
59
1
689
19720
1
4688
2796
2020
1
1
1
155
148
289
477
1124
3928
83
980
1
4699
1
1
1
3517
35
12
1
593
13895
139
1
128
980
1
1
625
1
412
1
5792
1
1
1
1898
1806
1
1
1
2926
1
1
1
404
1
1
1
477
1
158
1
1
895
811
1
1
8105
8011
1
2169
1
1
1
1
231
12416
1
60
1
16206
9042
1
1352
9898
1062
5223
789
1
1
1
88
1
1
6435
1
334
1
1
1
1
1
1
1
230
1
2467
1
486
1
1
3273
1
1124
1
1
164
665
1
12
98
1
399
28366
1
827
901
1128
1
1
127
346
163
1
351
1
1
1
1
88
153
1
11732
35
363
1
1
242
88
1
3928
285
1
322
8683
1
1
1
1
1
1
1
12
1
12
1
1034
1
593
1
1
1
358
115
1
1
97
1
811
46
1
133
692
1
1
1153
1531
1
1
1
250
1
1503
1
26
1
1
44
1
1
6830
1051
895
1
547
1
477
1
1034
558
1
1279
54
2343
1
1
155
1
1
1
289
946
1
1
1
520
1
710
1
1
1
3264
1
1905
1
282
506
391
1
847
187
1541
18369
1
1
1
1
915
1
44
156
1
1
1
692
160
1
1
410
525
1
45
1
1
1
1
1
1
1
8683
1128
1
1
1
14830
1
12
1
6347
22222
35
1
1
1
1
1
1
23
1
1273
876
1
1
1
163
11064
827
536
156
231
57
1
416
1
79
634
4799
77
148
5560
1
625
1
1
980
1206
4974
4126
11
83
303
290
1
1
2854
1
1
1
5362
15946
1
60
1148
1
201
1
1
158
1
1
1062
1
1
1
21130
1
35
1
1126
889
15407
1
1266
558
412
11
701
1
1
1
1
1420
308
629
267
390
1
1
1
139
1362
1
104
284
20755
1
216
1
1
2854
1
798
1632
1
417
28094
1
42
1
1
1
1
1
413
817
131
59
1
1
1
1
1
1
547
83
289
980
412
1
281
174
1120
561
1
477
827
1
1
54
376
11615
1
1
1
17534
5
290
1
385
1
1
1
1
980
1
1
1034
1
163
1503
1
600
914
1
19502
1
1
1206
9345
8779
1
1
12
1
1
302
929
948
1
19607
1
1
382
1
1
1
13189
1
1
1
1
1
1
1
412
1
1
23211
1
282
1
1
1
88
391
23
147
1
303
1
1
907
1
1
1
2169
1
376
1
1
1
1
35
352
3134
1
181
7
15379
42
6
1805
1
1
1
2694
1
1
172
1
3752
2416
201
1
425
12
261
13
26
111
1
1
1818
417
1
7537
692
425
1
1
1
1148
1
1
1
3845
727
2736
415
220
1
1
1
4793
4126
1
1
1
410
1
1
1
92
1
1
1
682
6
486
134
443
1
606
64
3928
1
1
1
780
1
1
1
376
230
1
4941
1
391
4
12
1
727
15570
895
1
139
1054
330
230
1
243
2434
1
1
1
1
391
228
1
374
1
1
176
44
6
520
1
1
97
1085
3967
284
12
1
1
23947
1
79
9157
1
692
929
1
570
1
798
1
1
1
163
155
220
1
764
1
1
1
1
571
11
813
108
1
1279
689
1
1
1
6316
1
1051
670
1
88
351
8105
1124
562
1
1
2233
576
770
558
1
23
348
1
1217
3276
139
17222
1
943
1
133
16368
106
1
377
1
1
486
1
264
1
7537
1076
1
1266
106
3928
2198
1
1
4892
4553
486
103
710
348
1
1
1
1
21318
4658
1
1
1352
1
1044
1352
10559
1
2169
1
428
1
1
1
67
8011
134
1
1
601
1
1
359
230
1
719
1
254
1
853
20347
547
1
1632
356
561
3402
1
1
1
1
1
1
1
1
1
471
123
1
155
1
325
455
1
1
1
1
889
128
68
163
1
79
385
12
144
1
35
15388
1
19720
1
1
1
1
600
1
1
1
303
26
1
470
1091
1
64
9619
1388
2477
179
27895
1
1352
1
1
6
111
1
281
1
21257
303
533
4767
1
1
472
1
10831
1
13189
710
1
100
9973
1
1
1
1
1
1
770
1
1
1
1
378
1
132
11802
535
344
64
1
1
1
1
352
458
1
12071
827
152
12
901
60
1
1
1
1
1
1
82
1
1
547
561
1
1
1
1153
1
183
148
21
281
443
106
1
69
1
533
2262
701
689
1
1
174
1
1
101
1
914
1
917
2370
1
1
1
8683
1
1
231
1
1
665
164
1
689
1
1
1
74
1
1
328
391
1
535
470
231
143
1
35
23596
1
1163
1
1
588
1
97
1
1
1
1
1
1
1
214
1
220
1
12
1
1
1
1
1
3482
7406
1
1
980
15833
131
100
346
1034
1
1
1
1
60
302
10559
1
148
1
338
486
181
307
23
2020
1
49
1
2216
1206
980
895
455
1
271
1
6
181
59
1
929
12
761
1
1
533
1
1
57
1
1
1
187
1
1
201
74
1
1
1
1
1
1
111
1120
420
82
1
1
83
172
710
16448
1
1
1
444
1
1
1
2216
1
16068
1
1
12
1
1
2854
12
2427
1
73
506
20749
2439
1
1
1
26349
1
96
201
1
980
1
123
901
1
1
1
13
1
1
520
391
353
172
1
149
1
1
1
486
1
830
4767
1
1
1
2343
1
1
1
1
1
497
2390
131
60
1
1062
176
100
1
1
4403
416
1
196
1
1
1
12
1
2261
139
1
1
44
6091
178
60
229
233
1279
1
948
416
428
1
1
1
1
600
790
18623
35
1
220
104
420
231
74
1352
8328
1
178
391
417
10202
231
1
334
1
1
520
1
2917
1
1
4321
172
1
1
1
1
1
1889
187
1
1
1
132
1
1
1
1
1
1
1
629
1
564
4
228
64
1
1
1
1
1
1
267
1
1034
12
1
4293
263
1
561
1120
1
981
127
131
1
1
7
1
477
1
1
11035
1
1
123
163
1
710
1044
301
153
378
777
1
1
138
1796
13167
364
1
1
1
303
436
1
1
1
1
302
3402
1
24423
1
1
1905
1
1
853
181
4519
1
1
96
798
42
486
1443
1
1632
133
1
216
1
1
92
476
98
12
946
1
476
1
233
394
1174
1
929
1
163
1
1
1
1
214
5620
404
6
1
183
2411
1
1
233
561
1889
798
1
1
859
1
1
1
1
230
1
133
124
593
1
67
471
1
333
1
1036
1
155
1
817
3487
485
543
1
1
477
164
1
443
12
1
3240
593
1
943
980
474
1
1
20386
1
533
240
1
1
1153
211
562
1
83
12
1
1420
535
458
1
1
97
1
23391
6049
282
1153
275
1
1
281
1443
18816
1
325
1
302
1
798
1
1
1
1
1
1
1
275
1
412
163
1
1
810
1
1
100
730
1091
1
1
1
1
1
1
1
1453
570
1
1
1
1
56
1
1
54
1
160
1
1
1
1
1
1
1
929
1
1
413
127
1
1
174
1
1
1704
891
7717
1
593
44
914
631
506
1
770
302
570
1
127
98
1
1
1
187
486
1
231
11
261
96
385
1
1
2198
1228
451
1
1
1
1
155
348
1
632
1
9
1
22
1
1885
100
353
1
1120
28060
1
231
18
211
1
1
1
26
1
81
2790
1
106
1
1
348
333
1
1
1
97
391
948
412
2640
1
798
163
10608
625
1
1
1
1
1
348
361
1
1189
1
1
1
1
1
719
1
1
1
1
486
210
1
1034
104
1
390
23863
310
1
887
183
12
444
1148
1
1189
1
1
1
40
1174
1
348
23
1
1
798
370
1
394
6
303
7011
21
128
60
1
5
1288
163
1
1123
1
1
1
1
12
1
1
470
1
1
233
1
301
97
79
106
1
1388
480
1
7406
290
1
399
1
1
1
42
174
1
1
1
87
282
604
1
431
1
353
325
1274
1210
271
1
1
100
17181
1
470
1
1
818
1
100
8087
60
1
1
1
325
1
139
1
1
1
1
443
1
1
23
344
1
2198
1
1
1
60
250
156
1153
1126
3986
1
394
96
1
1
1
83
8557
61
1
1
520
1
1
1
914
725
1
18
564
163
1
1
1
48
1
1
764
1
264
1
943
1
1
1
153
1
106
1
399
1
310
4126
1
444
27873
12802
1
233
1
56
24894
250
1
1
1
1
4941
356
1
1
5888
1
1
310
980
12802
1
1
444
1
353
1
1
1
115
1
576
533
11030
1
12
5038
1
106
1
1
1
1
1
303
1
4892
1
1
1
1
1
728
24661
4847
1
1
1815
1
1
322
385
5557
100
325
201
1
1
444
12
4767
1
17179
611
1
1
57
1
780
6
1
1
216
1
6
404
564
914
5743
1
1
303
1
486
848
4793
88
1
1
1
44
1
1
1
2096
88
1
1
458
1
1
1
1
1
26
1
1
12
1
1
1200
4793
1
183
10
1
67
1
377
417
1
1
777
54
1
458
1
1
164
1
1
23
92
1
1
1
1
796
1
147
1
216
562
1
1
1
1
1
1
1
19109
1
1
3482
1
1
1
1
1362
1
155
1
344
1362
1
220
520
49
12
77
725
174
1
631
230
1796
172
2390
472
1
477
106
1
48
9
289
710
1
1
230
535
138
1
1
449
2729
155
234
1949
1
1
1
310
92
1
1174
1
1
1
1815
1893
1
1
1
15282
1
96
60
1
88
1
1
1163
1
1
1
444
444
92
1
1
106
232
1
917
6388
1
1
201
155
1
1
728
1
1532
16755
1
82
1
701
486
1
811
156
106
1
1
1
9072
1
525
353
1
1
1
23
415
1
1
394
12
1
1
1
1
1
1949
1
1
1
40
106
1
1
1
1
137
1
1153
1
1
4746
1
174
1
1
1
42
5557
155
1
943
514
1602
1
1
477
1
1
1
1
42
306
18
1
1
1
827
101
174
1
1
536
16715
1
1
471
1201
1
1
1
138
6316
1
728
1
61
1
1
1
1148
132
1
13138
306
4307
101
1
1
1
1
1
399
1443
303
1
17
625
1
1
6
1266
1
1
234
309
611
1
100
100
730
1
1
306
229
1
455
240
486
1
1210
156
980
1
4
1
1
1
486
1
1
9042
787
1
1
1
290
382
1
1
470
131
10727
281
61
1
231
82
6
710
2343
1124
431
497
22
308
558
139
1
216
1
1
1362
68
1
1
475
1
1
1
2390
14923
1
6
275
45
1
348
1
16
1
1
1
1
1
1
1
1
15282
108
394
1
719
378
326
747
361
21521
1
1051
4590
2378
1
1
477
1279
100
11
303
948
1
1
1
1
137
275
148
6
1
1
1
1
1
777
1
1
1
523
133
1
727
470
5563
477
1
1
1
1
1
853
1
416
1796
1
1
1
1
1
1
22
443
370
1
1
1
1
98
747
1
6
13
1
3967
665
1
1
1
1
230
458
1
417
391
133
1
914
1
1
216
611
1
1
1
470
4400
4976
1
261
1
1
659
231
678
1
1
416
394
562
1
1
61
1
1
506
57
2262
1
1
1453
1
1
106
183
176
1
1905
11
564
391
1034
1
233
2198
1362
344
830
1
1
728
853
798
1
474
2096
26106
1
1
588
1
1
1
1
6738
361
1
1
1249
1
1
1
1
1
1893
9160
1
1279
310
1
1
1
1
1
1
1
1
1
1
1
1362
1
1
665
196
1
26
1
385
5655
12602
847
1660
160
127
1
2790
1036
576
1443
1
4126
285
92
1
17
1
1
1352
1
1
1
305
88
404
48
172
101
1
1851
1
1
2611
79
325
1
485
155
1
303
1
670
115
24661
972
1
1
1
1
1
353
1
301
290
1
1
1
1
1
1174
1
79
486
1
1
25722
547
1
817
1044
1
42
112
1
1
1851
1
87
1
4767
1
692
1
1
1541
231
242
7730
1
6190
61
1632
1
2640
187
1
484
2477
1
111
15957
1
183
1
240
1
1
1
1
1
1660
1
1
1
82
1
1
1
827
1
1
1
1
1
1
954
1
1
1
1018
46
1
1
59
242
385
147
229
1
133
2307
97
301
1
1
139
1
682
1
306
1
156
2350
1
1
1
764
1
42
1890
3345
1
1
1
1
476
13096
477
1
684
250
4746
1
1
111
1
1217
439
4196
6347
1
1
1
1153
1
176
303
534
1
1
2841
1
412
3482
437
139
285
1
1
1
1
348
1
1
21975
322
1
1
174
4688
1
2198
2036
1
49
451
281
1889
7015
9345
1
1
4104
1
1
220
1
1
2343
307
1929
1
104
1
1
520
1
133
1453
1
1
6682
123
351
1
1
1
132
10384
1
181
1
484
59
4126
410
1
1
439
1153
11
303
242
1
60
155
1
1
77
1796
1
1
476
1
1
348
477
1
1420
100
1279
1
1
1
106
174
17630
4
3482
1
205
848
1
7
1
103
240
1
361
166
376
692
4472
1
289
1
1
1
1
1
477
486
10559
24281
1
1
1
1
1
9388
281
6
1
88
1062
231
1
1
5038
1
692
1
1
176
211
1352
1
17079
11
1237
1
155
1
1
124
689
1
3752
472
1012
242
1
322
1
458
54
1
1
1
1
1
1
346
163
1864
1
18
1
564
1
1
1
1
4931
506
1
12
179
458
1
1
665
306
74
101
1
1
128
28172
3482
1796
1
1
6091
1
2644
1
1
1
1
330
506
108
2439
1898
1
876
1
1
1
1
4974
1
1
261
92
230
1
1
884
1
1
547
100
88
5198
412
233
1
689
1
1054
1
60
100
1
1602
404
210
1
16116
56
817
1174
303
115
1
547
1
728
485
1
1085
1
1
1
2232
420
1949
1
1
1
452
1
250
2096
1
358
1
444
412
22095
1
1
322
1
1
1503
1905
21901
57
520
290
1
1
1
471
692
2390
1
132
1
333
1
301
1
1
306
1
1
1
1
1
100
1
1
629
7
1
1
1
5201
581
1
692
1
412
1
1
1
1
3482
1
108
1
2198
1257
798
1
536
100
1
73
1
1
282
1
1
1
242
1
1
20057
96
308
54
1
1
1
1
1
377
148
1
1
4472
6836
1
261
174
601
770
132
1
1
178
1
1
15851
306
678
1034
364
1
1
793
1
149
412
1
1
137
1
303
1
976
1
1
1
1
871
289
305
410
611
1
7
1
1
1
1
10204
1
54
1
42
1
444
591
1
1
1
267
1
417
1
1
391
1
1
520
1
3273
6
659
364
82
101
64
1
282
443
1
1
455
1
2736
1
1
1159
631
6262
1
1
1
1805
1
1
1
205
1
413
1
1
40
163
1
15260
1
4699
684
665
1034
1
443
895
10207
2939
1
127
1
1
1
1
1217
69
1
1
1
87
629
1
22
240
1
1
23947
1
1
458
1
163
1
1
205
1
27571
764
1
201
344
476
787
1
486
1
476
6
1212
1
1
1
1
16
12
334
895
18376
1
1
1
1
1
1
1
761
1
471
127
1
5223
1
348
1
1
1
24867
68
4126
1
1
1
1314
1
1
1
1
35
1
1
10216
9
176
1
451
1
18962
870
1
391
914
1
1
233
4941
20883
139
1
1
1
1
7454
2198
1
1
1
1
1
827
1
250
1
477
1
4574
1
534
1
16816
770
1
689
1
1
12
1
9256
1
363
4
1034
1
1
60
2261
915
4694
233
40
1
692
4547
1
1
4496
1
1
1
1
352
391
1
1
4837
328
1
631
1
1
581
82
176
1
356
101
1
1
351
390
134
346
1
1
1
1
1
3757
1722
4793
710
1
250
174
254
1266
1
2411
818
1
348
4688
1949
1
901
9169
127
1
57
1
591
1189
535
1
431
1
1
267
1
1
1
2121
1
954
1
1126
220
1
606
1
796
18956
4
2411
1
1
1
1
394
1
68
233
2378
1
535
484
92
1
132
1
1
470
100
1
665
44
305
1
100
1
1
1
1123
1
1
1
1
100
4658
123
74
1352
4519
486
1279
1
1
352
1163
179
42
1
1
1
174
1217
183
452
304
1
1
391
1
1
891
1
981
1206
581
160
42
5223
138
1
254
156
901
1
111
1
1
1
1
1
378
391
1237
263
625
566
92
1
917
17610
124
183
1
1
12
45
1
437
1
348
306
1
1
1
1
148
211
1
728
1
1
18956
2986
174
1
4
10727
486
1
1
5257
139
1
17630
18369
153
1
470
1
210
1153
1036
1
3402
187
1237
19879
1
22285
1
1
946
1815
1
3273
11666
15833
1
1624
1
1
211
1
1
740
12032
810
1
1
1
1132
1
1
1
7204
1
1
363
818
155
1
49
1
1
1
1
1
242
1
1
361
1266
1
1
980
13189
290
1
1
1
3402
100
1
1
1
1
1
1
1352
601
1
1
1
1
1
1
1
5201
1201
1
1
781
1
1
1
309
1
1
8030
817
8105
69
477
710
818
1266
155
12
139
1
1
139
54
1796
263
477
1091
1
591
12
1
1443
1
12
1
155
1
325
889
10
231
1
404
303
1
399
1
1
1
1
1
1
1
92
1
267
1
106
4089
155
1443
1
9619
3482
181
1
1
4837
20749
455
155
547
1
42
306
497
325
100
1
163
1
1
106
1
1
1
1
1
1
1
60
1
1120
305
1
1
3273
1
1
1889
1163
1
1
1279
1
1
1
1
789
1
14080
155
49
547
6091
101
480
1
486
444
470
509
1189
1
1
3928
470
2158
1
1
1
1
1
810
15856
1
592
1
1
1
1
1
1
1
1034
1
1
10202
659
533
1
250
1
1
1
49
914
1
1
26051
417
106
1
1
301
1
6329
3802
581
364
1
1
4581
1
5
231
1
176
1
92
40
477
1
242
1
11089
59
148
1
1
67
827
1
1
980
1
1
1
1018
581
1
1
1
474
1
1
1
980
1
230
1
1
139
1
1
476
5198
428
187
1
1
1532
250
1
458
12
1
1
390
1
16
1
132
404
16
1
1
1
1212
234
1477
1
1
1
1200
4
1
148
1
346
1
1
1
378
106
377
876
1
133
593
1
1
1
2477
144
1
1
1
1
1
444
377
7436
740
4688
1
1
1
1
127
1
2233
57
1
4
1
1
1
1
1
5223
1
1123
174
1
1
1
1
6091
2121
477
229
1
1
593
97
13955
155
1
1153
1
1044
250
1
1
1
1
413
1
4
83
1
1
386
764
242
444
1
1
1
684
5
1
1
1
17
1
5201
740
1
1
1
1
54
1
1
1
6
1
1
1303
1
980
82
82
1
1
811
1
3639
377
1
187
1
1
3752
1
1
891
353
895
1
1815
780
1
710
4184
1
9
10819
1
242
1
514
1
2198
1
1
5735
1
1279
137
1
1
1
1
174
1
4
22749
1
1
1355
1
1
1
404
35
1
352
1
1212
9353
195
1
97
1237
1
201
1
1
15499
1
1
333
377
229
174
1
793
1
1
1
19
1
470
477
1
351
1
2854
1
1
1
1
19
1
1
160
1
1
1
1
1279
77
233
1
764
1
1
88
895
485
1503
692
1
1
152
1
1148
1
1
106
187
201
428
72
21
1
1
1
1
1
35
23215
535
15249
1
1
1
818
1
24108
2198
1
1
370
1
42
480
2233
1
1
1
1532
470
2198
1123
1
289
79
1
11
4472
64
1228
884
1
7
1
2198
1085
132
147
306
1
7
1
132
54
1
417
1
23
1
1815
220
1
1
5223
1
472
1
229
1
1
1
144
1
1
1
310
155
100
1
152
1
1
1
1
2208
439
1
1
980
1
148
14080
1
1
1660
1
205
1036
1
1
2136
914
390
1
1
1
710
1
1
1
1
1
303
1949
1
1
1120
106
417
1
901
1
112
7730
21901
520
1
1
1
92
229
740
1412
1
1896
1
11
1
1
1
1
391
3076
261
1
798
561
1
798
17222
1120
108
467
178
1
390
1
46
1
1851
4976
1237
810
1
5620
12
1632
1
2986
1
81
1
1
1
591
1
1
1
533
1
148
1
428
5
1
1
358
64
1
35
1
1
338
1
290
486
1
1
1
163
1
1
233
1
1
1
133
1
1
1
871
211
798
1
445
1
1
477
1
1
106
6794
887
1
1
1602
12
689
211
1
1
561
1
1889
27887
533
1
1034
1
1
181
830
1
267
1
1
303
1
1
1
1
1
1
210
954
183
781
1
1
571
1044
1
1
216
901
404
412
1
1
1
1
1
363
1
7
1
1
606
917
301
1
1
4321
4491
536
1
4
23
1
1503
1
1
1036
1
1
1
1
1
1
1
787
1
1
19
1
417
358
1
174
1
1
1279
2611
179
243
18
290
1
1
5710
1796
1
3482
1
42
132
1
24689
1
15076
1
1189
2233
1
611
1
1
359
547
1
1
1
728
1
1
46
1
18744
229
1
308
1
282
1
1
19066
1
1
1
1
1
364
1
1
1
12
600
740
1
1
1
1
1
1
6
73
163
42
131
458
1
670
1
1
13
290
1
3928
16
943
1
1
1
486
232
42
385
49
1153
12
220
1
42
1905
470
16448
1
1
1
1633
884
1
830
428
12
1
1
1
727
1
148
309
1
1
1
1257
887
3639
1
153
1
954
1
1
234
1898
166
163
163
436
155
472
1
79
6
1
1
1
35
1
972
111
1
1
1
1
1
1
1
12
1
187
1
827
1
1
6262
211
1
1
1
444
100
670
5223
18
18042
591
1
1
1
1
1
351
233
1
64
364
1
1
111
1
351
1
1
233
1
14581
198
242
1
182
1
128
42
1
1
1
1
1201
10472
1
2986
111
1
1
1
1
810
12
1
1
1
301
1
210
1
1
1
472
69
160
1
1
242
376
1
1
4931
1
1
1
665
1
1
509
1
174
477
1
1
220
631
163
1
536
153
859
444
477
1722
1905
659
972
15946
1
443
1851
148
1
1
1085
689
1
1
11
1
1
242
25704
333
1
361
1
689
1
1
5560
1
1
929
1
1
592
728
1
179
1
1
108
44
1
12
1
303
174
81
303
40
361
1
1
1
1
1
26109
73
506
665
477
1
1
4746
348
96
1
1
1
1
1
1
1
404
1
230
692
390
3517
6
472
179
770
1
1
1
670
148
1
1
1
6
100
1
1
133
1
678
2261
1163
1
1
1
82
1
1
1
391
1
1
12
1
1
1
1
1212
1
1805
1
811
250
9882
13
64
914
1
334
1
1
281
412
2151
1
232
1
895
2198
1
1
1
1
1
3802
1
1
187
876
152
1
1
149
1
1034
1
100
1
1
3997
1
174
1557
6
477
178
1
1
1054
1128
444
5513
1
1
57
1
5038
1
914
876
914
100
59
1
1805
160
412
15936
263
1
351
143
1
1
9885
1
1
16448
54
1
1
24176
101
24801
263
108
1
1
1
12962
1
306
558
261
1
1
425
228
1
1352
1
13258
69
5223
98
4126
6
137
477
386
1
1
1
1362
250
534
980
26
1
49
1
1
390
1
1
1
1
1
289
1012
358
1
1
1
137
1
26
1
5655
359
413
1044
16051
1
1
410
1
1257
1
1
7406
4184
1
228
1
12
1
391
1
1
1
372
303
83
7312
1
1
4
1034
1
1
1242
1
143
1
1288
1
1
306
72
417
1174
1
1
1
232
26850
275
770
1
593
1
1
163
1
7015
1
1
827
1
1
187
251
1
1
4658
1
3276
629
1
1
665
181
1
181
1
1
56
11
61
23947
1
1
351
1
282
1
1091
351
1174
174
1
1
592
1279
131
17086
106
1
1
1
1
1
437
5922
1
7
1
1
163
1
1
158
26735
981
1
1
1
1
588
132
158
1
250
33
2411
547
5223
1
106
416
1
16
12
108
780
229
1
533
470
1005
96
210
310
1
1
1120
248
12
7436
1
1
13
818
486
659
1
1
1
281
390
1
23
725
1
1
115
12
254
131
631
1
1
1
1
1
26311
1
1
1
1
1
1288
264
1
390
1
1
59
6648
46
73
6091
15535
1
1
1
1
476
97
1054
1
16448
1
1
1
1
4
1
1
1
1
179
895
1
1
1
187
1
187
1
1
895
1
1
980
1
378
701
156
13189
361
1
1722
230
1
1
1
1
1
1
4496
12
1
1
1
352
254
1
3692
1
813
484
1220
659
1
535
1
1
1
701
303
233
486
1
948
214
1
1
12
1
1
131
352
2096
1
1
1
1
1
604
1
92
1
26
330
242
1
243
1453
2136
1
1
848
1
22670
358
1
1
1
205
1
451
72
520
1
228
449
1
261
2020
303
1
1
1
198
1
45
1815
1
436
25586
1
547
1
1
1
1
1
15568
96
115
914
333
12
82
1
1
18218
1
1352
83
1
1174
9722
410
415
1
678
1
174
1
101
1
592
1034
229
1
1
12
1
1
1
1
1
42
1
11
1
665
1
1632
1
1279
1
1
1
18
1
1
1
571
1
1
3967
44
132
1
1
1
1949
477
1153
1
1
1
1
1
7312
1
1
1
1
1
74
163
1279
625
1
1
1
1
1
980
2307
35
2233
377
1034
719
777
412
1
1959
929
333
1
1
281
250
54
79
4767
1
96
1
1123
571
1
1
10202
1
1
106
1
229
3482
1
629
1
484
887
948
1
139
328
1
160
1
2020
163
254
1
1660
1
394
535
1722
665
267
4847
1189
61
370
210
415
4688
4472
54
153
46
1
1
1
127
1
325
7454
1201
1
1
1
1
1
1
290
1
1091
97
1
6
547
1
634
1
1
536
1
181
1
1
1
1
326
1
376
132
4837
1
3669
558
164
2390
8105
1805
1721
477
1
561
1
1
23947
1
377
106
1034
830
889
420
1
4837
307
1
2854
334
1
10455
10
1
6836
112
1
592
1
1
174
88
1
149
1
42
21702
73
509
1
1
3752
1201
1
1
1
1
444
155
3482
1
310
4941
1
1
2151
1
231
1
187
1
1
1
1
1352
1898
3708
1
436
1
1
564
1
11261
1
72
3752
306
533
1
1
1
1
1
1355
234
1
1
1
1
1
1
1
205
1
1
1
415
18379
302
1
571
3862
1
361
818
1
330
1
1
1
1949
1
477
40
4547
1206
1
1
884
1
5285
60
390
1
54
242
1
665
1036
1
1
1
13457
1
4126
23
1054
9042
1
1
1
187
1
1
417
1054
725
1704
307
1
131
267
701
1
92
23947
1
1
1
1
2261
2081
1
1
1
73
1
21
564
310
13
35
1062
781
1
914
1
1126
1
344
785
1
883
1
1
1
1
1
1
1889
1
1
8114
155
1
13
818
1
547
1
1
1
1
848
1
506
1
1091
1
8683
1
1
1
1
1
798
27702
1
356
719
1
1
1
1
1
787
1
1
1
1
484
1163
1
1044
2198
1
88
1949
1
1036
60
1
104
1
330
1
5557
1
5743
1
1
1
100
1
1034
790
97
6
156
1
901
1
18541
1228
972
61
133
22
1
1
1
160
547
12
1
131
1
1
678
390
234
254
229
417
61
1
1212
1
5620
1266
455
1
1
57
201
176
88
1
304
108
1
103
1
1
1
4
344
1
1
533
6
2698
404
12
111
352
201
1
1
1
1
1
1
1
1
780
1851
980
1051
6274
1
1
472
562
571
1
1
1
1
638
1
54
334
484
412
1
412
1
1
1
1
1
1
1
1
178
1
1
23392
1
1
11
980
1
1
1
1
1
112
304
1
57
242
4806
601
96
1
1
1
1
3218
1
26
1
1
798
4665
1
1
106
1
458
155
1124
374
1
1
74
139
1
16
1
1
601
1
1
35
42
781
561
19010
1
2158
986
1
282
1
523
1
54
1
4708
3240
155
1
1
980
472
1
770
1557
1
1352
1217
1
1
678
1
4574
1
306
156
106
60
1
4
413
6
1
229
1
242
472
1
1
1896
282
1
1163
458
13
3802
20838
689
1
1
156
96
228
267
1
1
420
57
9066
1
361
770
412
163
1
1
1
155
1201
1126
1
1
475
1
1
16816
174
980
477
12
1
100
133
131
1168
523
155
1210
306
1
391
458
1
420
54
1124
77
1
12
1
1
216
1
1
97
1
6
2790
1
1
1
1288
6
1851
1
390
1
1
1
228
25834
477
1
1
1
1
1
1
1
1
1
232
476
1
1
1
153
1
1
1
1851
23
1
1
895
592
60
346
106
153
1
44
486
1
242
1704
1743
1
1
1
8683
88
1
1
1
112
35
1
727
26
72
1
710
1
1815
1
1
1815
147
54
4806
1
1
1
817
1
13895
1
1
1
1
914
4
21318
1633
1
1
611
1
1
35
570
143
160
301
1
1
1
195
9936
220
106
449
363
131
49
1
111
1
243
2286
1
2841
1
1054
303
181
112
230
1
561
1
1
174
1
1
12685
1
1722
1
1
1
183
416
1
901
42
1
1
477
1
11661
1
27025
132
558
1
1
477
1
1
155
1
6
1
561
980
638
1
11351
106
1
1806
1
1036
1
133
1
1
1
196
1
1
1
1
87
670
1
1
35
96
5736
1
1
1
418
1
1018
1
7171
1
1
1
1
2694
7
1062
132
306
6794
1
1
1
61
322
1
1
5223
1
1
391
96
264
243
1034
306
1
1
1
1
1206
267
520
155
1
1
1
181
1
412
1051
1
1
1
2901
1
12
1
1
6
88
1
1
4974
328
1
9042
1
1
1
1
1
4104
1
163
1051
1
1
1
1
1
12956
25834
1
1
747
1
1
1
1
233
64
1
1
1
1
1
1
35
1
264
1
310
12
6794
817
477
131
1018
889
1
19
1
1
1
670
9353
1
534
6
11856
6
1
1
11
1
1
172
1
1
1051
1
754
242
164
818
26939
761
1153
155
127
480
210
1
410
561
1
8105
1
1
1
1660
1
59
1
1
1
1034
304
1
1
1
1
352
1
1
486
3358
1
46
111
1
1362
1
1
1
1
710
6209
1
1890
1
1532
1
1
1
1
1
1
164
1
1
2439
1
1
1
1
1
1
1949
83
2439
1
42
149
234
1722
1
1
1660
1
1
1
1
1
1
3928
477
1
1
1
1
1352
1
148
6
1
242
728
1
139
361
301
1388
267
374
22091
1
1660
1
678
1
571
625
79
1
310
97
5
1
310
12
308
1
417
1
195
1
564
1453
1
1
1
20568
1
472
1420
1
12
1
1
1
1
1
1
533
1
1
1
1
1
1018
9287
1
1
1
1
1
1
665
2096
1
5560
1
798
1
1
87
1796
1352
1
88
1
684
1
2629
1
201
1
54
1532
1
1
46
1
1
132
1
131
1
1
1
1
1
1
1
1
358
1
1
4
1864
372
1
271
60
1
231
1
174
1
1
134
391
1
1
4
377
1
1
1
1
2411
1
1
14024
1
533
10472
1
625
390
1
1
1
1
21
1
1
1
45
564
981
5198
1
242
1
1051
1
1
1
1
74
1
134
1
9885
1
914
665
754
1
1
1
40
1
303
889
6
92
1
1
1352
12
1076
1
12178
1
1
1815
1
282
254
1
1
1
1
472
148
1
1148
12
1
1
625
1
1
1
1
44
1
1
1
1
1
1
1
1
251
477
1
404
1
444
160
211
1
1
310
412
980
1
1
1
980
1
60
1
406
684
1
980
1
1355
60
57
1
127
370
12165
1
1
100
449
35
201
290
929
1
1274
124
92
830
1
1
254
1
1
230
929
847
1
761
818
1
581
1
100
1
889
1
12
1
100
1
163
1818
231
1
12
1
181
1
1
1
1
1
558
1
1
1
477
1
415
12
1
472
16
166
2020
1210
1
1
475
61
290
134
1
1
689
1
1
536
26
1
132
12108
1
1
1
1
24088
929
2096
1
1
631
1
1
1034
149
11271
1034
458
1
561
471
728
289
391
2169
97
486
303
1
233
1
134
376
1
601
9091
1
1
1
1
61
1
941
21090
325
12
1
1
883
1
1
1
1
1
689
1
155
61
1153
1153
914
13
1
672
1
1
2411
4547
1
149
593
1
981
9041
1805
1907
156
1
364
625
281
106
1
1148
1
452
1
97
3482
155
156
12
3273
625
1
155
1660
132
1
285
1
201
1
92
1120
88
7514
1
509
1
1
1
1
1
1
2081
1120
1388
509
243
1722
1
1
4321
1
1
1
1
1
12
201
413
1
417
100
195
9345
1
1
1
1
895
1
1
2307
1
1
370
5198
12
1
143
1805
3276
410
3482
2233
1905
1
1217
164
1
1
1
334
1
1
2459
49
1
155
3871
1
1
887
133
600
308
88
1
562
163
1
3482
1
1303
1
1
361
1
417
112
452
471
21
1
1
104
1
740
1
101
232
740
1
1
1
1
88
57
92
1
1
1279
123
16518
88
1
1
160
1
164
1
907
1
1
1036
60
2854
1
106
1
1
229
1
1
1
413
412
155
1
6592
1
4126
144
1
1
588
156
1898
1
4400
593
271
1805
1
344
1660
1
1
22293
523
1
1
1
1
1
40
2841
1
302
6526
290
1220
2477
289
1
976
233
12751
348
1
790
153
17191
1
670
155
322
1
289
100
1
1
11
1
3592
1
1
1
1
187
1
82
79
2790
6388
4799
1
2169
1
1
1
1
359
1
144
1
1
1
1
230
26
1
187
1
35
1
1
21851
1279
1
356
131
1
1
710
533
42
390
1453
1
1
11788
1
1
1
1
1
44
1
163
17
1
166
12731
21702
1721
201
309
46
1
1351
1665
23
591
476
230
1
187
158
1
210
1036
187
1
68
1
211
139
1
1
103
629
44
1206
1
1905
5223
18894
214
1212
1
1
289
1
672
1
2136
1
1
1
1
1
1
290
250
1
7454
1
1
268
61
1
1
1
1
11216
1
1
8683
1
6
264
1019
634
889
1
1
1
4547
164
1
284
1
1
1034
2629
1
1
230
632
391
525
1
1210
338
33
1
271
98
1
719
412
7698
1
1
1
1237
853
6
1201
1
514
1
139
2411
1
370
1
1
1
1
1
415
730
1
1
458
474
1
72
1
1
1
1
174
415
1
81
13
348
2411
1
4
1575
12
1
1
79
1898
1
1
164
1
386
1
1805
1
1
1
785
14528
163
1
1
1
1
163
1
1
472
1632
1
1
1
88
1
301
536
1
525
3680
198
1
328
1
46
6
486
1
1
1
1
1
436
4892
290
6
1
42
1
1
1
1
470
1
1
308
1
1
44
1
1
1328
19
33
1
477
1
1351
1
1
1
727
1153
13258
689
1
290
1
1
1
1
303
1153
394
1174
1
1
1
1
1
1
1
144
1
12
601
1
1
1
1796
3802
127
1
23780
1
303
74
1
1
425
1
1
591
1
443
1
60
264
1
1968
1
42
520
1
205
127
155
455
172
701
220
1
6091
44
1
1
1
1
1949
1
133
333
181
12
60
884
3482
1
1
1
181
106
1
48
472
412
1
412
139
183
1
1
6738
1
201
12
1
254
205
1898
174
1085
1
1
1
1
2439
1
290
1
980
1905
49
451
61
719
306
1
1
1
301
1126
533
1
1
1
12423
33
16
1
1
233
547
1
26
1
449
267
1
428
1
1
1
1
1
1
1
1
1
1
980
104
326
1355
1
1
4767
176
205
42
798
1
1
330
558
201
23
386
7
1
1
310
351
1
1067
1
1
1873
1
12576
230
2036
374
1
1
1
374
1
18
1
929
1
497
1
2502
187
444
1
547
1
1
64
88
5736
289
1
3273
1
1
1827
1
1
1
2090
604
1
1
325
1210
1
178
12
163
133
35
1978
1124
21167
64
1
1
1
761
1
1
611
1
44
1
290
1
115
152
96
477
148
88
21
1
1
1893
1
1
1
1
1
205
1
9256
4974
827
1351
1
1
139
1
4
853
144
404
49
54
1
437
543
485
