203
1
1
1
1
337
1
138
235
1
330
1
79
1
246
1
36
1
1
1
1
387
1
1
1
81
1
333
1
1
33
1
19074
1
1
17
366
1
53
1909
1
3360
335
1
1
482
1
1
1
980
42
1
5550
1
3560
1
1
1
64
1
33
1
1
9692
1
189
1
800
1
201
366
10368
1
1
1
122
1
1
1586
1
26
150
1
1
23484
617
1
873
1
1
382
1
2272
55
1
1
141
1
1
1
1
1
416
86
1
1
1
714
1
1
1
31
871
189
20163
233
68
1
1
1
1
76
1
249
1
267
59
1
1
646
51
1
1
1
1
636
1
8
1
1
97
1311
1
1
1
18802
1
1
40
82
1
222
530
1
1
276
1
1
160
2292
1
1
8
1
6813
1
1
382
820
1
254
384
42
1
46
7675
1
1
216
643
1
1
363
760
363
1313
1
1
1511
40
1454
372
1
1
1
1
1
1
42
1
70
1
1
1
1
1
1
1
1
1
1
1
1
1
1
179
1
1
1
1
1
152
82
42
1
1
1
1
292
750
1
376
1006
1
506
2241
1
183
1
86
51
1
1
256
1
15
1
1
124
1
1
1
169
937
1
841
1
1
817
1
1
1
22
2918
1
1
1638
1
544
1
1
1
235
152
1
348
1
1
1
384
66
1
1
359
1534
1
639
859
115
15
2826
229
382
116
1
492
1
179
1
1
33
1
2006
1
160
1
384
1
160
1
1
1
14208
1
1
254
1
1
9063
1
1
1
1
1
1
88
229
1
1
5715
1
1
28
276
28
1
6
1
1
53
1
1263
549
1
1
1
1
13974
1
7759
770
1
1
1
1
1
1
3383
694
1
1
1
10594
1
1
1950
1471
1
1
142
1
4602
1447
1
1
232
1
1
2282
622
1
441
115
6386
179
1150
22
1
1
1
1
1
922
620
1
1
1
1
1
1
1894
1
1
1
1
800
1
1
1
37
1
1
292
699
1
103
1
1
1
441
694
1
1
1
841
59
1
591
1
1
508
1
1
1
634
1
1
291
1
1
8141
1
1
1
1
303
22
1
1
1
1
1
614
1
1095
1
1
1116
1
1
1
1
1
1
3005
1
1
1
1
1
23845
55
46
276
1
1
1
1
1
372
244
5474
1
1
1
303
1
1
722
1
303
2332
1
1
1
6
465
1214
696
384
1
46
1
1
11332
772
1
431
666
1
1
1
617
1
5497
1
899
1
1
1
871
1
10834
1
1
726
1
1
1
1114
655
1
76
1
1
1
1
319
1
1
697
229
179
2846
1
1
1
115
343
678
1
1
1
116
1
1
1
88
79
229
635
1
1
515
1894
1
171
21311
1
1
1
183
1
276
1
1
1
1
1
1
1
1
830
1677
1589
1
142
1
1326
142
428
1
88
1
235
1
1476
1
1
593
1
1
229
1
1575
1
1
1
1
1
911
9
829
453
115
330
10353
1
115
303
88
380
554
1
86
301
1
1
1749
1
1
1
1
435
561
136
11
1
287
1
1
1
6246
852
1
130
179
1
1
1
165
1
1
1
2865
88
1
116
291
1
1
1
1
1
17
509
1
1
233
1
597
384
1
1
1
1
1901
3530
1
1
28
1
1
1
1
1
53
1
1412
1
2125
1
1
2189
15
499
2275
1
414
1
1
1
1
1
1
1
1
46
1
1796
216
1
1
108
82
1
319
678
1
1
1
489
1
1
1
526
85
1
1300
1
1
235
1
285
1
276
1
1
1
169
1
1
1
172
1
1
142
1412
358
230
179
1
6
9
1
2292
1
303
1
3210
1
82
384
1843
142
1
186
1
46
1512
1
3560
1
1
17
1
232
340
1
1
6561
1
1
1
55
1
5440
1
1
1
291
1
1
1
401
1
1
1
372
1157
20508
1
1
1
1
142
465
1
358
1
1
1
1
97
16640
1
244
1
1
169
1
1
1
1
1
1
244
116
42
583
509
1
1
1
585
629
1300
1
1
1
7713
33
1
1
1
1
1
1
550
1057
1
644
1
1
1
1
1
185
288
1
691
216
1
184
1
583
1
1
1
1
873
288
14834
1
184
288
1
1
1
1
1
1
1
334
1
1
291
1
303
1
1
2029
1
1632
1
68
6767
1
7795
1
1333
1
1
1
1
1
372
72
499
358
611
88
1
1134
1
1
1
115
1
465
1
1157
46
1
116
1
172
1
1
1
1
159
1
1
53
1208
254
1
159
2586
1
1
1
113
15
1558
1
235
505
1
1
1
88
1
319
1
1
1
11156
1
8314
46
531
1
1
1
1
91
153
1
1
1
815
1
1
1
1
289
1
50
330
1
1
922
53
1
91
526
33
1
1
37
1
1402
232
1
1
499
7372
1
1
288
256
1
46
233
1
307
1
841
961
130
285
1
1
1
1
1
293
1
1
1
33
394
1
431
115
1
1
1
235
7960
1
1
1
1
186
1
1
39
1
1139
530
1
1
1
1
303
1
1
1
372
1
1
1
2332
7611
1
1
1
1
1
1
420
229
453
179
23544
256
1
1
611
1
1
1
1
1
1
285
1
1
1
1
180
421
179
1
1
1
1
1
1
43
1
455
287
292
1
1173
1
1
611
1
1
1
1
232
1
1
1
1
1
343
530
1
2493
1
1
1
1
1
1
53
568
1
1
1
1
1
1
1
1
1
4812
1
165
1
303
2737
1
1
1
40
678
1
1
72
1
1
386
1
1
1
1
1
1
21583
1
1
1
1
1
1
1
1
1
1
1
393
1042
1
1
2332
372
85
1
505
1
3561
160
1
1644
1646
1300
1
1
176
1
1
513
88
1
1772
678
1
1
1
1
1
1
179
172
1
115
1
647
1
1340
1
1
1
291
1
14166
1
1
184
1
841
1
1
1
235
1
1
1
1
33
1
1
1
348
1
276
313
1
1
1
421
1
597
1
499
1
1
33
1
285
1
33
1
1
1
1
1
236
1
8441
1313
86
136
584
3323
1
1
1
644
1
629
1
1
1
160
1
171
15712
301
710
1692
1
1
1
441
1
3883
1
1
1
1
1
1
899
1
2248
1
530
1
2189
288
6519
350
441
1
1
1
1
1
1
756
1
142
1
4035
1
153
1
1
280
183
1
2726
1
1
1
509
5520
1
176
191
124
146
1
142
1
1
1
1
1
593
4988
4573
1
1
1
1
568
88
293
1
1
1
1
70
1
2486
1
1
1
1
1
583
1
291
276
1
1
142
936
307
678
2493
1
988
142
1
554
1157
1
1
513
1
1
1
334
6
1
873
1
1
1
1
1
1
18081
1
1
1
1
1
1
1
18591
1
1
1170
15
1
1
13653
88
420
2448
176
1
342
176
1
1
1
1
901
1
17
1
899
17
1
33
1
1
1
1
1
1042
1
1
88
1
46
180
372
922
1
37
1
169
373
358
1
1
1
1
1
191
760
130
1
1
1
1
471
1
1
1
1
1
1
1
372
1
367
1
153
1
1
597
1
1
1
372
1
509
1
1
1042
254
1
1
1
1
1
1
33
1789
421
86
1
678
421
1
1
1
1
1
1
1
611
130
1
1
189
4852
1
1
1
1
289
1
899
1
1
1
55
1
691
1
1
453
1
2493
1
1
1
285
1
1258
1
1
1
1
1
1
1
1
46
1
1677
1
1
330
1
17243
1
1
1208
43
1
946
294
1
1
1
233
1
2301
550
1
841
1
1682
611
1
1
1
165
1
116
1
1099
1
1
168
1
1
1
8381
1
1
585
1565
1
1
1
115
184
1
1
1
1
1
1
1
229
1
1
611
160
1
85
276
1
115
1
1
1
2730
276
1
1
1
51
1
348
1
1
165
1
1
1371
2439
1
363
1
1
1
292
7997
14805
772
160
899
1
1
1182
1
10460
1
1
17
1
384
1
1
850
1
1
269
1
1
613
523
1
1
46
33
492
303
1
330
1
1
550
1
1
1
1
10736
1
1
1
284
3000
1
1
1
116
1
1
291
276
1
1279
1
1
1
1
254
1
1
1
1
160
1
1
901
1
136
2482
1
153
1
176
1
1
871
46
1
82
1
1
1
115
1
1139
1
285
1
168
1
1
136
2242
961
1
175
1
18672
1
1
801
115
1
1
1
729
1
1
1
629
1
103
1
1
1300
1
1
1
1
1
1
1
1
1
1
1
1
1570
142
1
235
1
3160
1
1
1
1
3210
1
994
1
1
583
1
1
366
33
677
1
348
1
1
1
1
1
1
11365
1
1
1
1
1
288
4988
1
1
269
186
530
379
1
1
1300
1
1
1
961
498
1
294
1
1
386
1
82
1
1
1
1
1
1
1144
1
1
772
1
165
1
530
1
313
1
1
764
1
169
1
1
1
1
79
160
1
88
897
33
1
1
235
1
999
380
1
97
91
1
1
1
523
841
160
1
189
1
1
1
1
1
1
597
1
1
13395
1
1
1
82
523
583
183
1
401
33
837
176
1300
517
1
1
1
1
677
351
384
1
1
513
22
1
2280
1
43
1
1
1
42
1
1
384
334
1
1
254
1
13
1
379
1
1
1
428
1
1
1
1
229
1
1
1
1
1
1
216
1
1
160
334
1
1
1
366
9306
1
179
269
1
1
14468
1
1
1
1
1
33
115
363
88
1
64
1
1
465
216
3379
1
1
1
1
319
1139
146
113
1
431
1
1
1371
1
1
1
1
1
1
1
1
1
1
531
1
1
678
1
1179
1
1
1
4988
1
1
1
15
394
605
899
55
1638
256
4490
1
1
1
1
1
1
1
1
1
1
1
6656
1
1
10154
1
1
303
186
1
1
1
1
1
1
1
1
1803
1
1
1
1
1
1
1
1
1
5234
1
1
1
1
871
1
1
1
770
1
186
156
1
1
1
9
367
367
420
1
1
1
276
611
499
1
1
11
303
291
1
1
1
1
1
1
1
319
53
1
498
82
1
293
1
1
1
1
1
1
1
85
425
22
288
1
8153
330
523
1
1
1
1
303
1
372
1
28
541
4096
1
72
1
1
1
1803
1
471
42
1
1
841
372
1
1
1
920
1973
1
1
1
1
1
256
458
2292
1
1
961
1
1
179
229
1
1
113
1
1
1
1
319
348
351
1
401
1
171
86
1
367
800
358
1
1570
1
1
1
1
1
1
1
1
1
7275
1
1
330
40
319
1
348
1
1
366
21023
1
22
1565
2934
1
1
1
1
1
1
1
1
1
53
1
1
15
1
1
1
530
1812
1
1
729
1
1
772
1
1
760
1
1
1
568
59
1
1796
1
1
236
16238
2261
264
1
1
593
4919
3585
1
229
1
91
235
1
1
384
1
1
1
2430
523
1
8
1
1
1
160
597
922
1
3774
1
1796
697
180
1
142
1
1909
1
8074
1
629
1
1512
1
235
1
160
172
160
186
1
330
772
71
1
2199
1
1565
179
1
88
689
179
1
46
20967
515
897
1
1
800
1
1
15
372
1
184
334
1
1
1
1
1
1
1
1
1
319
3560
303
17837
1
1193
88
678
515
1
1
1
1
1
358
1
1
1
1
1
772
1
1
1
1
1
1
1
1
1
1
289
1
1
1
176
1
22
7698
1
1
1
256
1
583
1
1
113
1
1
1
259
113
1
1
1
1
313
244
1
330
115
1
1
244
1
677
1
37
42
159
160
1
1
1
1
1
1
55
1
1
169
114
1
1565
1
1
425
1
1
2463
1
515
1
1
1
85
153
1
2261
1
1
191
2151
1
1
1
1
2493
1
1
1
348
873
330
1
191
1412
1
1
1
1
46
1
1
307
313
1
1
1
1
1
2421
748
1
1
50
677
1
1
1
1
1
1
24137
1
39
1
899
2655
1
3972
230
394
1
3447
678
1
46
1
1
1
3589
1056
1
1
922
1
1340
613
815
1
1708
235
59
1
1
1
1
8
229
1
1
1
1
530
1
1116
1
1
1
1
1
86
1
4988
168
1
1
597
6
1
1
1
7675
1
184
1184
420
2261
1
1
93
1
1
244
82
1
583
1
156
1
1
871
1
1
1
1
296
1
505
1
914
414
33
1
33
1
1
153
42
1
1
1
1
1
1
1
1
1
1
1
330
8312
1
940
1
1
1
1
1
1
1
1
1
1
7222
1
1
1
1
79
1
186
1
51
1
678
1
801
1
33
1
169
46
1
1
1
1
899
1
1
1
1
115
1
1
1
1
1
384
1
235
256
1
15
330
1
1
1
421
9
293
1
37
1
1
1
1
1
425
1
1
1
2480
1
629
1
441
1
1
1697
1
46
113
677
1
42
1
1
1
1
1
1
348
1
1
1
1
1
1
26
313
1
1
115
1
1
70
1
1
1
521
114
471
184
1
597
1
1258
1
1
179
1
1
505
1
1
22
1476
1
1
1
1
1
1
1
46
1
677
1
1
1
1
1
4295
1
1
1
1616
88
1
113
1
677
91
4398
10069
1
710
1
894
1
1
1
1
1
1
1
1
340
126
1
1
340
1
837
1
142
1
492
13653
53
11
1
1
42
1
284
1
1
1
1
82
288
1
1
3323
1796
1
1
1
1
1
1
492
1
901
1
1
1
1
1
183
1
613
22951
1
1
1
1
59
1
313
1
1
3160
1170
1
1
1
1
1
1
1
1
289
216
1
873
1
1
1
961
1638
7727
1
1
184
1
1
1
1
1
1
1
1
1
1
1
1
1
1
146
1
2486
1
1
280
85
1
259
1
1
1
509
1
1
108
130
1
1
1
1
655
1
1
1
1
1
291
1
1
124
1
1
42
55
1
1
1
1
1
46
1
183
103
1
1
1
729
710
383
1
1
1
1
1
1
79
1
1
1
1
1
521
1
254
1
1
1
1
5226
97
1
644
2493
264
280
1
93
88
1777
142
1
71
1
1
186
68
1
1
288
2204
303
1
593
334
435
160
1
1
1
1
1298
184
554
160
1
1
1
1
1973
1
1
1
1
1
55
1
2243
76
1
1476
1179
1298
3510
358
276
146
303
1
1
363
1
88
1
1
1
1
113
1
20967
521
1
1
489
229
1
1
1
1
1
342
1
1
1
458
33
3447
1
1
1
7955
465
1
1
1
1
841
280
303
499
420
1
1
1
1
1
1
46
1
1
1
1
1
1
256
230
51
88
1
1
1
1
1
1313
1
1
506
1
1
871
1
1
46
93
1
1
1
3306
1
1
1
1
1
1
873
1
142
115
530
40
1
1
244
1
273
420
1
379
1
1
1
1
1
1
1
43
1
1
350
191
585
1139
1
115
291
1
1
2480
88
1
894
1
435
1
1
1
230
613
1
5734
1
5942
25249
1
14174
899
142
1
517
1
772
1
1
513
15
1
1
330
1
233
1
33
160
1
372
1
1
1
1
1
1
584
1193
1
1
4093
384
1
1
1
1
51
1630
293
1
42
1
1
1
1
1
1
1
1
1
1099
14834
160
1
142
1
115
1
184
1
53
1
1
1
1
1
1
1
384
1
1
1
1042
2292
1
401
420
1
1
43
180
1
1
1
93
1
31
1
1
1
86
115
1
1
350
689
1
42
1
91
2248
6371
235
1
232
1
585
729
88
2807
1
1
1803
1
1
1
531
1
116
79
1
850
1
1
1
801
183
1
1
1
1
2480
1
233
91
1
1
1
1116
1
1
1
530
330
1
1
1
1
103
1
1
1
1
307
1
1
1
1
313
1
1
1
1
914
554
1
1
1
1
1
499
289
1097
523
179
1
1208
160
363
1
1777
1682
1
1
530
1
1
1
1
82
1
319
1
5371
1
1
1
4087
348
1
1
435
1
1
1
1
428
1
1
189
1
3378
1
1
10356
1
1
1
372
1
1
1263
1
1
1
1
1
1
1
748
235
1
3648
1
1
1
1223
108
1
1
936
1
1
1
691
1973
1812
229
729
146
1
12288
1812
33
1512
168
1
1
1
1
1
568
914
115
1
273
677
26
1
14164
1973
1
2125
1263
4166
1
1
28
550
1
1
1
1193
1
1
1
1
940
1
43
1
1
1
489
1
1
1
232
115
1
330
1
1
421
88
51
1
1
1
1355
420
1
40
1
4166
1
1
1
1
1
233
841
629
116
1
1
1
1
291
1
1
509
1
273
1
159
1
8
12766
1
1
1708
1
1
1
401
1
88
850
1
1
168
544
235
1
1
1
1
64
1
1
1
1
86
1
3320
20799
1
1
1
1
146
1
1
988
342
17
186
1
873
1
1
51
1
1
515
1
1
1
1
1973
264
1
1
605
17
186
1
229
53
189
5153
23226
523
1
172
1
72
1
1
13789
1
1
1
72
659
160
342
1
1
296
8975
1
1
1
192
583
1
1
1
1300
1
1
1
1
1
168
1
1
1
1170
1
1
233
691
235
1
1
1
1
1
23466
1179
1
899
1
244
1
1
1
72
379
530
1
171
2480
1
1
1
1
1
1
1
1
1
1
2249
1
1
6
2493
10736
1
1
1
613
1
319
2242
46
1
115
1
1
3590
593
1
1
276
28
1
999
1
1
1
1
1
1
1
348
1
43
1
1
1
130
1
285
1
42
689
1
1
22
1
172
1313
115
1
39
24152
1
1
1
1
1
589
136
1
3341
1
1
348
1
561
142
1
1223
499
1
1
40
1
1
1
1
313
1
233
1
1
292
159
1
1
1
1
541
116
1
1
1
1
70
1
1
1
15
1
1
1
1
850
334
372
1
2151
1
2248
1
8
1
1
50
1
1
1
8
1
678
1
1
1
1
1
1
1
800
1
1
86
1
1
1
86
7450
1
1
1697
1
1
233
1
15
1
142
471
50
15
1
165
1
1
597
801
186
1
1
1
1
1
1
1
1
1
1
15
1
4919
1
8327
115
1565
1
1
801
1
1
1
1
441
1
1139
229
1
1300
1
1
1
1
1803
1
307
11
2493
1
1
2826
1173
1
677
64
236
179
351
1
1
1
801
76
629
1
1
1
1
1
276
629
1
897
153
1
232
1
115
7878
1
280
4484
285
1
1
113
1193
1
1
235
1
1
372
1
230
3509
276
7494
1
1530
1
1
31
1
15
1
116
1
1
1279
435
515
235
1
1
169
1
186
1
530
453
53
22
1
1179
1
1
22
37
1
1
254
1
1
1
1
6
79
541
815
1
1
1
1
1
264
1
1285
1
764
1
301
2421
677
1637
1
146
513
1184
1
617
183
66
1
1
1116
1
1
1193
1
1
1
288
1
103
523
1
1
1
142
1
1
1
517
1
1
1
1
1
1
936
1
1
1
1
1
1
7755
1
1
307
1
348
509
1
1
1
330
1
1
1
1
165
441
82
1
1
1
160
1
22
1
1
1
168
1697
1
1
1
655
1
1
1
1
1
1
2482
1
2493
1
1682
46
1
1
1
1
1
1
1
1
256
229
291
379
1
24611
1
1
453
1
82
1772
113
1
1
1
1
46
1
1
16526
1
1
313
1
192
1
1
1
3383
1
359
1
1
1
1
1
1
2493
1
1777
108
1
1
1193
10525
1
499
6701
1313
1
1
1
1
91
91
1
24814
1
2807
1
1
597
1
7233
186
1
342
1
1
1
523
3589
1
1
43
1
1
379
1
1476
1
1
1
1
1
1
130
1
1
1
1
1
1
168
1
1
1
1
1
372
19760
8410
358
229
871
1
3139
10006
1
2125
1
235
1
1
169
1
1
1
1
561
1
1
1
366
1
772
1
1
1
1
617
39
1
1
1
1
1
1
1
471
1
1
1
1
1
2486
1
1
1
1
1
303
1
15
33
1
1
1
1
72
1
1
1
629
285
1
1
1
1
2282
1
1
33
1
142
1
1
33
1
10613
1
115
1
1
1355
1
1
1
1
1
1
1
1
1144
1
1
1
1
15
899
1
492
1
1
160
2125
1
1
113
1184
1
1
1
1
1
1
1184
1
1
116
1
1
1
88
2243
1
2249
165
748
1300
15
1
1
1
1
1
5009
1
4229
289
1
3509
5067
79
1
1973
1
1
7311
506
1
6
1
184
1
1
86
1
1
526
1
229
1
1
1
1
1
39
1
1
1
1
1
1
1
1
541
492
1
1
156
116
232
82
293
1
313
760
1
1
1
1
3383
1
850
1570
1
748
1
678
10525
1
1
1
1
1
183
1
5631
1
136
1
184
499
79
1
1
1
1
421
1
655
1
1
1
1
1
1
372
1
1
1
42
523
1
1
1
1
176
1
482
1
1772
1
1
1
37
441
550
1
1697
760
1
229
1259
1
1
1
1
1
458
1
1
383
1
115
1
1
871
1
244
1
1
1
1
168
1
1
33
1
1170
1
176
1
1
1
373
1
1
1
1
1
186
1
1
1
1
1777
1
1
589
1
1
1
1
1
1
1
15
1
1
10084
1
1
1
1
1
1
33
33
1
871
1
1
1
1
1
293
1
1
1
254
1
401
307
1
1
26
899
235
1
116
91
1630
1
43
1
1
15
1
8
489
1616
1
1
256
269
1
1
334
1
1
583
1
1
1
12472
1
40
1
1
160
1
86
1
1
629
186
1
1
1
19797
435
1
1
1116
1
901
1
1
1
901
186
1
160
561
1
3817
2017
1
186
1
1300
2017
1
88
1
1144
394
1
1
1
1
593
1
1
1
330
273
1
1
372
1
256
1
1
46
39
1
1
530
1
414
1
351
230
313
414
1
1616
1
644
256
1
764
850
1
1
1
384
22968
1
1
40
1
1558
1
1
1
1
1
1
1
1
1
1
1
334
1
126
678
1139
1
1
1
678
82
629
1
1
3383
1
677
88
20544
1
1341
1
1
1
17
1
1
1
142
191
1
1
176
235
515
1
146
1
53
1
1
1812
1
1
1
6
521
1
899
372
7289
1
175
1
1
1
303
72
1
185
153
1
191
1
1777
6519
517
291
1
617
1
1
1
1
1
6
276
1
232
1
509
1
1
1
1
291
1
1
91
1
850
1570
93
330
11
1
1
1
1
1
1
1
264
373
1
1
611
142
1
1476
1964
530
1
1300
800
1
1
1
1
1
1
1
1
1
1
124
1
230
1
1
999
1
39
1
1184
1
229
2913
1
33
169
523
1
1
1
1
39
1
1
115
509
33
401
1
1
710
82
184
319
1
1
3597
1
1
1
319
1
1
1
1
1
1
1616
3323
1
289
1
1
1
1
1
15
1
1
1
1
372
394
169
1
492
363
330
1
1
394
156
1
1
1
1
1
629
3724
1
1
1
1
1
254
39
1
1
2493
1
1
136
373
1
1
1
1
82
1
1
1
192
1
2204
142
1
1
142
1
130
1
1
1
1
229
1
1
383
1
1
393
1
1
1
772
1
1
1
15383
1
694
1
168
1
498
46
1
1
1
1
1
1
1
1
1
372
1056
1
1
1
1
1
1
678
1
17761
72
1
5482
15
1
1
1
1
1
1
597
691
367
1
1
1
11529
756
5153
88
1812
1
1
1179
1
169
1
513
1
1
79
176
86
159
613
694
1
136
1
50
1179
179
1
1
16310
33
2493
85
160
1
130
1
72
1
186
629
1
1
33
330
515
1
1
11976
1
1
800
1
115
1
1
2493
1
764
1
499
1
1
1
710
1
307
1
350
1
21346
1
1
15
72
1
1
1
1
179
291
506
293
1
1
1
1
1
160
1
1
350
435
1
330
1
179
1
1170
1
1
1
513
584
1
1
183
1
91
1
1
420
1
1
1
289
1
4006
1
1
1
1
1
2482
1
1182
156
16144
15
1
192
1
1
1
126
1184
629
82
1
23341
1
1
1
421
1
2778
1
471
86
1558
1
800
961
1
1
1
1
1
68
1
4223
1
1
1
678
1
1
350
1
1
421
1
185
1
82
1
1
7372
379
1
1
23113
1
1
1
1
1
482
156
1
541
1
1
88
1
288
1
1
1
1294
1
1630
359
97
1
1
554
1
1
1223
1
1
46
1
2913
1
1
1
4229
82
1
1
1
1
232
1
394
1
1
313
1
1
301
1
229
40
1
301
1
1
1
15
523
1
1
1803
1355
1
1
505
1
22
689
358
453
1
1
1
541
130
1
1616
115
1
40
526
165
1777
1
1
1
1
1
1
1
303
1
1
1
1
1
1
1
521
1
64
1
1
24443
269
1
384
1630
285
10859
1
1
1116
50
1
146
86
142
1
4852
1
850
1
235
1
1
1
1
1
1
1
1
1
414
1
1
55
1
1
160
1
1
1
554
256
66
523
1
1
68
183
1476
1
1
1
1
1
115
1
1
1
1
1
291
1
1
1
1
2826
1637
1
1
1
126
39
1
1
1258
1
1
1
22
1
1
1
40
471
629
1
115
441
15
2913
1
1
296
116
1
1
1
2055
1
8971
1
1
1
363
1
605
1
15
342
1
1
1
1
1
1
1
1
1
1
1630
425
505
1
172
168
1
1
1
168
1
530
2292
1
1
4225
1
179
165
126
677
1
1
13194
1
269
1
383
1
1
1
313
9
1341
455
1
1
233
710
897
86
1
1
1
343
1
1
235
5440
421
1
1
358
1
1
1
363
1
1
1
1
1
1
1
1
1
1
1
2493
1
530
340
1
1
1
2486
40
1
68
183
1
1
183
1
584
285
1
1
1
1
1512
1
276
42
296
1
1
1
1313
1
1
1
1
1
165
1
961
1
1
91
1
1
1
1
1
3302
2249
629
1
471
1
1
1
1
589
1
1
1
1
6
2017
6
489
1
678
1
613
165
1
1
1
1
1144
183
1
165
1
1
70
88
319
1
1
1
1
568
1
1
1
165
1
394
1
1
1
1
15
1
1565
1
1
901
1
7698
43
1
31
301
509
33
1
1179
22
1
6561
1
1
165
6
2482
4031
1
115
384
1
51
1
1
116
428
1
1682
678
1
1
186
1
31
1
1
276
1
1
1
1
1
1
1
482
420
1
1
1223
1
1
1
4836
1
15
593
307
6
1630
1
1
1
91
1
165
124
235
11794
1
1
1
1
72
28
1973
169
169
350
1
1
1
506
1
1
1
1
629
1
88
319
1326
1
59
1
2029
550
1
1
1
330
86
1
1
1
1
186
1
1
1
1
1
1
1
441
39
1
17826
372
1
1
5828
710
160
1157
1
1
1
1
1
1
1
1
1
289
1
53
1
1
1
1
1
441
1
1
1
4398
1616
1
1
1184
401
15
1
1
1
1
1
303
561
379
1
1
1
1
1
801
342
1
1
1
1
1
165
1
585
1
1
1
1
515
1
142
1
617
1
269
1258
3509
11318
691
288
15
1
897
330
1300
1
505
1
1
1
4295
1
492
1
489
561
1
431
1630
33
176
229
1
1
37
13
1512
1
1
1
183
1
142
7080
678
1
1
183
1
1
1
1
1
1
1
585
1
1
1964
184
1
1
1
179
1
1
1
1
24368
1
1
1
1
285
1
1
1
1
1
1
276
1
613
6521
760
160
153
1
1
1
51
2275
1
1637
116
1139
1
91
1
482
489
1
1
1
330
64
1
1
899
244
1
1
1
85
1
37
1
55
1
372
1
68
313
6561
42
1
1
401
68
505
288
256
1
920
33
1
17
17633
46
406
116
1
1708
1
1
384
1
523
1
330
1
1
46
79
1
33
1
319
1
1
82
235
1
6
280
1
1
1
1
748
1
899
1
1
1
678
1313
1
1
1
1
1
115
1
1
176
1
748
76
152
414
1
1
1
1
1355
1
1
914
1
1
33
1
393
1
15
1042
1
515
42
1
530
1
1
39
1
3341
5550
1
171
401
8492
515
172
509
435
115
51
1
1
1
1
1
505
10662
1
1
1
1
1
1
276
186
1
1
1300
22
1
229
1
1179
1
1
1
1
1
1
1
342
1
1
284
1173
1
1
1
235
1
184
1
1
1
1
1
1
1
1
1
11233
1313
13
108
15
1
568
1
1
1
1
453
348
1
1
1
1
1
1
1
1
1
894
1412
1
1
172
1
39
1
1
1
1
1
1
156
1
1616
1
1
677
367
1
232
229
2826
1
1
1
1
554
1
372
8153
1
1
1
1
179
901
1
1
1
871
1
1
1
1
303
1
850
1
1
1
264
1
1
1
1
1
1
72
1
28
1
1
1
229
165
33
455
1
1
1630
1
66
2826
1
2913
1
342
1
1
1
1
1
1
1
1
1
294
319
678
1
1
259
1193
1
1
1
15
1
1
1
1
1
1
1
1
1
1
1144
50
1
1
367
1
1
1
1
1
2282
394
301
1
523
303
1
1
1
1
88
1
756
11253
284
1
1
1
301
1
1
175
1
1
1
259
1
1
59
235
1646
1
1
1
1
1
1
1
1
1
9030
1
235
815
1
1
280
1
72
97
70
1
1
1
1
629
1
319
1
9
1
31
1
1
1
1263
1
1
1
1
1
1
235
259
1
1
1
1
159
1
115
2526
1
1
1
160
1
1
1
1
1
1565
160
1
40
165
8
1882
1
770
384
319
1
1
1
611
186
97
26
1
1223
1
358
1
229
179
1
1
254
1
1
1
1
1
1208
53
46
1
677
1
1
82
1
1
1
1
4166
5550
169
1
1
53
800
1
1
1
55
1056
401
186
1
1
288
172
82
1
1
1
1
1
330
216
284
1
1
1
1
1
1
584
1
1
172
1
1
1
1
1
1
1
1
85
1
1
629
97
1
1
892
3509
1
1
513
53
1313
1
1
1
1
1
393
1300
384
319
2151
1
1
343
1
1
291
1
1
1
55
1
643
1
1
1
482
33
5901
4006
86
1
428
1
1
126
1116
801
33
1
1
1
1
1
1
801
1
1
46
1
643
1
1
1
116
1
1
1
383
1
1
1
1258
1
1
42
88
1
489
1
294
1
1630
1
303
1
1
1
4031
1
1565
291
1
1
1300
1
1
43
236
319
1
130
1
471
1
1
1
1
530
1
1
1
1
1
1
1
115
130
541
1
1
1
1
1
1
1
296
6386
1
892
176
1
12288
1
15
1
1
291
1
184
189
901
43
186
1
1182
1
230
1
1
53
1
1
1
1
191
611
12766
756
1
1
1
8381
1
288
1
1
1
1
1
1
523
18944
1
72
33
291
526
1
531
489
1
1
9371
1
88
126
1
273
1
42
1
124
1964
287
1
25883
770
1
1
53
289
710
1
1
372
1
1
815
229
678
55
1
1
1
1
1
1
64
11
1
2151
1
7368
1
15
764
1
1
372
1341
1
33
103
115
1
1
1
1565
191
1
55
11
1
1
186
14457
1
1
1
1
1
1
1
1
1
15
1
1
1
1
1
1
1
815
873
53
1
1
1
22
287
1
1638
1
1
1
1
1
1
1
554
319
1
88
156
1
183
1179
1
348
142
1
116
1
1
2526
541
1
1
1
1
1
25424
1
1300
1
3447
114
2243
1
1056
1
871
2493
189
1
296
82
1
115
1
1
1
28
1
1
37
1
1
1
1
1
1
509
1
1
1
1
1
116
115
229
1
384
383
1
10367
1
1
1
1
1
1
1882
291
1
515
64
1
9072
1
1
1
1
1
142
1
1
39
1183
1
1
1
530
171
1
1
455
192
186
1
6
1
1
458
342
1
1116
165
1
1
1
358
1
1258
116
276
348
113
1
1
1
1
1
1
2493
1
358
1
1
19358
28
88
1
15
4223
236
1
1
1
1
505
115
303
59
342
1
1
1
920
76
46
1
1
1
1
235
256
1183
1
1
2029
455
319
1
1
2482
1
1
1
748
1
1
103
541
1
1
1
46
1179
1
1
1
678
1
1
1
1777
1
1
871
1
6070
1
40
1
1
1
999
1
1
1
235
1
22429
1
678
88
1
319
14471
1
1
1
922
284
1
7324
1
192
629
1
841
229
72
1
1
1
235
613
1
1
1
1
1
82
1
46
1
1
894
1
1
1
1
1313
393
1
235
1
160
146
435
1
1
629
1
1
1
1
1
1
1
1803
165
1
1
1
1
1
1
1
897
1
406
1
1056
1
280
1
1
1
91
1
1
1
1
1
1
1
1
1
313
1
1
568
293
756
1
1
850
1
1
7610
1
2913
142
85
1
1
269
1
1
406
1
1
1
1
165
1
1
1
1
892
124
1697
1
1
288
1
1
583
289
1
453
291
1
51
1
841
1
1
1
1
1
1
1
1
1
303
1
1
373
1
1
159
116
1
425
1
1
441
1
13
2151
1
1
165
348
1179
93
629
1
1
1
191
1
1
1
1
1547
1
1
330
4166
1
1
1
1
236
1
770
42
296
24812
5429
1
513
2480
1
489
1
1099
1
815
1
1
1
611
1
1
1
1
772
372
1
233
1
1
86
1
871
1
82
1
1
1
453
521
1
76
254
1
1
1
1
13383
1
1
330
1
289
254
1
1
1
1170
425
2272
1
1
1
1
1
1
33
15
1
1
160
1
1
611
1
1
1
1
1
88
1
1
1
1
384
1
216
1
11
7698
1
294
40
1
1
1
130
629
372
1
1
1
2826
1
55
1
280
1
2292
165
1
1
1
1
1
1
66
961
1
1
191
1
3160
1
1
1
176
1
165
1
1
1
1
1
678
3774
1
1
1
1
1
1
1208
1
584
1
313
51
1882
160
1
70
235
1
1
1
184
1
285
1
1
313
1
50
386
1803
629
2204
1
1
1
276
307
1
1
1
142
1
1
1
1
1
1
1
1
176
1
8
1
1
1
1
276
1
1
1
597
2243
1
394
171
901
348
1
1
1
319
611
1
1
613
186
40
1
288
2243
51
1
1
1
1
1
1
12776
1
691
1097
1
1
922
554
11888
179
40
1
1
285
244
8441
116
1
229
1
1258
1
1
330
1
1
1
1
116
72
1
1
677
1
1
1
1
901
1
517
1
1
1
1
1
1
1313
1
515
1
1
66
489
1
1
1
1
1
1
1
509
1
1
1
1512
1
1
33
1
1
772
1
677
1
1
156
1
1116
1
1
1
1
1
1
1
1
526
26
1
1
1
1
39
1
1
1
4618
1
1
1
1
1
1
1
1
1
1
1
68
1
1
55
116
1
19607
8381
1
1
517
1
420
88
1
471
1
51
4050
1
1
611
1
301
678
1
1
330
523
1
330
1
1638
1
1
1
1
383
1
1
1
1
1
2243
103
6574
372
18555
1
1
319
1
1
1
1964
1
1
1
124
15
21583
1
82
1
1
1
2143
1
1
1
2482
1
1
1056
1300
130
1
1
296
471
254
76
611
1
1
1
7698
1
1677
1
1
366
1
1
1
6561
16683
1
1
1
1
1
1
1
1
482
114
1
1
6712
1
1
1
1
1
1
1
46
1
1
1
15
1
1179
1
1
1
1
1
232
1
1
1
1
1
160
760
1
1
526
1
1
2125
710
1
1
72
1
1
289
292
1882
1
12103
46
1
1355
17761
1
367
1
1
1
1313
678
372
1
871
1
1
165
1
1
1
1
1
1
471
1
2204
914
1
420
1
1170
1
1
1
1
1
1
961
1
1300
425
97
729
116
1
343
871
1
499
1
1512
1
1
541
1
1
1803
1
1
179
1
1
1
1
1
1
1
86
184
1355
1
1
1
901
1
42
748
86
1
5429
1
10218
772
1
1
756
66
1
171
1
1
1
1547
425
55
191
146
372
160
1
1
1
1
1
617
1
871
348
1512
691
319
1
3000
20507
285
1
386
1
1
6
1
1
1
1
961
9393
1
1
1
1
1
5942
1
76
1
1
40
146
1
1
1
37
70
1
585
343
1
1
11812
15886
1
999
1
1
160
93
1
55
1
800
97
1570
1
330
5474
1
1
1
1
1
11422
1
1
1139
172
33
186
1
644
1
1
1
453
1
8817
176
2913
1
1
1
1
1
1
1
2913
1
1
8
1
51
334
568
1
1
1
729
380
850
2125
1
1
1
431
1777
431
1
8910
1
1
1
71
1
1
1
70
1
1
1
1
1
1193
43
1
1
1
455
53
517
1
1
1
10208
629
1682
1
1
597
115
523
1
1
1
1
999
1
1
1
1
1
1
88
12365
33
291
192
13
1
1
1
1
37
1
1
1
273
1
72
2778
1
1
1
372
1
115
561
175
82
1512
1
1
2272
1
1
1
1
1
1
1
1
229
1
1
6070
1
1
1
176
1
1
1
1
1
505
384
1
1
1
455
1
1
172
289
1
88
235
1
1
1
1
14834
235
1
1
86
1570
1
1300
276
1
358
1964
46
1
1
841
1
894
1
629
1
1
1
1882
1
126
1
28
33
2826
172
68
1
1616
1
1
1
1
183
230
1
1
1
554
88
334
1
1
1
313
1
1
1
1157
1
1
401
10429
1
1
1
19074
113
1
1355
1
1
1
1056
3323
1
1
1
1
1
1
748
39
1
1
85
1570
1
1
1
1116
5497
871
1
617
1
431
1
453
1
288
1796
899
1
3560
1
1
1812
1
1
1
1
2275
1476
1973
351
644
505
285
168
1
1
1
1
677
384
1
51
1
40
15383
1170
2248
168
1
1
1
772
1565
40
801
22
1
1
1
999
1
1
86
471
1
1042
1
1
1
914
1
1
1
1
1
1
1570
800
1
1
1
1
1
748
1193
1
1
1
6517
421
1909
644
1
1
86
22689
1
12776
1
1803
1
1
64
1
1
254
1
1
489
15
1
1
710
837
1
1
1
1
1
1
1
1
1
1
276
1
1
303
1
1
1
1
1
1
1
93
1
1
307
1
1
289
46
1
186
1
554
1
1
482
1
554
152
11
1
678
79
1
678
1
583
1
1
1
1
1
1
1
372
97
1
526
1
1
1
93
14471
1
68
1
68
1032
1
1341
1
1
1
1
1
1
1
4833
1
179
611
1
1
1
1
1
1
1
1
2151
2125
1
1
1
1
235
1
2275
1
1
1
46
348
521
359
179
1116
1
1
1
1
1
458
678
801
1
88
1
1
1116
13
276
1
22
1
1
1
689
313
1
1
1
1
1
1170
51
1
1300
1
1
383
550
6712
1
1
1
1
999
1
1
1
4050
1
1
1
179
1
15
1
523
1
1300
1
1
1
160
13
3341
42
71
453
124
179
1
1
1
85
1
340
186
1
15024
1
1
772
1179
1
1
1
1
1
1
330
1
373
1
1
1
291
1
1
11
70
1
1
1
1
1
1
2493
1
1630
1
2282
1
216
1
1697
1
1
39
1
136
1
159
1
506
22482
1
31
1
330
1
1
1
1
1
264
748
313
39
5429
1
1
1
561
256
1616
441
1
10611
1
1183
841
160
88
593
1
8279
1
9037
1
343
3210
597
39
126
1494
1
85
130
1
1
1
1
284
1
2282
24752
1
431
946
1
1
1
1
1
1
1
64
1
50
1
1
142
288
1
235
1
159
1682
1
1
55
1
358
1
1
191
1
256
319
1
153
1
1
1
1183
1
401
1
126
1
1
1183
91
1
1
1
1
1
1
1
515
1
25255
1
629
1
183
1
1
1
1
1
1139
1
40
1
1
130
39
1
1
1
1
1
51
1
235
1139
1
509
229
1
1
1
1
1
1
1
1
1
1
1
1
1
841
1
186
1
1
1
1
1512
1
8151
530
1
1
401
1
1644
1
19585
1
1
1
79
1
1
235
1
492
1
53
1630
1
46
269
1
1
1
1512
1
1
1
39
1
2584
179
19744
82
244
1
1
1
1179
499
1
899
1
420
1
3759
1
1
1
1
142
379
1
2151
1
26
358
1
1032
922
64
1
115
394
1
530
1313
55
169
46
1
2249
1
772
1
285
53
2493
1
1
183
55
216
1
1
1032
1570
1
1
1
46
1
1
1
988
1
1
1
9219
7222
1
373
1
1
13
2292
605
1
4295
1
1
1
1
2275
1
7311
1
293
897
1056
1
435
1
1
1
1
760
183
4088
1
1
1
171
1
1
1
1
88
530
1
289
1
946
28
1
498
613
1
229
1
801
521
358
1512
1
760
1
1
366
21462
184
1
1
46
1
230
180
160
160
1
414
1
55
1371
1
1
1
1
1
276
509
1
1
1
1
1
1
1
1
1
1
394
88
1
1
301
1
372
168
366
1
1
1
1
2332
1
1
1
1
1
88
1
1
1
1
1
530
421
6519
1
401
617
1
1
1
1
1
897
1258
88
1
37
1
1
1
1
1
2006
526
1
126
613
1
116
1
186
1
1
1
1
1
644
1
1
530
1
348
269
4229
1
611
116
126
142
513
1
394
1
1
1223
1
183
1
655
901
233
1
1
184
1144
509
1
1
1
1
1
871
1
1
1
160
1
1
1
1
165
530
1
1
229
180
1
1
1
1
1
386
1
1
1
499
593
23471
1
1
189
1
39
264
33
1
961
1
1
276
97
2778
21883
1
11
3139
1
1512
585
79
1
1
116
526
1
40
1
2125
1
330
1
760
1
1
1
1
1
1
3004
1
1
1
86
115
1
2807
1
1
1
1313
168
1
14507
1
88
1
1
1
1
51
1
160
561
330
1
1
871
1
1
1
629
2332
1
1
1
153
1
1
348
15912
541
1
165
1
254
1
1
146
1
152
1
1
319
1
1
1
1
1
897
1
1
1
1
1
1
2151
1
1
116
1
1
1
837
1
1
1
276
1
7997
1
920
523
678
1
1
1
1
1
142
1
1
1
841
1
1
421
1
1
1
1
421
1
1
801
1
72
1
55
2482
1
1
3051
1
1
7289
229
1
499
1
1
1
1
1208
1
37
156
1
583
1
678
1
342
216
1
313
15
509
1
1
28
1
1
79
1570
1
1
513
1371
1
72
526
14471
1
1
71
1
1
1772
1
453
1258
1
1
1
1
1355
1
585
1
330
1
1
1
1
1
124
1
159
1
435
7553
291
1
611
1
126
1
1
235
1
6371
1
1
2737
756
68
1
1
1
1
1
15
287
1
1
180
894
1
1
53
1
146
1
1193
1
367
254
273
1
276
1
2526
42
1682
1
1
1
115
482
1
1
871
1
1
291
1
1
1
1
513
523
1
1
1
37
1
1
1
1
1
186
46
319
2261
1
1
1
584
37
1
1
179
1
1
1
1
236
39
358
492
1
313
292
229
319
1
10070
26
59
1
1
1
383
2249
1803
1
291
1
1
999
1
435
1
1
1
1
2272
1
1
25791
1
384
1
1
1
124
1
1
1
1
172
5429
1
1
1
126
1
1
1
1
1
605
15
1
1
1
115
1259
1
3509
1
1183
23341
285
5236
414
1
1
9348
1
894
489
1
1
372
259
5715
348
899
86
1
1
1
7311
1
1
3447
1
1
17642
1
489
1
330
421
2967
1
1
1
523
526
1
1300
1
330
26
384
33
1
2006
1
1
801
1
88
1
330
1
343
1
1
1
2292
14827
431
1
583
1
1
1
18274
244
1
629
1
1
276
17
1
1
1
1
334
165
1
33
1
43
1
583
629
1
1
1
1
42
319
1
435
130
168
1
1
1
1
6574
156
1
160
3160
441
1
394
1
1
1
1
1
1
373
116
11285
1
1
1
46
1
43
1
1
372
1
1
1
458
1
244
1
1
1
53
2737
1
1
1
11
1
1
1
184
1139
235
1
285
526
1157
1
1
1
33
850
1
1
1
1
289
1
1
1
1
441
235
236
1
1
1
1
431
288
1
3560
293
88
1
629
42
1
1
1616
644
1
1
350
1973
229
76
184
1
116
1
1
46
114
1
2493
1
1223
2826
15
584
1
273
613
33
1
142
1
1
116
1
1
1
82
1
1
1
1
142
3757
611
1
1
372
1
5942
1
9381
1
1
1
837
1
1
988
159
1
1
1
531
1
1
1
16669
1
1056
1
1
517
3000
1
1
1
1258
1
1
961
276
1
1
1796
1
1
1
142
1
1
1
1
1
999
76
1
1
1
1
1
50
1
1
1
1
10958
379
1
1
130
1
1
1139
1
1
1
113
1
189
1
1
1
1
229
1
1
1
1
605
269
46
678
1
1
1
71
1
1
33
1
1
1
1
156
1
482
1
42
1
33
1
1
11
342
1
1
1097
165
1
159
1
1
1
254
159
1
1
1
172
1
414
1
1
492
1
1
1
288
1
1
1
50
1
1
1
1
1
116
6
589
1223
319
1
342
1
8975
760
1
124
1
1
1
1
1
235
1
46
629
235
1
1
1
1
1
93
589
531
256
6397
1
1
1570
1
216
1
1
1
1777
9203
1
1
1
1
1
113
186
1
146
1
1
7494
296
394
1
394
1
1
1
1
1
22
1
1
629
1
1
229
1
235
289
1
1
1
2967
1
1
515
13
920
1
1
1
1
1
1
72
1
1
115
772
2826
1
1
276
1
1
55
841
1
11
1
1973
1
1
1
678
691
1
1
1
294
1
269
1
748
1
505
1
1
1682
1
186
1371
1
183
37
1
1
1
1
172
1
68
294
1
85
1
33
3560
1
988
229
285
1
936
284
1
2480
1
1
1114
1
1
922
1
1
1
1
1
1
24137
482
1
3383
1
492
406
1
1
363
1
1
1
1
1
871
1223
1
1
116
1
401
1258
1
605
1
441
1
1
1
1
72
1
1
441
1
1
33
116
1
124
15
1
1
689
82
1
176
175
1
2726
523
1
1
1
37
1530
7517
1
1
116
303
259
1
1
1173
1
183
1
1
748
1183
8
1097
1
40
1
1
1
3210
589
1
1
4295
837
1
1
1
1
691
1
15912
1
1616
3139
1
1
1
1
1
1
1
1
1
1313
922
1
1300
499
1
383
1796
1
28
1
1
28
531
1
815
85
922
1
115
12478
994
458
1
313
156
1
1
319
710
179
1
1
1
33
1
1682
8503
307
1
1
171
1
342
550
70
1
235
1
55
330
1
1
1
303
1042
116
1
235
1
1
617
1
1
184
1
1
1
303
1
1056
505
1
1
1
1777
1
1
1
1
330
1
1
1
1
64
1
1
1
171
1
1
113
1
1616
1
1
677
1
1
115
1
159
15093
1
1
1
55
21311
1
1
1
515
33
384
1
55
103
1
1
373
513
1
1
350
1
313
1
1
1
1
1144
348
9
1
1
611
1
1
1
1
1
1
116
1
1
760
1
288
1
88
1
1
1
1
999
3139
1
509
1
1
1193
1
1
18531
1
256
1371
15
291
303
1
1
1
455
1
1
1
644
1
180
172
1300
1
85
15
1
431
1682
124
1
1
1
1
1
1
1
15300
1
1
88
1
46
530
42
380
269
1
1
1
1
68
1
1
1
291
1
585
568
42
1
1
46
1
1
1
1
55
68
1
678
1
1
523
1
1
1
136
165
428
1
108
350
1
293
88
1
28
1
1
678
421
1
3530
1
1
1
894
1
1
1157
1
244
629
11893
1
1
1
1
1
1
1547
1
1
46
1
515
1697
1
1
515
1
1
1
1294
1
19326
15
70
232
1
1
68
1
1
1630
116
5304
1
1
340
15
2332
1
1
33
39
1803
1
229
901
1
7698
5026
1
1
82
1
1
1
1
1
1
4225
1
114
489
1
1
1
31
1
340
88
233
1
1
691
142
1
1
229
7303
1
1
1
1
291
1
1
1
678
1
1
1
114
11088
1
1
1
1
1570
1032
10292
1
1
33
1
1
46
46
756
379
1
2737
72
1
1
531
254
1
1
288
71
1
922
1
4833
1
40
1
303
1
358
1193
303
678
46
1
10451
186
1
1
1
229
1
1
2737
1803
1
1
922
1
59
358
1
1
343
1
1
1
1
1340
71
505
1
1
244
1
1
43
1
1
1
1
72
421
1279
88
33
244
1
1
550
1
1
1
597
40
1
1
4223
1
988
1
1
1
920
1
871
1
1
379
8913
115
350
1
1
1
509
1
1
7698
1
1
334
108
21346
1
1
113
85
46
1300
1
1
55
1157
15
1
1
1
103
1258
108
1772
1
1
15
1
1
1
108
363
186
2332
165
70
1
1
1223
1
40
1
1
1
1
330
1
897
2493
2913
1
3974
1565
343
1
1
1
33
1
1
393
1
33
1
1
113
1
1
1
367
22
1
1
1
1
8074
55
1170
1
1
23480
1
108
76
1
1
86
1
372
1
1
401
629
513
1
1708
1
1
1
2272
1
142
1
1
88
276
1
471
1
1042
126
1
192
961
583
1
1
235
1
17
1
1
172
235
1
1
1
1
1
7610
583
8153
1
1
256
288
1
1
1139
7450
1964
142
1
303
1193
72
1
1
1
319
289
86
116
1
1
465
1
126
1
1
10591
1
1
1
1
165
1
1
1
1
1
1
1
1
3724
850
33
1
70
1
5429
142
1
1
1
1
530
179
5236
1
1
431
1
68
1
1144
1
1
1
1
372
1
1
1
1
1
76
1
2526
1
4874
5631
179
10367
892
1
1
367
51
1
1
1
1
1
1
1
901
43
9108
465
1
1
1
88
1
1
1
68
1
1
1
471
509
1
1
801
1
1
1
1
837
1
1
1
1
1
1
1
1
1
1
1
1
585
1
15435
1
1
1
892
1
179
1
2292
617
1
894
3323
168
1616
1
1183
441
401
59
1116
72
1
6561
2480
165
1616
1
358
611
8
146
1
1
1
1
1
523
1
1
1
1
1
1
116
1882
1
313
380
86
1
1
1
2913
605
55
1
1
1
40
1258
1
12398
611
11318
1
1
1
1
1
1056
1
1
1
319
1
1
1
1
1
1
1
1
1
1
7755
1139
2204
1
1
629
1
88
1
1
108
55
1
421
184
1
1
1313
920
1
1
11
10006
1
8381
1
235
517
458
1
1
1646
1
1
1
46
1179
1
1
1
1
1
1
124
1
1
1
914
1
1
1
1
691
1
1412
1
1
288
1
1
1
1
2292
386
313
4006
815
1
1
1
183
1
168
1
1
1
97
613
1
1
384
37
1
611
1
1
1
1
39
1
284
6397
1
2332
116
1
12770
1
1
1
1
254
1
1
1
453
1
276
1371
1
1
1
1
33
1
39
611
1
1777
1
191
815
1
165
1
1
1
1
189
1
2584
1
1
160
175
1
88
1
1
232
229
1
1
515
1570
1
1
1
850
88
160
1
1
393
1
79
1
414
23216
1
115
1
530
269
165
363
1
1
1
46
1
186
1
1
53
1
1
1
39
1
287
1
8143
42
4166
1
1
1
22
1
1
513
276
1
37
1646
229
420
1630
1
1
1
1
498
1
1
1
235
1
1
1
1
605
1
1
169
1
1
1
505
115
1
1
1
1
1
165
1
1
1
1
1
1
3447
1
1
1
1
384
1
1
113
1
236
86
348
1
1
6
53
13
1
1
244
165
1
393
1
1
1
1682
1
1
1
9
1
269
1
1
1
2439
2913
1
9
1
160
1
1
6517
1
1
1
179
1
1
171
1
319
1
28
406
1
1
1
1
1
186
1
244
372
46
68
1
772
1
1
115
1677
1
358
1
1
597
593
1
1
303
17
191
1
1
293
1
643
1
1
1
21346
1
1
1
1
1340
1
1
748
1
14532
1
348
3560
289
180
584
1
629
1
1
1
1
372
1
5497
1
1
72
1
1
1
232
116
1
1
1
1777
1
1
1
677
1
1
5497
1
1
1
12437
1
292
1
1
1
1
1
1
1
372
1
1
1
1
526
922
26
492
113
189
1
1
254
1
1042
1300
156
363
1
523
1
1
1
1
285
1
1
1
1
1
192
179
871
1
1
1
1
1
1
1
1
401
815
428
284
1
3447
1
1
920
1
1
103
1
1
1803
1
1
1
1
1
1
289
1
330
1
40
1
1
506
1
1
2292
8
894
386
1
15
235
1
1
1
1
1
1
1
421
1
1
1
1
1
1
7755
1
1
1
130
1
1
1
1
303
1
160
4833
1
999
115
526
1
1
284
1
66
172
1
1
1
1973
1
330
1
1
1
1
1
1
1
146
1
1
152
1
1
499
1
183
1
1
1
1
894
9258
1
1
1
1
1
1
186
319
2029
1
1
1
330
1
1
1
1
319
17
256
5429
1
1
1
1
2275
3509
319
1
1
1
313
1
384
1
1
1
71
372
8380
291
25079
1
1
1
1
285
53
583
1
43
256
506
115
46
1
1
1
471
1
269
1
1
11
1
3323
88
15
689
1
372
1
1
1
42
1
756
1
1
1
1
1
1
1708
1
1
114
1
1
629
611
1
1
1
1
1
88
1
42
9860
1
348
39
1
1
1
1
33
1
1
800
1
1
342
1
841
1
7698
351
1
153
301
1964
1
1
401
70
15
159
9963
42
3160
1
1
5942
1
1
1
1
1
313
8
1
82
1
999
1
1
39
420
1279
1
11086
1
1
160
319
1
115
31
1
1
499
1
1
1
1
88
1
1
292
1056
51
1
1
1
1223
1
431
97
1
1
394
1
550
1
33
288
643
1
53
289
1
1
1547
414
1
959
303
1
1
756
1184
372
894
113
1
1
1
1
1
1412
1
22
1
1
97
1
1
86
1
1
1
383
382
841
1
1
1
1
379
235
801
1116
1
1796
1
1
3323
1
1
1183
1
1
1
1
115
171
68
1
233
330
285
526
1
46
1
1
1
287
1
513
420
1
1
1
342
1
1
2125
1
1
489
1
235
1
1
1
1
1777
1
1
287
236
1
1
1
1
1
1
1
772
1
1
6043
1
1
2967
1313
168
288
1
1
1
431
384
1
871
42
1
1
1
1
1
1
1
185
1
521
772
1
152
1
1
1
1
9088
2526
1
1
1
288
1
9
142
1
115
1
1
1
455
1
2055
1
6371
15
1
1
293
2439
629
1
1
1
113
1
372
1
1
21247
629
1
2292
363
1
1
33
68
1
82
1
1
1
505
160
1
142
1
2242
1
873
1
1682
1
1
1
1
894
1
1
420
1
1
420
1
1
1
2421
1
160
526
1
1
1
1
97
1796
1
678
1
1
1
1
1
229
1
108
5901
1
1
230
1
1
760
1
1
22
1
678
1
1
235
33
1
1
70
1
3590
1
1
1
678
530
1
330
1
1
1
179
1
168
160
291
235
1
613
28
342
1
756
1
1
1
3323
441
351
1
1
1
1
1
1
1
1
1
1116
319
1182
1
1
1
1
1
1
531
1
1
1259
373
1
1
22
330
1
1
1
1
1
465
1
51
124
1
1
1
1
550
914
1
342
39
1
1
1
1
1
42
1
1
1
1
1
1
171
1
1
136
1
1
1
1
1
1
421
348
172
51
1
1
1
1
285
1
1
235
401
1
1
256
1
1
176
28
1
1
1
1
5429
1
505
46
169
334
1
233
1
394
1
1
342
14915
1
1
53
1
1677
82
1
1
1
1
1
244
1
42
183
1
85
1
1
1
689
28
1
1
1
3139
1
1
1
1
1
393
1
1
1
1
7450
1
531
5429
176
28
629
1
126
1
1
4223
1
372
235
1
772
350
1
1
1
1313
3139
1
1
1
115
1
1
1
1
605
313
1
589
1
1
1
1
561
691
1
1300
372
1893
1
1
191
186
1
1
2631
1
617
2486
1
1
873
288
93
1
1
1
1
108
1
1
1
1
1
1
230
1
1
1
1
1
1
1
568
1
330
1
1
1
1530
1
894
1
183
1
1
1
1
1
313
1
1
1
340
1
319
3560
1
1
366
1
1
1
1
171
1
1
629
1
2967
1183
1
4913
1
677
1
6519
176
264
165
244
216
1
1
380
841
1
1
401
1
1
597
1565
146
39
256
1
43
1
22
899
1
1
1
1
76
1
1
15898
1
130
1
1
1279
1
53
1
1
184
1
1
1
366
319
384
179
358
1
1
1
1
1
273
1
1
115
1
492
455
1
296
1
6798
191
22
441
46
1
1056
372
165
1
1
1
1
1
1
1
1
1
1
1
1
142
1
1
1
1682
46
1
1
1258
1
1
1
1
42
1
1
1
772
172
13989
1
1
1
593
22
1
1
1
1
276
1
482
1
1300
313
1
1
15171
1630
1
1
3000
1
1
1570
40
1
1
531
1
1
216
340
1
1
1
1512
1
116
1
1
51
285
1
384
1
276
1
1
1
4235
629
1
276
183
1697
1
1
1
2332
303
471
1
1
1
72
1
1
1
1
3378
40
1
401
1
1
406
613
348
11
1
1
1
1
1
7517
1
1
1
568
1139
1
873
256
113
1
1
1
9871
1
43
1
85
1
1
76
1
1565
873
1
1
1170
1
1
1
505
1
1
2151
1
1
46
1
79
1
1
1
68
1
1
1
6517
1
1
1
1
1
1
1
1
1
1
541
678
1
1
1
216
64
1
1
1
1
1
7755
1
1
999
1
288
521
2292
55
126
46
1
1
235
584
1
1
1
1
1
1
800
1
1
313
1
961
8975
1
1
1
115
1
1
1
42
1
1
1
1
1
1
1
183
116
1
142
1
1
1
1973
1
1
82
313
46
1
1
88
244
1
1
1
1
1
1
292
1
1
1
8
1
9137
1
11794
85
1
568
26
1
1785
1
1
1
1
1
1964
1
21519
1
1
1
42
894
1
1
1
1
296
629
1
269
1
1
770
16175
1
11
115
1
53
114
82
5429
93
800
2737
561
235
1
1
1
1
431
1
2292
1
40
11794
899
1170
1
1
1
1
1
285
1
1
184
1
584
1
1
172
1
1
1
37
1
1
1
1
1
7368
1
1
1
351
25558
1
1
3210
294
350
1
386
103
1
531
1
1
1
420
4287
1
644
235
1
401
1
88
51
288
1
1
1
126
1
420
6127
1183
88
1
1
4031
1
115
1
1
146
689
1
1
1
1
1
1
1
165
1
1
55
1
1
229
165
1
1
1
1
611
1
1
922
93
441
115
330
1
254
142
1
2913
1
1
2493
1
1
1
160
914
1
1
186
1
1
1
1
431
597
1
1
1
358
1
1
1
159
1
1
1
506
1
1
372
1
1803
1
1
1
1
1803
1
230
180
70
629
1
455
1
13596
1
584
1
1
284
1
1
1
1
431
116
22
1
3475
40
1
176
186
1
1
523
1
1
6517
1
1
1
66
1
1
11
1
6574
1
1
179
40
46
1
1
421
583
53
1
1
1
1
1
1
17
380
284
1
380
1
1
1
3360
88
1796
841
593
1
116
1
1
1
1
1
1
1772
1
1
1
233
1
1
585
363
358
1
458
1
605
1
815
1
7698
1
629
1
1
1
1
1
1
235
1
1
1
1
1
1
1570
1
1
1
1
33
1
492
1
1630
1
229
1
9487
554
372
2243
15191
1
1
647
1
1
235
1
1
1
1
294
1
1
229
1
1
68
1
1
130
441
1
1
1139
1
1
1
1
82
68
1
113
1
1
1
1
1
1
1
1
330
1547
492
1
1
1
10406
1
1
1
1
1
136
1
180
358
1
1
1
1
1
1032
1
1
1
1
499
1
1
1
1
1
1
1616
1
1
1
1
1
1
1
13874
1
1
235
10292
629
1
678
235
1
86
1
1
1
1
313
1
613
1
1056
230
22
1
115
1
64
1
1
1
1
319
1
319
1
1
116
1
1
31
3210
1
1
50
55
1
677
4225
1
1
1
229
1
1
2125
82
1
22
1
1
53
1
1
1
894
498
1
1
1
453
1
506
256
1
1
53
1
1
1
230
176
1
8
530
15
1
1
629
1
1
79
1
1
1
3590
1
303
130
372
1
1
1
183
914
1
5429
1
1
6561
1
284
276
1
1
1
1
330
1
14389
15383
1
1
1
37
1
130
1
88
1
130
88
1
801
256
1
1
1
1
1
1
1
1
1
1208
1
1
1
1
288
420
1
1512
729
589
288
10550
589
72
379
1
1
458
1
1
584
285
593
142
1
386
5550
1
531
179
1
386
33
1
11949
1
1
115
1
1
515
1
379
1
1
1
1
1
1
1
1
1
1
1
1
39
1
1
1
1
88
1
1
1
1
1
1
1
334
1
115
1170
184
455
1
2846
597
801
1
1
1
2526
1
86
235
1
1
13
1
256
1
1173
142
1
401
1
531
1
4295
1412
756
1
1
1
1
1
1
372
2292
1
1
53
1
1
11
772
897
597
1
259
1
1
1
284
1
1
256
4398
1
1
291
691
1223
1
1
691
1
961
9
1
1
611
1
55
23117
1
160
760
244
1
15
160
1
1
1
1
1
1
1
17
1
184
244
1570
386
1
3051
1
1
1
1
33
1
605
39
79
159
1
1
584
13
1
1
319
301
1
372
348
17
1
6371
589
1
1
10525
1
1
1
1
541
17966
1
13596
4166
31
1
1
1
7698
1
13399
1
1
1
1
1
1
1777
1
292
1
1
1
517
1
1
1
1
1
1
1
1
130
51
55
1
678
1
1
583
1
1
146
1
1565
1
1
1
1
1
1
1
1
276
1
1
1
1
1
153
14311
1
1
1
1
1
191
1
1
28
165
1
1
1
1139
1
677
46
1
303
292
1
1
291
1
1
1
1
1
307
1
124
1
1412
1
441
1
1
1
1
914
1
1
605
1
276
1
1
1
179
8597
1
22
871
1
64
1
367
1
348
1
2480
584
379
160
165
1
1
1
841
233
313
401
1
1
1
1
1340
1
1
1116
1
1
46
1223
4618
1
301
1
160
256
86
1
1
4833
1
1
1
1
1
1
2243
1
1
14716
5429
1
42
229
1
756
901
7517
1
51
1
1
1
1
130
441
1
523
259
1
1
1
1
1
1
1
894
871
1
93
146
1
1
505
1
1
1
1
1
1
46
1
1
50
53
88
1
1
1
1
1
380
1
1
647
394
1
1
1
9804
384
1
50
1
1
2272
40
1
1
2778
82
1
1
186
871
33
1
1
1
1
611
1
1
1
1
1
1
1
1
1
1
386
1
1
273
815
1
1
629
179
1
1
1
330
42
235
1
1
116
611
1
184
1
172
319
1
1
471
899
1
1
431
1
115
142
1258
1
1
1
1
1
1
1
1
1
3320
97
1
1
254
1
1
994
1
691
1
342
850
1
8
1
351
1
873
1
235
72
1
1
1
1
1
521
1
1341
498
597
1
1
1
530
7698
1
1
1
2029
1
5497
291
597
710
1796
230
1
79
1
33
1
1
1
1
1
5429
1
184
1
1
1
1
871
1
1
1
185
4833
28
1
1
1
1
254
1
1
1321
172
1
1
1
1
1
288
629
319
1
1
380
1
2248
1570
72
160
97
1
1
288
2493
1
1
3051
1097
1
1
1
146
1
12526
1
159
384
1
1
1
1
191
1
1
1
1
1258
1
1
1
1
68
1
1
1
1
1
1116
1
160
1
1
46
541
1
88
1
1
91
1
530
1882
53
51
1
23015
1
1
1
677
1
1
33
40
1
1
421
303
629
1
1
276
1
236
46
901
1
55
1
1
1
160
13441
172
1
24368
1
1
1
1
1
393
1
82
1179
71
1
7222
1
561
1
1
17761
373
1
293
42
1
39
1
192
367
1565
232
330
1
1
1
1
172
1
1
1
1
629
18758
1
115
513
358
229
244
342
373
165
1
1
1
1
1
1
42
1
593
1
1
2292
160
597
172
1
1
184
1
40
2486
46
85
186
86
1179
1
1
584
1056
999
53
1
1
46
1
1
3160
1
1
1
1
1
1
1
1
86
1
629
186
363
55
492
1
961
330
1
1
1
168
372
386
1
1
1
1
1
1
2249
1
103
583
1
1
1
191
1570
1208
1
1
1
1
1182
28
1
2493
1341
1882
801
1
363
12786
93
420
294
841
103
1
1
1
710
179
629
1
1
15
1
115
1
66
441
1
1
1
1
115
850
901
254
1697
235
14426
1
1
1
160
1
24923
1042
113
51
1637
677
2493
294
1
86
113
1
1
1
678
1
1
142
319
1
1
7698
1
1
1
1
1
1
1
88
1
15
256
130
1
1
1
1
1
18122
1
1
1
1
15
176
593
1
82
2248
1
1
1
171
42
372
382
23602
1
1
1
1
1
1
1
1
115
1
1
2292
1
1
894
499
230
1
1
179
1
1
4398
156
14251
1
1
85
1
1
1
1
22
1
1
1
961
1
1
1
1973
5429
1
1
1
176
1
1
513
1
1
2778
184
1
85
165
1
1
1
1
1
16093
1
37
1
613
561
159
269
1
1
1
1
1
303
1
2151
2737
383
897
1
1
1
1
2439
940
1
256
330
1
6712
319
342
1
1
1
1
235
1
1
1
1
1
17761
313
115
1565
11238
1
1
1
1
7698
1
1
1
1
1
629
1
1
513
33
1
1
33
1
1
55
1
160
175
1
1
330
1
1
435
1570
1
1616
1
1
617
1
1355
1
1
1
894
1
1
1
1
1
506
1
313
1
17
1512
5429
1
76
156
425
1
393
1
4031
644
1
1
1
229
1
1
108
380
431
165
1
1
1
1
1
1
1
1
1
1
82
1
244
1
334
1
372
394
1
597
9781
142
1
4235
386
1
1
116
1
33
1
899
254
235
691
1
1
1
1
589
1
1
1
1
1
130
108
1
235
1
294
1
4988
1
1
1
1
1
2151
489
1
1
605
1
1042
815
379
1
180
1
1
1
1
1
1
116
585
1
1
1
1512
1
142
1
1
1
2272
1
1
1
393
1
88
86
1
82
1
1
1
23341
629
11
1
59
1
1
1
1
130
93
31
1
1
1056
1
24544
1
1
1
37
530
269
1
358
1
1
1
1
1547
1677
509
1
1
1
1
1
33
1
379
1
1
1
1
1
1
1
1
1
386
605
1
1
1
517
1
1
1
1
285
1
5497
1
1
492
1
1
1
1
1
1
1
3160
1
179
55
1
82
521
1
124
1
523
1
1
1
17
1
1
46
1
1
2493
33
230
1
526
1
1
179
1
729
8936
1
841
1
1
1
303
1
1
1
1
51
1
285
892
1
86
1
1
372
585
1
1
3360
1
51
1
5734
1
1
1
88
289
6070
1
1803
1
1
2292
554
1
1
91
142
1
4398
1
1
1
13
1
1
7311
1
1
386
1
1193
435
1
3306
1
1
31
1
431
1
1
1
597
1
264
1
4988
1
1
1
8380
1
40
1
3323
1
1
1
1
1512
1558
1
1
289
420
1170
1
1
1
1
15
1
348
1
254
1964
1
1
1
1
1
1
1
1
1
1
1
11794
1
1
1
116
1
1
1
93
1
922
108
1
455
142
186
554
1
1
677
183
1
285
1
1
1
33
492
1
116
1
629
3051
1
1
1
1
1
79
1
1
1
1
1
1
186
156
1
1
276
10747
1
1
160
340
1144
517
330
264
1
1
1
1
1
91
146
2913
1
1
1
72
256
1
1
1
1
1
1
1796
86
232
585
1
1182
1
1
1116
334
116
1
1
1
2272
1
1
358
303
3759
1
14211
1
1
1
293
435
1
1
1
1
1
1
1
435
1
1
1
1
15
1
330
1803
1
1
1
815
1
4166
1
229
179
1
1
88
1
1
42
678
1
1
160
1
115
1
319
1
1
1777
1
1
1
1
1630
1
1
435
420
1
179
1
1313
1
1
1
1173
691
1
1
7275
1
1677
343
659
1
1
1
3378
1
1214
425
1
1
1
1
1
86
922
1
1
988
2737
1
1
1
2737
1
1
7275
1
1
46
1
1
531
1
1
1
156
1
1
1
11812
1
489
1
471
1
772
1
1964
5236
8381
303
14088
1
1
1223
367
39
1300
1
801
523
1
280
1
116
988
1
1
79
691
1
1
1
1
53
33
1
1
1
232
899
1
1
1
1
801
1
1
165
1
1258
14921
689
1
160
1
729
1
1
1
1
1
1
1
1777
584
1
1
1
544
2248
1
1
1
1
97
589
465
1
1
1
1558
1
629
2332
1
21286
1
86
1
1
1
1
541
1
86
1
1
235
186
1
644
756
1
1
1
1
1
1
191
1
12836
1
1
406
1
126
296
86
88
367
1
1
589
1
1
292
20106
288
1
1
605
1
1412
1
1
70
6437
1
18037
86
307
33
1
1223
1
1
1
86
914
1
1
124
894
1
1
301
1
1
489
617
1
1
1
1
1
229
15804
1
183
1
1
285
1
541
509
841
1
85
1
1616
1
999
1139
1
617
183
1
191
12550
1
184
1
1
1
1
1
86
348
1
1
1
1
1
605
1644
350
1
1
1
103
16535
39
8
1558
55
901
1
1
1
189
384
1
1
88
160
13429
1
1
330
1
1
421
1
1
1
1
1
1
1
1
1
1
1
1
1
280
2807
1
465
1
1
3724
1
1
33
5734
6460
465
1
1
1
1
1
1
1170
1
1
1476
1
1
22424
1
1157
1
1
176
1
1
40
5497
1
1
4398
1
1
1099
1
88
1
1
1
1
1
961
33
7997
1
334
351
756
499
1
1
589
1
1
12437
1
180
1
93
1
146
1
936
1
1
85
1
1
678
1
1
160
1
899
1
1
5440
1184
1
363
1
1
1
82
319
254
523
1
1
1
1
1
1
1
171
1
1
1
1
1
1
3323
1
1
1
1
88
8
1
1
1
1
1
1208
186
1
1803
482
1
1
1
1
1
3323
1
1
191
1
1
93
1
1
1
1
1
1
301
1
999
1
79
46
756
1
1157
1116
1
1
319
1
1
379
1
1
17
1
1
1
1
1
1
1
1
453
1
4166
301
561
303
1
1
33
184
1
748
1
1
1
1
1
46
1
1
159
1
1
1
421
126
1
1
2125
1
1
1
1
288
1
850
1
1
1
1
1
1
124
1
1
1
892
130
1
1
1
1
124
1
9804
1
1
183
1
1
1
1
1
1
185
256
421
1
1
1
1
3323
492
1
1
1
961
1
126
1
1
20916
159
79
159
280
3000
597
1
1
659
1
1313
229
59
88
1
6346
1
116
20472
1
1
1
617
1
1
1
3302
1
1
1
6561
115
1
46
1
232
1
1
160
26
1
1
103
1
1
530
1
583
71
2913
1
1
647
6
1
273
50
1973
1
1
1
1
1
678
1
5497
2242
1
1
1
319
1
1
1
165
192
897
4223
1116
1
1
1
420
1
1
367
176
1
1
1
386
1
1
1
455
340
1
7698
1
55
232
289
1
1
1
1
108
1638
165
1
1
1
1
33
1
1
1
1
1
1
1
1
288
383
1
1
42
1116
1
9030
837
1
677
1
115
617
873
871
1
291
1
1
1
43
1616
850
1
116
1
471
394
1
39
597
1042
1
229
330
10292
1
183
13
999
1
292
515
1777
367
1
1
1321
1
1
1
1
1
1
1
770
1
561
1
276
441
801
288
1
420
1
1
1
1183
605
597
1
1
367
3560
1
394
85
1
313
1
1
914
1
1
91
1
689
1
229
1
1
113
1
11529
1
330
1
1
1
14251
1
1
1
88
113
1
1
1512
40
1
1
1
772
1
136
294
1
55
1
2480
1
88
1630
280
1
1
1
1
1
1
1
28
1
22
1
1
1
1
505
86
1
31
1
1
1
585
1
1
1
1
1
1
33
677
1
554
772
1
617
342
4094
179
1616
244
1
1
1
1
1
1
172
1223
192
2480
1
6
678
1
421
760
1
1
1
1
597
1
1
1
1
2332
108
1
1
1
46
72
1
183
319
1
1223
1
8074
1
183
1
1
1570
6973
1
1
42
1
1223
40
1
1
142
1
677
1
1
1
1
1
183
1
871
1
800
1
1
517
288
113
1
1
1
1
1
1
1
465
1
383
1
1882
289
1
988
1
1
1
1
515
116
589
4235
1
46
1
1
1
1
1
53
593
1
235
489
1
9710
1
59
384
1
1
1
1
1
116
1
1
1208
523
471
710
130
313
1
116
1
401
1
3302
68
1
1
1
1964
1
1
1
2292
1
1
40
988
1
1
1
1
1
1
1
1
50
1
914
79
1
920
1
2584
1
1
1
499
1
611
1
1
629
43
1
1
1
367
1
1
1
115
229
1
1
1
115
1
51
11812
383
1
1
9371
1
1
1
1
1279
1
50
1
1
1
1
1
1
1
116
86
1
1
350
1
1
1682
1
172
1
184
2493
1
1
1
1
1
1
1
351
55
1
1
1
146
93
1
293
3160
1
330
1
1
303
319
269
5497
1
873
1
183
1
1
1
1
350
289
800
1
1
1
1
13
1
1565
414
373
678
1
33
191
1
5618
330
513
1
11238
1
330
76
165
46
729
1
276
1
6
435
1
1
382
629
1
441
142
756
1
3509
1
1
1
372
1
1
465
1
1
3974
678
1
1
1
597
1
1638
6620
1
1
186
16238
678
593
1
1
1
4666
1
1
1
1
1
729
1
1
70
1
1
1
1
46
1
1
1
521
330
313
169
256
1
629
136
2480
1144
1
5429
330
1
37
1
1
33
2248
1
1
1
1
1
1
1
130
1
1
1
1
31
1
1
1
171
53
1
1
1
1
66
1
1
17
1
1
8
358
1
1
1
492
1
1
1
1
1
1
12551
1
42
550
1
1
1
1
1
523
1
1
229
1
568
1
1
1
1
393
1
372
1
1
235
1
1
1630
1
319
597
303
313
1
1
1
1
583
1
113
1
160
1
235
126
1
1
1
1
1558
1157
1
183
88
142
276
180
1
453
229
901
1
1
1
678
168
1
254
1
1
1
1
489
689
1
12472
1
435
33
1
1
88
55
1
1
1
2826
293
1
1
920
1
1
191
1
37
1
244
232
180
130
191
2421
1
1
1
379
1
50
6620
1
1184
1
1
1
1
420
1
330
1
1
276
530
1
492
39
1
72
7997
3000
1
1803
1
1
1
1
285
1
303
1
593
1
585
1
1
1
1
1
393
1
319
1
1
216
1
1
1
1
1
1
22
1
1
764
172
1
1
1
1
1412
1
103
1
367
82
1
523
1
1
1313
1
1
1
1
1
1
1321
1
1
414
235
254
1
330
1
523
435
1
1144
1
108
1
1
2248
2292
999
1796
1099
1
1
33
1
1
1
770
3759
1
1
130
1
20875
1
1
192
1
1
1
236
1
509
2249
330
401
1
1
1
97
1
1
1
897
184
1
521
597
3139
289
1
15
379
33
1
22
386
1
1
1512
1
330
42
1
1
584
1
264
1
7517
1
33
288
1
113
1630
115
1
760
1
1
15
1
3383
1
1
1
1
367
1
313
1
10408
179
1
1
72
46
12437
1
5497
1
1
1
1
2249
1
1
1
1
254
1
1
2597
1
1
1
1
53
1
1
1
116
1
1
1
59
1
1193
1
142
1
3323
611
1964
1
43
142
1144
585
1
1
1097
1
1
1
1
40
1
1
115
1
1
1
273
1
1
1
1
303
280
513
363
1183
303
1
1
1
46
3560
342
159
1
1
1
1
1
1
1
1
1
68
229
561
1
191
1
1
372
50
1
1
1
159
183
1
1
1
1099
2248
1
1
922
1
276
1
46
330
1
1796
1
1144
1
160
1
428
1
1565
330
7222
1
1
1
1
18356
244
72
1
1
1
1
86
88
259
1
644
348
1
1
492
841
1
1
568
3509
17
1
1
894
1
1
1
1
1
1
1
465
393
1
15
6437
1
1
1
1
1
1
384
1
1
1
1
2272
55
1
1
1
772
1
1
1
1
1
1
384
115
1
1
1
1
1
1
1
1
1
1
1
343
1
183
55
1
1
1
1
86
4166
185
1
82
756
1
1
1
1
146
1
88
11720
1
1
82
2526
1
1
1
1
1
1
1
2439
1
1300
1157
1173
160
1
15912
269
1
1
53
1
1
244
235
5734
1
15
1
33
4618
1
1
1
629
367
1
186
386
1
1
1
50
1
1
1
85
1
171
1
1
760
1
1
1
585
53
72
1
1
156
1
1
994
7494
1
88
1
183
1
1
1
1
1
3360
4919
1
589
1
115
116
629
644
1697
130
1
160
37
1
1
1
1
1
1
1
1
1355
1
841
815
1
1
264
330
115
1
1
229
1
1
1179
1
1
256
142
1
1
1
1
53
1
1
1
1
1
1
1
1
421
1
40
506
1
1
1
1
169
3509
1
1
1
428
229
710
50
1
1
1
1097
1
892
1
1
1
1
1
1
1
1
1
37
1
1263
1
1
186
1
1
1341
1
1
330
1
1
1
1
1
523
1
617
1
1
1
1263
2249
1
280
1
1
1
1
108
23295
1
1
22
179
1
772
800
471
142
1
1
1
1
515
1
482
380
113
1
420
1
1
1
1
1
1
2493
3000
142
294
1
1
2913
1
1
1
3833
1
1
1
1
1
1
1
1
7755
1
1
2482
136
4976
1
1
1
1630
1
871
1
1
1
760
51
3210
68
342
1
1
873
1
10292
1
86
1
1
1
1
1
1
1
1
1
176
1
1
42
1
961
1
815
961
1
1
1223
1
168
1
1697
156
1
523
1
358
330
1
1
303
1
2029
617
130
1
1
1
1
9
892
88
1
1
1
146
1355
293
1214
1
307
1
1
1
319
53
17
42
1
515
160
1
1
142
1
1
629
46
1
21311
3817
1
229
1313
303
1
530
1
285
2737
1
1
1
1
76
1
1
37
1
307
1
192
350
1
1
115
1
1
1
2737
86
6
1
1
1
629
1
1
1
644
244
55
678
46
1
1
1
1
1
1223
1
1
153
1
1
359
1
1
115
1
1
113
471
1
425
1
313
1
1
1
1
4878
55
1
691
294
1
1
1
1
359
229
1
115
1
1
171
235
1
1
256
1
28
1
1
1
1
373
1
1777
1
1
307
1
1
1
901
629
585
276
289
801
33
593
1
585
358
1
760
1
1
1
1
51
146
1
1
307
294
1
1
1
1
1
1
1
1
1
1
1
103
1
1
1
1
1
1
513
358
1
1
1
1
280
160
1
1
1
3360
1
1
1
1
1
561
1
350
1
1
1
1
1
1
46
1
1
1300
1
2597
1
2055
1
1
1
1708
11
1
1
1
1
515
1
1
20967
6460
1
18276
244
1
291
4094
1
160
367
1
1
130
37
1
276
1
244
1
1
1565
892
441
313
115
1
1
1
678
1
1
4006
1
1
1
597
1
124
1
33
1
1
293
1
505
1
1
1
1
1
172
1
1
800
1
1
1
1
46
72
1
1
1
1
276
1
605
421
1
1
689
1300
142
4988
1
1
64
269
1
88
1
655
183
229
1
1
3560
1
2292
1
1
53
1
4006
1
342
1
285
585
1
593
1
1882
1
1
1
1056
113
59
561
1530
40
142
1097
1
71
142
1
1
40
1
1
1
505
1
1
1
1
1
97
289
42
1
1
1
1
1
1
7450
330
348
629
1
1
1
689
1
1
172
53
303
165
334
1
1
1
115
1
492
4618
1
1
1
1
1
244
1
1
1
1
1
1
1
1
1
165
677
1
1
1
1
1170
130
1
1
961
1
1
1
1682
42
629
1
899
1
384
1
1
1
1
43
1
1
1
455
1
1
815
1
729
677
115
1
617
11315
1
66
1616
526
184
988
1
1
294
1
1
678
1
1
82
184
70
6460
142
229
1
9219
146
1
28
1214
1
40
1
55
165
256
526
629
1
7311
1
1
1
236
1
1
1
1
179
168
113
1
11
313
1
1
1
1
1
760
1
1
1644
585
1
18947
1
64
1
1
1772
53
1
1
373
1
1
1
1
142
55
1
18992
597
1
1
86
597
259
1
492
1
1
256
1
1
17620
1
1
1
1964
1
1
629
1
1
1
1
280
1
1
1
1
1
2261
414
1
892
1
115
1056
1
40
1
288
1
165
350
1
358
1
1
55
1
1
1
1
1258
561
1
729
1
1
2493
1
1
1
1
999
1
70
1
1
1
1
1
1
2243
1
605
319
91
235
1
1
1
1
70
1
922
1
1
1
3610
644
1
1
1
5304
1
1
1
1
509
1
2726
1
1
1
1170
384
116
1
1182
1
482
1
1
1882
4031
39
1
1
1
1
1
330
165
307
88
1
1
254
1
232
1
19037
499
2272
1
1
1
175
1
1
1
113
1
1
1
1
165
82
1
1
156
1
93
1
1
351
1
431
1
1
7275
1
33
1
1
43
1
1
1
1
88
1
1
678
1803
1
1
236
280
1
142
1
613
22968
1
1
1
1
160
1
6
1
1
1
1057
3724
1
1
15
1
229
88
372
922
961
1300
3724
554
88
1
1
1
1
2826
291
26
1
1
1
1
46
384
1
1
1
115
3530
1
1
235
1
1
1
1
1
431
82
235
1
1
1
1
1
892
1
458
1
1
72
1
235
1
1
1
2737
1
142
1
1
1
1
1
1
1
1
152
1
25457
1
76
1
1
1
901
6397
160
1
1
4976
647
1
1
1
1
31
1
184
920
1
1
1
1313
1
1
1
1
1
1
15789
86
1
235
1
1
1
1
19072
1
1
420
1
1
171
1
124
53
334
1
1
492
254
1
1964
1
1
629
1
1
1
1
1
372
1
330
1
5734
236
1097
358
372
1
1
401
1
1
1616
165
289
584
17
1
1
526
1183
1
51
171
1
3160
629
1
1
15
1
1
1
1
97
455
1
1
1
1
1
1677
160
1
25434
1
6460
7368
384
1
815
1
1
1
1
1
115
1
2006
142
1
86
1
1
22
1
1
1
1
1
1223
72
1
380
1
1
1
3160
276
1
1
1
269
1
1
1
165
1
1
1144
165
1
1
1
629
1
1
1
1
330
1
343
515
4006
172
383
183
1
1
186
1
1
1
1
88
1
142
1
1
379
88
1
1
160
235
760
172
554
401
28
1
91
1
184
1
1
343
136
1
1
43
455
1
499
1184
1
1170
1
1
1
1
760
441
1
760
1
678
53
1
159
1
1
1973
1
1
1
126
7698
1
3051
372
1
1
1
1
1144
6561
1
72
1
1
348
235
1300
7107
1
1
1530
406
1
1
330
1
20798
1
1
1973
1
1
1
1
6
1
33
1
1
1
1
1
1
1
25603
1
1
1
1
1
1
899
1
1
1
899
1
1
471
1
1
303
1
22357
1
55
1
1
435
1
1
1
420
1
431
1
1
521
1
1
1
1
1
1
165
1
1
1
1
88
678
1682
1
1
1
37
342
1
1
1
1
1
1
4223
1
384
1
1
1
1
313
1
1
292
1
1
46
1
1
1
589
1
1
1
1
1
351
1
2778
1
1
1
1
1
770
1
1
1
678
584
15
191
1
1
6574
126
647
1
1
1
1116
350
1
3139
589
1
1
1
40
5734
1
1
1179
1
384
1
17
401
303
1
1
1
276
517
1
88
1
1
160
2292
1
46
1
291
1
1
165
471
1
229
959
291
1
1565
5429
1
1
1
301
1
1
871
16526
42
153
1
1
1139
1
1
1341
1182
46
46
1
1
644
1
1
17506
1
550
772
1
1
1964
1
414
1
1
1
1
1
1
611
1
1
1
1
1
13
6
4833
914
1
285
988
136
70
1
1
1
1565
1
176
1
1
46
1
39
1
1
1
72
894
71
1
1
1
1
276
1
1
1
1
1
1
5304
1
1214
68
2292
71
88
1777
1
1
1
269
313
1
1
1
53
1
1894
629
1
5550
330
1
85
431
1
1
1
1
1
1
1
1
5550
373
130
1
1
1
394
1
1
659
114
1565
393
1
254
33
1
1
20916
1
1
1300
165
431
1
1193
2737
1
1
1
1
1
115
1
256
1
1
1
499
1
330
1
892
1565
492
301
401
531
899
1
1
526
1
1
1
1
1
1
1
748
1
264
482
1341
1
68
1
1
1
142
1
1
4618
1
1
254
1
1
1
1
16740
1
1
441
1
17901
1
1
1
1
1
1
1
3160
1
1
3323
1
1
1
1
1
8996
1
1
561
901
160
1
15
1
1
1
1
1
1
1
68
1
772
1
1
1
1
8153
1
232
1
1
1
1
1
1
88
1
1193
1
15300
1
1300
6798
3051
1
1
1
756
191
1
115
1
1
82
1
1
1
33
88
1
1
1
1
7997
1
82
1
53
1
1
1
1
159
289
313
114
79
1
284
1
1
1
1
115
42
372
613
1
76
801
165
541
1
1
115
4874
351
1
1
1
1
1
126
235
85
515
471
1
1
1
330
1
292
50
523
1
1
961
1
1
1
1
1
7372
1
1
1
1
1
531
1
1
72
1
1
1
350
229
1
88
115
1139
115
342
1
179
1
1
1
184
1
531
185
3320
165
1
1
160
39
1
1
1
1
1
1
97
343
1
1
291
515
33
235
259
1
229
1
172
1371
115
1
1
130
1
1
88
254
53
37
5429
1
1
1
1
1
1
1
40
499
2334
285
1
1973
1
55
1
1
1
1
1
492
1
922
1
313
1
455
1
176
115
15
1
15672
168
961
1
348
1
1
1
1
1
303
1
142
2029
1
9
1
1
165
1
1
1
1
1
2597
1
358
1
1
142
256
303
1
1
1
1
1
899
1
33
1
6517
1
1
1
1
6
1
1
1
499
2272
37
256
1
1
1
1
1
1
1
1
1
1
1
513
10756
348
1803
165
82
1
1
2332
229
76
1
1
1
1
1
1
1
1
2125
85
1
1
1
1
1
1
1
1
617
1
1
1777
296
1
303
46
372
291
1
1
12776
1
4398
1
1
1
373
291
1
1
1
1
492
5457
1
1
1
1
1
1
186
1
1
1
406
1
1
340
1
1
1116
1
1
1
922
1
1
1
37
772
7311
647
330
1
1
1
1
1
1
292
1
629
1
420
1
1
1
1
841
348
256
1
294
2482
3103
1
1
160
1
1
342
14339
1
1144
46
597
108
1
1
1
303
1
1
1
899
1
1
1
1
1
1
303
276
914
1042
1
1
441
1300
7698
1
1
159
1
1
530
1
172
1
1
33
1789
1
6519
1300
1394
1
1
1
26
2913
1
53
229
521
1
1
1412
108
1
999
232
1
1
340
191
146
11
301
1
1
1
1
165
1
1
28
1
1
1
1
1
351
1
1
961
691
1
1
72
1
1697
2480
1
1
1
372
379
2486
1
1
2493
1
1
1
1
256
68
1
1
892
1
1
837
1
146
5497
1
254
42
1
1
1
1
15
629
330
1
1964
33
1
1
1
1258
39
66
1
1
1
301
1
568
1
1
233
1
914
1
1
1
1
583
285
229
643
1
1
1
1
1
1
1
53
15171
1
179
1
1
1
1
235
1
3447
103
554
235
2261
1
184
1
1
1
1
7311
1
1
2493
1139
1
611
289
1
1
33
116
1
1
1097
471
1
276
1
1
629
17
1
1
999
37
15
1
1
1
1
235
1
1
1
1
1
1
68
1570
39
1
1
334
1
1
2439
1
1097
1
629
1
1
160
1
9037
1
2967
176
7107
1
1
1
33
1
1
1
1
116
1
1
1
1
1
1
1
1
1
1
1
1
1
2272
33
659
1
1
340
1
184
1
1
1
254
1
232
593
1
1
523
64
748
244
2243
1
1
1
1
1
66
1
1
235
372
1
142
1
1
1
1
2737
1
1
1677
1
15
4223
920
1
294
72
183
2482
1
2486
1
1
899
1300
1
1
1
2480
605
39
1
1
1
1
1
605
6517
605
1
1
815
13275
86
1
1
1
1
1
229
1
15
386
39
611
1
254
1
1
1
42
79
1
256
756
1476
334
1279
55
1042
230
1
1
1
2125
2482
597
1
1
1
1
254
235
2480
1
1
88
1
3341
1
46
3774
1
1
169
1
1
1
1
1
301
2913
515
15
319
1
1803
76
1
313
1
31
232
1
1
288
1
1
4225
33
1
597
1
1
1
293
66
1
179
373
1
380
1
1570
1
613
1616
1
691
1
22
1
108
1
1
1
1616
1
597
1
1
1
1
1
40
235
236
3530
1
146
1
1
1
1
358
33
611
1
1183
841
1
88
1
1
1
1
1139
554
1
5942
1
492
1
1
285
33
33
1056
1300
160
15
689
523
1
1
1
1677
1
1772
1
1
313
124
689
37
1
1
1
678
1
492
33
629
1616
1
40
130
1
2332
72
1
710
3323
1
894
914
1
5901
1
1
1
1
1
1
541
509
37
1
2282
6346
1
2204
492
1
1
103
1
1184
1
1
1
1
1
1
1
584
1
1
1402
1
1
1
1
1
1
1
554
1
1
1
1
1
1697
1
291
7806
7767
19694
39
1
17
115
53
1
1
1
386
1
146
358
1
1
1
489
1
372
1
1
1
179
1
86
505
1
1
1
1
165
760
441
1
1
1
192
1
340
82
367
1
530
1
1
1
186
1
1313
1
1
1
1
1
1
1
1
1371
1
1
1
1
22761
1
1
1
53
1
1
1
1
191
68
1630
1
4295
689
1
1
914
46
342
76
1
1
1
348
1
561
1
330
1
1
1
1
285
1
1638
801
1
922
617
276
1341
1
1
1
1
1
1
1
1
1
1
1
291
1
611
1
1
1
1
21583
1
1
1
1
1
1
383
1
72
1
12437
85
393
1
1
1
1
26
1
453
871
1
1
1
597
13298
1
1
1
1
37
288
1
1
1
1
1
1
1
130
1
1
1
1
152
72
267
1
1
296
1
1
1
33
1
815
1
1
1
1
1
554
1812
1
10159
1
1
1
1
3323
1144
1
1
1
1
530
1
1
1
414
46
1
192
1
1
1
1
1
1
1
899
1
1
530
1
303
1
1
1193
1
1
1
1
2292
142
276
1
168
505
254
1
1
1
1
1
1
1
583
1
1
1
1
1
1
1
93
1
1
330
441
1
6460
1677
1
1184
1
1
1
82
229
93
42
1
1
1
363
1
1
160
1
1179
1
1
1
216
39
17761
1
4225
1
1
363
1
1
2006
1
1
4833
1
509
1
1
15
358
1
386
116
9258
1
1
1
431
583
1
1772
873
88
113
611
1
1
1
46
3724
230
1
1
1
13267
1
1
1
583
1
276
350
86
1
1
1
1
21462
1
499
10769
8441
526
1
39
1
1
505
1
66
1
1
1
1
31
1
254
2248
33
1
1
1
184
1
319
1
1
1
115
1313
1
1
88
1
561
584
1
1
1
1
108
1
1
88
1
16726
1179
678
179
66
185
1
1
1
1
1
1
40
1
358
1
629
1
1
343
1
1964
1
1
1
1157
1
394
1
1
1
1279
1
710
5429
186
1
37
1
185
1
1
585
1
53
19049
1
401
691
86
1
1
1
1
1
1
1
19037
677
2151
1
1
51
1
1313
1
294
386
1
2493
1
1
1
1
1
1
1
1
1
850
1214
2526
23752
1
1
1
1
22
51
113
1
1
180
1
756
1
86
256
1
901
1
1
3724
1570
1300
1
289
421
1
1
1
1
1
55
1
455
1
1
1
28
1
1
146
1
1
1
1
1
593
1
1
288
172
342
1
999
1223
1
1
471
420
1
1
689
8153
1
72
168
1
1
1
70
1
1
482
330
1
1
471
1
1
1
1
1
42
169
1
1
1
1
1
554
42
1
40
1
1
1
276
1
1
1
386
629
108
1
33
1
1
168
1
1
1
1
521
1
172
1
1
1
420
1
1
160
1
1
1
1
901
1
1
1
961
116
1
142
1
1
1
1
1
33
1
541
280
2151
256
1
130
530
1
1279
1708
76
1
1
1
815
130
1
1
130
1
1
1
1
1
1
1
1
1
1
1
1
334
1
88
1
1
86
108
1
1
1
1
1
1
40
530
2055
1
1
901
1
1
677
1
1
216
13275
1
4398
1
1
1
43
53
46
276
1
1
26
1371
1
2486
313
1
1
1
1
1
593
343
1
82
922
1
1
186
1
677
40
1
1
1139
28
11
1
235
1
1570
1
1
319
1
82
1
1
1
1
1777
1
1
33
710
1
289
1
489
1
1
244
1547
629
142
82
1
1
351
358
1
1
1
1682
1300
1
130
366
1
1
1
1
1
1
1
1
11812
91
1
1
330
1
871
2807
1
280
1
384
1
88
1
1
386
583
841
160
289
1
1
1
68
2029
1
66
256
1
1
256
1
1
1
348
922
91
1
1
1
1
530
348
82
165
1
1616
1
1
1
82
114
1183
40
1
53
1179
142
1
1
1
1
1
1
2737
348
1
1
1
386
172
1
1
1
492
871
1
72
1
1
1
1
1
1
103
1
1
180
1
1
2282
1
1
1
593
770
1179
1
1
1
922
1170
2151
1
230
1
1
303
678
1
1
1
1
350
343
899
1
1
748
489
1
1
165
509
1
1
1
1
18154
1
772
180
1
230
1
1
1
1
677
1
1
1
441
1
1
280
1
31
1
53
1
1
1
1
6561
1
1
1
613
1
256
1
351
1803
1
1637
1
691
88
1
1
1
1
343
1
55
1
291
24243
961
1
183
1
244
1
1
1
1
1
1
115
914
1
1
236
748
1
1
165
1637
492
1
3000
383
160
585
1
1
1
160
1
1
1
1
729
3160
1
999
1
1
1
1
1
1
1
1
8287
1
1
1565
1
1
589
1
1
1
334
358
1
216
1
1
1
1
288
7311
401
1
6043
1
1
1
259
379
1
1
1
8
1
15
1
386
561
14747
9
313
1
1
1
114
1
3833
1
1
115
513
1
1
37
343
1
1
1
1
363
13
629
1
1
1
176
946
1
1
1
372
1
1
5236
1
1
961
1
458
280
1
1
384
1
2807
1
1
1
76
1
232
1
1
1
1
1184
1
1
1
1
1
530
20799
1
51
1
1
1
1
1
2778
4398
1
1
1
841
3447
42
1
4976
1
1565
229
1
894
1
9
420
1
1
815
244
2482
1
40
1
171
348
1
256
1
1
1
1
1
53
541
1
1
3817
1
8381
1
1
6517
1
1
1
1
28
8314
1
597
1
1
1
296
1
1
372
1
291
1
2272
3139
1
4087
64
103
899
1
550
313
229
1
1
1
1
383
1
1
18522
1
216
1
1
1
1
892
21943
1
1
1
1
115
2597
1
1
1
40
1
1
1
7372
383
1
1
1
342
1
88
1
1
1321
1182
1
1
1
1
515
160
678
1
1
801
3383
348
3000
1
1
1
1
8
1
1
871
1
55
379
1
1512
1
1
1
677
1
946
1
1
82
1
1
179
1616
1
1
1
1
1
236
1
1
1
1
386
1
264
1
1
1
420
1
1
1
1
1
561
1
1
2243
1
1
1
159
39
1
1
1
51
1
1
1
165
1
1
1
1
1
176
1
303
1
1
772
55
1
22
1
42
5429
1
142
1
1
509
1
1
124
1
611
530
1
1
86
505
1
269
59
1
1
82
11
428
5497
515
1
1
124
186
1
1
175
165
1
1
235
15
1
1
12776
1
1
8996
1
961
330
1
1
160
1
530
1
1
229
1
1
1
1
1
1
1
629
53
1
1
6397
53
1
313
1
50
285
142
33
1279
1
1
40
1
988
1
1
1
1
289
115
1
115
1
677
1
1
1
1
1
894
33
216
1
1355
113
4213
6712
172
617
492
1570
1
1
1
10367
1
1
1
523
506
165
1
1173
1
115
1
169
55
1
1116
1
88
1
1
1
1
165
1
1
1
1
1
394
136
6889
1
1
46
53
1116
1
1
1
1
1
146
1
647
1
1
2826
1
126
1
42
229
1
5550
1
499
1
2243
1
1616
1
1
86
1
1
1
678
3341
1
1
1
4166
1
1
1412
53
1
39
1
1
330
1
1
256
1
1
1
1
91
421
1
160
14327
1
677
515
593
1
1
1
160
1
1
999
1
9448
1
51
88
142
1
1
1
1
1
126
175
1
175
1
1
160
4852
1
605
1
1
1
8
358
1
1
4988
1144
22126
1
273
236
1
1
1
1
1
18154
1223
815
1
1
1
20798
235
1
380
244
1144
1
1
254
1139
1
541
1
394
1
1
82
1
1
1
183
506
229
1530
689
1
1
86
1
1
9258
1
584
1
1
2248
269
1
14086
108
1
1
4852
1
1
1
1
1
1
1
1
1
441
1
1
2913
1
13705
1
1565
401
1
216
1
160
999
236
1
1
256
1
1
1
1
530
2055
1
1
1
42
1
160
1
183
285
66
1
561
5440
453
1
276
183
1
1
160
936
1056
1
421
772
1
1
1
1179
1
12472
1355
1
1
613
384
115
1
1
1
1
3759
1
1630
7698
1
1
343
1
1
1
1
1
1
1
1
179
1
1
1
1
1
1
244
1
46
584
88
1
1
259
21303
230
1
1
1
156
1
113
183
1
988
1
1
1
597
1
1
1
1
1
1
1
1
1
1570
46
1973
1
342
232
1
1
294
1
1
1
287
1
1
5429
1
1
605
230
1340
1
414
1570
130
229
39
1
1300
1
801
42
1
55
319
1
1
13611
1
152
1
313
1
113
1
914
1144
313
1
1
1
2249
1882
1
8153
22401
156
1
13267
1
1
1
1
1
1
184
1
313
1
871
1144
1
1
1
39
384
772
1
1
1
1
492
1
1170
319
33
1
1
17
523
42
1
330
1
1
1
1
1
1
1
1
897
113
1
1
1
1
86
1
1
1
1
168
431
871
373
1
1
1
1
892
1
1
1
1
33
91
39
482
1
1
1
1
1
9
1
330
1558
14716
1
1
629
1
53
1
1
1
1
1
3323
1
1
1
5901
1
256
1
1
1
1
1
1
1
1
471
471
1
1
285
1
1
165
160
3560
801
1
1
3103
33
471
1
1
1
372
1
1616
319
17633
1
23341
1
5550
1964
1
1
1
1
1
191
1
1
1
1340
1
1
1
1
401
259
1
4571
1
165
1
1
421
1
33
1
1
1
1
1
1
289
1
1
39
11088
142
961
1
7372
1
1
1
1
1
1
1
72
1
1179
530
1
1
1
1
420
1
1
1
1
1
66
1
1
1
1
1
115
1
1
1
4988
1
1
26
313
1
115
1
1
1
1
15
1
1
1
550
1
1
1
1
1
1
988
14164
293
1
1
291
1
280
165
1
1
1
1
1
1
1
1
1
1
1
184
1
1
1
1
1
1
1
1
1
42
1
1
1
589
1
1
64
1882
1170
1
1
394
1
561
1
1812
42
1
1
425
1
1637
3560
330
678
1
1
330
1
276
291
115
1
1
1
1
8074
289
1
179
1
1
1
1
303
5497
1
1
1
380
5429
244
1
1
285
1
513
1
1
1682
611
760
1
1
584
1
9
1
1
1
1
1
1
1
229
42
39
53
1
1355
1637
348
1
1
1
1
1
1
1
1
1341
1
1
1
1
1
1
1
1
130
192
42
1
1
1
5026
1
1
216
142
1
1279
1
1
1
760
20201
1
313
1
1
276
1
235
1
334
1
1
1
1
1
401
1
176
1
1
441
1
1
113
1
15
1
85
1
2584
1
20916
3475
1
1
1
1056
1
1
1
1
1
1
1144
7450
1
284
85
236
1
1
1
748
1
1777
1
172
1
1
3560
1
1
160
330
292
176
561
629
1
1
1
1
88
1
1
1
531
5429
1
1
505
82
3323
1
1
1
1
1
2482
165
1
1
126
1
1
554
1
9
183
1
1
1
841
1
9
1
764
1
23752
1
284
1
1
1
1
678
1
1
15
384
15
33
455
1
1
1
115
1
1
168
1
2151
1
1882
1
1
130
1
914
6
1
1
1
51
235
130
1
319
613
3160
2913
1697
421
14716
168
1300
1
1
113
1
453
515
1
1
235
1313
1
31
2778
46
313
1
1
1
16238
1
88
21583
1
1
1
1
1
51
471
1
115
584
523
1
760
70
126
153
1
1
1
1
1
6070
5153
3974
1
1
1
1
160
70
1
244
1
1
1
351
513
1
72
1
1
1570
1
1
168
1
15
1973
169
1
1
22
88
526
1
1565
1
1
165
15
940
1223
420
183
584
53
1
1
1
1099
1
33
1
1
1258
294
1
1
2200
1616
988
1
236
2439
7727
1
1
1214
1
1
1630
1
1
710
373
1
1
1
186
1
629
1258
1
1
1
1
372
1
1
16526
1
1
1
1
1
186
1
1
23563
1
97
1
1
1
1
379
1
51
1
1
15
1
88
216
1
280
1
1
1
1
1
1
1300
1
1
1
1
455
1
1
1
1
126
59
1
1
1
1
1116
1
1
1
1
1
613
521
1
629
1565
7372
1
1
1772
287
1
1
1812
1
1
186
772
1
1
1
1
1
1
1973
37
358
1
1
1
1
1
1
1
1
1
183
1512
50
2292
1
489
1
1
1
1
1
6
1355
1
1
1
1
46
358
1
1
1
1
172
256
1
7698
7698
1
5429
1
1
1
489
1
1
37
1
1
86
428
3302
165
1
1
50
319
39
1
51
1964
1
1
176
15
1
1
1
1964
1
1
1
1
1
1
1258
367
88
55
1
1
88
42
1
42
1
1
176
1
1
1
1
1
116
1
1300
1
160
1
1
1
1
160
307
1
1616
1
1
1
184
1
1
1
11318
611
1
115
1
1
1
1
1
1
1
1
1
1
920
1
1
1
1
86
6154
677
186
530
330
1
1
4833
46
39
183
471
1
1
39
1
1
1
1
88
1
1
1
6
1
1
1
1
383
1
1
216
1
1
647
677
2282
760
179
1
1547
1
1
70
16238
1
1
276
499
165
1
1
1
492
1
373
1
169
1
130
5304
46
1
1
289
593
343
152
841
920
9002
435
1
1
1
1
1
1
55
10756
1
20966
1
1
1697
1
1
13
1
1
1
1
1
1
9
1
1
1
1
421
1
22357
899
1
1
46
605
172
1
1
1
1
1
1
51
153
91
1
1
1
1
46
1
1
1
1
1
1
2249
1
1
372
1
1
1
1
1
1032
1
1
1
1
3509
677
1
1
1
1
1
1184
1
1512
1
10834
313
88
313
1
292
1
1
1223
1
39
1
51
1
1
1
1
1
1
1
1
1
1
1
172
235
677
1
1
1
103
1
1
1
1
1
1
1
1
1
1
46
8441
1
1
1
1
1
1
358
330
303
43
39
1
1
88
291
1139
233
1
1
425
1
1
1
1
1
1
1973
42
1
116
171
33
509
1
1
37
1
1
1
1
13
1
994
276
116
1
1
1
1
1
1
629
1
5304
254
1
760
1
59
748
244
342
1
1
3509
1
482
235
276
1
16923
760
366
1
1
1
1
1
1
1
1
1
1
42
1
1
1
1
1
1
1630
1
15
1
1
1
1
1
130
340
1
116
1
1
3323
1
1
1170
1
1
79
1
6346
1
1
93
1
103
15
1
7275
142
1
1
1
1
897
1
116
1
1
1
1
1
1
617
17
1
31
1
1697
165
1
605
1
1
1
244
2826
76
1
152
1
1
1
68
892
1
1144
815
509
1
1
42
15589
1
1
1
1
1
1
1
1
1
1
1
1
42
3160
629
1
2913
1
348
526
1
294
373
1
1
1
1
1547
584
42
1
1
1
1
1208
1223
1
597
124
1
55
1
1
379
1
1
1
425
617
2125
584
330
2242
506
142
899
46
1
1
50
292
1
9
176
254
17761
1
1
1
1
186
1
1
1
1
276
1
1
42
1
1
1
1
186
1
492
1
171
3210
435
1
441
1
1
1
1
1
2151
605
1
561
386
168
176
1
1
303
1
1
1964
1
1
51
232
1
1
1
1
172
1
1
1
1
232
1
1
517
1
1
1
334
617
33
97
1
8
1
1
1
1
33
33
1
1
897
1
1
1
1
1412
617
1
1
319
17003
523
1
435
1
165
1
186
1
373
1
330
961
1
1
1
420
1
39
171
1
70
53
1
800
1182
1
1
1
82
1
1
1
1
1
1
1
40
1
1
2292
1
19326
46
1
264
1
113
18276
1
1
1
1
1
1
1
291
1
1
1
33
1
1
1
113
42
37
6620
1
1
1
113
1
517
1
372
1
1
1
1
1
1
1
9203
897
1
1
1
1
1
1
1
1
2332
55
1
729
55
1
348
235
8609
1279
1
1
1
1
1
1
1
1
897
1
2332
1
256
1
1
1
1
1
1
1
1
1
509
1
894
160
677
5429
1
1
1
1
1
1
1
20621
1
1
256
1
115
643
1
1
1
1
1
116
1
1
1
1
1
33
1
1616
372
513
1682
1
1
1
1
280
1
1
2292
1
1882
1
1
307
1
531
180
678
55
235
1
3488
46
772
1
1
1
301
5715
401
1
1
1
126
1
431
1
180
1
1
142
1
1
186
3759
1
1
492
1
1
1
1
1
1
530
1263
319
1
15
1
291
1
8
1
1
1
183
384
1
499
1
1
146
86
1
1
7494
301
1
51
9771
289
605
372
284
1
1313
1
509
1
1697
1
342
72
914
689
1
284
453
1
593
72
1
1
1
1
1170
1
2332
1
313
441
1
113
1
53
1
1
1
103
1
894
1
1
72
86
1
605
1
159
1
1
1
1
1
1
1
1
1
1
1
334
1
1
1
46
4229
39
629
1
1
1
1
1
11315
1
1170
1
1412
1
1
1
303
1
1
294
229
1
1
1
899
363
584
1
1
1
1
1
116
1
1
28
1
1882
1
1637
1
1964
1
55
184
1
284
1
1
1
1
1
1
1
1
91
1
85
53
267
68
1
384
179
505
1
313
372
1
677
1
288
531
1
348
1677
1
1
2029
1183
509
961
293
1
1
1
1
15
772
1
1
9371
256
1
1
1
1
1
372
33
1
1
113
285
1223
115
384
1300
26
11712
515
1
244
68
1
1
1
3383
1
1
1
1
1
1
1
1
39
1
1677
186
1
3509
1
1
1
1
1
1300
1
691
1
186
3139
7311
1
1
1
1
319
841
1
1
1
180
86
10756
1
1
1
236
961
39
172
1
1
1
1
1
291
85
1
1
172
319
236
1
1
1
541
1
88
1
1
1
146
1
1
175
1
1
1
1
1
1
1
1
1
1
1
2486
1
2526
1
1
554
431
1
1
1637
1
1
28
1144
1
509
1
160
183
1
159
1
1
146
1
678
1
1
1
13
644
1
873
82
1
1
1
1
1
146
1144
1
1
1
1
33
1
46
1
142
1
13
183
1
1
3509
1
691
1
1
394
1
1300
1
1
1
53
1
1
21368
1
1
541
1
1
1964
1
1
1
1
1
53
4398
116
1
1
3000
1
10621
1
1
1
1
2526
1
1
584
1
33
1
15
1
1
421
115
1
6154
1
1
1
1
1
1
20389
1
1
1
340
1
850
1
340
1
1
229
1
1
1
1
401
1300
1279
15
1
285
43
14251
1
313
1
756
6699
1565
244
348
1
677
1
1
1
1
372
455
1
1
130
1
169
1300
1
1
1
1
1
1
605
153
1
505
1
585
88
1
146
1
1
1
46
1
1
1
1
86
1
1
350
1
1
1476
1
146
1
1
1
379
72
169
1
232
1
629
1
1
1
453
1
1
1
1
171
1
191
115
4223
509
1697
1
1
1
1
1
1
678
1
1
406
183
22535
1
2737
1
1
160
1
1
1
1
513
3774
589
1
1
116
1
1
86
1
21519
1
1
1
1
513
313
729
5429
1
1
1616
22
15
386
33
384
1
1
691
71
892
1
1
256
1
1
1
33
1
1964
186
1
1
1
530
1
171
1
1371
1
1
492
1
37
401
1
421
1300
1
14471
244
1
79
152
999
1
1
1
2261
330
1
1
1
1
710
1
1
1
1
1
291
1
678
1
1
1
677
1
1223
1
1
1
1
605
1
1
142
1193
1
2846
235
2292
1
2261
1
330
1
1
1
677
1
6
1
1
28
1
216
185
1
233
15
180
53
1
168
1042
1
1
1
1
1616
1
1
115
269
1
401
1
1
1
1
1
1
17761
6561
55
37
46
1
1
526
8
1
1
1
46
523
1
79
1
1
1
1
1646
1
1
1882
1
1
1
1
152
115
1
1
1
1
3210
115
6517
1
1
1
1
66
1
1
1
1
291
15
1
1
1
901
1
186
1
46
1
585
1
130
1
1
873
1300
59
1
165
1
1
1
1
1
1
1
1
254
1
160
1157
22
1
88
1
91
1
1
1
1
1796
313
1
1313
18672
1116
17
1
183
1
186
1
126
366
43
191
191
1
1
184
1
3774
1
1
301
1
1
1
146
235
729
756
1
1
1
1
1
1
1
1
1
1
647
12437
1
51
1
1
1
1
1
1
2248
1
2017
340
88
384
1
1
1
1
1
51
313
1
1
1
1
1973
1
1
1
1
1
88
1
1
1
180
1964
88
1
2282
1
1
1
1
1
1
1
1882
1
1
1
1
1056
922
1
1547
482
1
1
88
589
1
1
1223
655
1
288
1
1
421
358
1
1
1
1
236
88
1116
334
168
1
1
1637
1
1
33
276
1
899
1
815
1
756
509
689
1
1
1
235
1
1
1
1
1
1
86
1
291
1
583
1
273
46
441
1
1
235
285
1
1
1
1
1355
179
8
64
142
1
22
1
1
1
22
25285
53
1
1
82
1
629
1
1803
999
1
526
1
1
1
1
1
22357
1
914
1
1
1
1
1
1
12766
1
1
1
1
1
1
289
16912
509
1
165
1
1
1
1
1
1
1
1
171
1
1
1
1182
1
999
1
1
319
1
1
235
489
1
8
55
33
1
230
1
1
471
1
1
33
116
1
1
613
276
1
1
15
1
629
42
1
1
1
1
1
115
1
1
1646
1
358
1
254
1
1
1
1
1
1
42
6346
313
1
1
1
1
165
1
1
1
1
115
505
585
1139
1170
46
1
1
1
1
183
11457
1
183
1
1
2737
1
1
153
1
1
1
165
1
1
292
1
71
584
1697
1
530
1
1
1
1
183
1
1
1
1
1
1
1097
160
4223
55
1
1
1
1
1
22
1
1
1
254
1
1512
1
1
1
1
401
22357
1
1
116
12720
350
1
1
8151
1
1
1
86
1
1
1
1184
1
1
1
1
1
55
384
1
1
1
1882
428
492
1
6070
1
521
1
1
1
1
1
613
1
288
1
611
1
1
1
1
1
1565
1
330
1
13596
1258
1
273
235
1
1
677
276
165
285
1
1
1
1
1
1
113
1
183
1
1
1
71
841
1
108
406
420
1
1
2526
1
629
1
276
629
86
1300
772
420
86
1
1
1
1341
6
19700
1
1
10587
1
1
1
1
1
330
920
1
1
24222
1
18134
319
1
1
1
1
1
1
1
229
115
291
1
16238
1
1
1
1
541
256
1
25434
1
1
678
372
1
1
1
1
1
1
5618
1
801
1
1
256
1
373
1
505
1
647
1
1
1
8380
172
313
1
1
1
1
530
4225
1
4295
229
1
40
2493
1179
1
756
899
1
2486
1
1
1
1
897
2125
1
988
677
2493
1
1
40
509
1
1
1
1
1
1
1
1
1
116
6070
1
678
1
1
1
1
1
1
183
1
93
1
1
526
1
1
1
229
358
2778
4988
1
39
1
1
1
1
1
351
1
1
192
1
1
1183
458
172
1
764
1
1
1300
358
230
46
1
165
1
1
1
232
1173
183
1
1
1
1
1
68
1
531
1
1
1
1
291
1
1
1
1
1
1
1
115
1
254
1
330
313
1
51
285
1570
1
130
1
1
899
1208
176
10292
372
1183
1
1
530
677
1
183
1
42
1
1
521
1
1
584
33
22
1
1
160
15
1
710
1
17
914
160
1
1
1
46
1
1
1
2151
1
1
1
1
1258
453
1
465
6371
46
88
1
1
183
8
1
1
1
3560
1
8993
1
1
2493
5942
1
86
350
1
1
1
2261
10159
1616
1
11949
12550
1
86
1
1
441
1
1
678
871
1
1
256
289
1
1
1
1
1512
521
1
837
1
273
68
1
1
46
2480
1
1
1
1183
1644
1
1
1
86
276
303
11
6561
72
1183
1
1
1
1
1
710
1
1223
293
1
597
871
1
1
1
1
1068
482
280
22
1
1
1
1
342
441
1
1
1
1
1
1056
1
1
1
21063
1
1
505
1
1
108
1
1
1
1
1
1796
273
523
1
1
1
1
1
303
1
1
1
88
1
1
1
176
1
1
1
1
1
1
1
159
1
482
1355
1
1
256
88
2241
1
176
1
1
1
1
1
1157
130
1
1
1
1
165
1208
1
115
1
1
269
1
1
97
492
1
1097
7698
235
499
76
1
1
1
1
1
303
1
1
1
1
1
22
1
1
1
1
115
115
1
617
1170
330
678
1
1
15
313
1
1
1
1
2526
1
372
1
1
1
583
55
1
1
165
1
235
1
22357
160
1
1
1
1
1
269
175
1
1
1
1
42
115
1
1
1116
1
1
1
1
1
901
1
1
1
1
156
1
86
39
772
7311
1
873
1
8
11233
1772
64
1
629
287
1
677
894
1
1
1
1
1
677
530
1
1
1
1
301
1
1170
168
1
1964
1
116
6889
1
348
20875
1
1
1
284
39
1
1
1
1
3511
254
116
319
1
5497
1
1
1
1
53
1
1
1973
17761
1
294
1
115
1
1
1
165
1
1
1
79
1
235
319
2482
1
1
330
1
1
1
6437
1
1
1042
1
1
142
1
124
1
2332
160
441
1
815
82
1
8314
1
1
1173
294
1
1
1
256
1
1
1
1
530
33
1
3724
1
1
1
1
1
343
82
1
1
1
1
313
471
1
401
1
276
1
1
1
33
850
350
1
1
1
1
1
1
1
1
1
1
871
583
1
1973
597
1
386
1
1
899
1
1
1
26
68
1
561
7795
1
892
1
394
1
1
1
142
235
1
2737
841
1
1
1
1494
1
1
313
421
11
1
1
116
85
748
70
254
1
1
165
1
236
1
72
1
160
1
1
611
441
1
1
1
1
1
1
1
55
1
1
1
1311
1
1
1
2846
1
2439
899
1
1
1
1630
1
1
256
7610
1
1
1
1
33
678
1
186
108
1
1
1
301
176
1
1
1
313
66
88
509
1
1
3360
425
1
1
629
1
1
1
1
71
1
589
961
492
1
1
1
1
1
53
1
1
729
1
1
130
1
384
1
1
70
1
677
1
1
153
1
1
1
184
1
1
1
1
1
88
1
1
1
1
1
1
1
1
1
1565
1
53
1182
1
1
1
1
367
1
46
70
1
1
1
363
3440
1
1
1
1
897
1
1
303
1
1
330
1
40
1
160
64
1
1
379
1
85
1
1
1
115
59
1
1
22357
20875
7368
1
23341
1
1
1
1
1
471
453
421
1
1
489
1
1
1
113
1
287
1
37
1
1
1
1
1
3323
1
1
1
348
116
86
386
82
285
1
1
1
515
9
647
1
40
186
1
1
168
1
1
1
1
1
1
1
1
1
1
691
1300
1371
1
55
232
276
550
1
359
86
1
313
1
489
1
3590
1
1
1
1
1
1116
1
1
142
86
1
1
1
871
899
394
269
1
142
1
235
2846
1
1
55
1
1
179
1
5457
17423
1
1
523
1
6346
1
561
1
1
2243
1
1
1
523
37
1
1
379
10621
33
351
1
235
1
1300
85
1
114
1
1
1
1
1
160
1
1
1
26
23226
517
28
313
1
1
126
1
384
1
28
358
1
254
1
1
1
1
1
1
1
19537
1
1
259
11
186
319
1
1
235
1
1
1
18732
1
103
1
254
115
1
1
1
585
1
1
55
1
1
33
1
1
1
1
1
1
920
677
1
1
1
1341
1973
11949
1
4919
55
28
568
1
103
988
172
1
372
421
1
1
1
1
1
184
1
677
1
1
901
1
899
59
894
115
1
1
2151
46
1
1
1
1
1
1
1
2006
471
1
1
1
1
1
1
1
160
554
1
185
394
37
1
1
46
2292
1
1
103
1
1
46
585
97
1
108
1
1
1
1
1
115
42
1
1
1
1
1
72
1
3360
629
342
1
1
1
1
1
280
1
509
1
901
33
561
1
1
1183
1
1
1
1
1
372
1
1
1
1
72
1
605
235
1
10368
348
165
801
1
1
1
1
1
1
1
5304
1
1
1
1
1
1
1
1
1
1
18802
1
179
1697
420
115
1
1
1
1
232
1
367
276
1
1
1
2493
1
1
498
1
1
1
1
1
597
1
1
1
114
1
1
1
1
1
313
1
59
1
1
1
15
1
1
1
1
22
1
1
1
1
1
1
1
334
1
1
15
235
629
20687
1
1
165
1
1
1
1
1
1
1638
244
1512
1
1
1
33
3000
1
583
184
303
1
1
1116
593
1
1
1
541
1
655
1
1
1
421
1
236
760
1
1
1
920
1
156
176
1
1
1
1
691
1
1
1097
1
303
1
86
605
1
13789
1258
2480
1
1
922
1
1
71
1
1
1
93
42
1
1
1
1
1
6460
1
142
1
1
1
1
1
1
269
593
372
1
1
710
1258
1
11162
1
1
1
1
1
88
1300
1
33
1
1
1
160
1
801
6561
1
1
1
1
1
1
431
899
1
1
1144
1
88
1
115
1
1
1
1
1183
1
43
1
1
1
1
6
1
1
180
115
179
994
1
1
936
1
1
303
1
1042
1
1
93
1
1
1
1
1
1
1
1
678
7517
183
2486
292
85
871
2055
613
1
1
2439
43
1
1
1
1
1
1223
2482
88
88
1
748
2292
1
1144
1
1
1
1
51
629
1
1
1
33
236
414
1
70
1
1
899
1
76
1
1
1
1
815
1
1
1
1
1
191
1
1
1
366
1
1
1
1
492
82
23545
1
1
303
1
1
1179
42
1
168
1
1294
800
1
1
1
1
76
1
1
191
678
1
8153
1
1
22
288
2892
1
1
1
1
515
1
1
24222
1
115
97
1
1
1
1
1
1144
1
294
1
1
53
348
142
1
1
1
1
113
1
988
1
513
691
1
1
1
6070
1
146
1
2292
421
1
1
1
1
647
1
79
1
22
1
922
79
1
291
108
165
254
1
1
216
1
453
1
1
10525
91
4043
1
1
1
1340
1708
4852
1294
46
421
1
678
1
113
330
88
1
1
1697
1
116
1099
2241
1
1
1
1
1
1565
1157
1
899
303
86
186
1
1
183
1
235
1
39
1
1
15
605
1
1
15
1
1
1
1
1
1
2282
1
303
160
1
276
85
1056
2826
33
1
499
1
894
1
2421
1
5429
269
871
1
39
192
1
1
1
1530
1
303
59
43
1
1
303
1
629
15
1
1
1
1
1
1
841
88
372
3000
1476
531
1
1
1
1
1
4988
108
1
1
1
1
113
1
1
160
1677
1
401
505
677
1
1
88
1
1
1
88
88
1
1
1
1
1
1
1
156
1
1
1
303
330
1
114
1
901
554
1
678
1
88
920
229
42
1
455
1
152
43
1
168
91
1
1
165
1
1
1
760
1
1
1
1
342
1
605
597
303
1
1796
1
51
1
1
13429
2248
1
897
1
401
254
1300
1
22
165
1
1
1
1
1
1
2151
1
959
3103
1
46
1
1
384
1
1
350
1
1340
1
1964
1
1
894
115
1
801
922
611
1
183
1565
115
175
1
1
1
15
22
1
1
1
2248
1
1139
1
1
1
185
515
1
1
153
244
1
1
1
15
1
59
1258
1
1
39
1
1
2846
1
1
1
1
17
406
1
770
176
1
1
1
1
1
1
1
1
5304
1
1
1
1
1
380
3724
1
1
1
372
1
11
756
1
1
2778
1
815
1
1
1
1
186
53
1
1183
1
1
296
1
1
1
22
1
914
1
1
1
1
1
471
526
1803
899
1
1
1
4166
1
235
1
169
6070
24075
342
1
39
1
115
1056
307
1
1
1
180
1
42
192
1
179
116
1
26
330
1
1
1
1
1
1
91
1
1
1
1
1
169
1
172
85
1
1
358
406
31
1
1
1
1
1
115
1
515
25681
1
1
235
11
1
1
1139
1
1
13
2778
22574
1
33
517
1
961
1
1
1
1
1355
192
453
115
372
1
3724
1
453
1
1
17
4031
1183
1
1
1
1
160
160
269
1
1
169
1
229
647
1
1
1
1
8228
1
1
515
678
256
289
1
1
1
1
1
1
401
1
1
229
1
1
1
1512
5236
2261
1
1
629
1
1144
1
515
22934
3139
1
373
1
1
1677
1
46
748
7275
1
1
1
1
1279
1
1
1
22
1
1
1
1796
1
1
1
1
1
1
1
330
1637
165
1
1
1
15191
1279
1
613
1570
748
1056
568
160
3590
1
1
1796
22
1
289
1
1
1
1
82
1
1
1
291
435
244
526
1
285
303
384
20916
116
1
3757
1
1
1
1
1
1
691
1
25031
1
28
1
1
1
359
1
1
1
1
1
530
1
358
289
1116
53
1
88
677
961
1
1
523
171
1
1
2151
1
1
229
1
1
289
130
1
1708
1
1
1
294
1
1
1
1
1
1
1
7610
1
1
1214
1
1
1
492
1
6517
160
1
1
269
1
1
11812
19797
165
17106
1
303
2826
1
43
513
1
1
1
165
1
1
1
1
1
1
597
1
1
1
1
1
16996
330
1
1
1193
169
39
1
1
1
1
1
1
372
1
1
159
372
1
1
1
1
284
1
1
1
1
1
179
1
1
2275
39
1
1
342
1
146
235
994
1
1
1208
384
1
15912
1973
1
1
1
1294
1
1
183
1
351
42
293
568
1
384
15
1
1
1
1
179
1
1
435
961
12357
1
88
42
156
1
1
6371
37
1
5429
1
1
589
1
130
171
46
1
1
1340
1
159
1
68
115
1
183
1
435
12108
1
1
1
1
1
414
1
7109
330
897
1
1
414
1
1
313
1
1
1
1
1
1
1
1
68
259
1
1
184
1
236
1
523
230
1
1
1
1
961
873
1
1
1
1
160
1
5550
285
114
1
1
1803
126
1
401
1
6701
1
1803
1
961
1
330
1
124
611
1
1
1
1
1
1
1
319
1
313
1
561
1
431
184
1
772
330
541
1
1170
1
1
186
72
1279
1
43
1
17255
1
1
1
113
1
1
116
1
15
1
180
1
235
1
22
1
1
1
530
584
269
1
46
1
1
1
1263
1
1
1
1
1
899
55
1
294
1
1
1
373
1
1
2204
1
1
1
1
1
1
1
1
1
22
1
897
236
1
307
1
1
82
276
1
6
1
1
1
82
1
160
55
1
1
1
236
1042
2055
46
1616
285
1
1
1
689
1
1
175
116
1
165
1
1
1
176
233
1
1
1
513
453
1
1
1
1
307
1
1
1
1
1
1183
1
169
1
1
1
1
1
1
3509
729
1
401
1
1
455
1
871
72
729
1796
1
1
5429
1
1
8936
988
152
1
414
289
88
4398
40
1
33
1
1
1
13
330
1
72
1
1
192
1
1
1
1
841
1
1
1
1
5440
1
1
1300
1
1
2913
421
1
276
55
1
1
1
1
689
330
88
46
2486
1
499
1
1
1
1
1
914
1
1
5429
1
1
1
1
1
1
1682
1
1
37
1
72
319
171
1
1
1
1
184
1
235
629
1
1
585
1
1
1
1
1
1
2292
1
1
7372
1
1
517
1208
1
1
33
1355
1
1321
1
313
1
1
393
561
1
961
1
1
597
1
899
1223
4833
1
961
1
1
39
1
72
4031
28
1116
1
1183
1
1
1
1056
244
1
10367
1
46
1
1
313
815
28
168
1
1
1
1
1
115
1
