2
1
1
134
1
1
14
104
1
1
1
1
36
429
1
1
1
1
1
67
1
1
1
3212
1
1
262
1
1
1
124
4554
259
1
78
584
78
1
76
1
1
254
1
33
1
51
1
33
1
1
46
1
1
1
1
33
1
66
1
1
1
1
1
1
1
283
1591
1
1
1
1
145
4
27
4554
2092
1
3810
36
1
1
1
1
1
1
1
1
1
125
35
276
1
1
1
1129
1
108
1
1
1
1076
189
1
3376
1
56
1
97
1
1
189
113
223
560
309
1
1
1
816
95
1
240
7
31
3226
1
1
1
1
101
1494
131
1
191
125
204
307
1
1
330
1
1
1
1
151
307
1
33
3232
1
2925
39
4193
1
1
1
254
655
102
1
115
58
39
1
204
1724
1
151
1
1
95
339
1608
1
1
4584
1
1
1
1
1
1
1
1
1
1
78
1
777
56
134
1
145
76
131
76
46
37
131
131
1
1
236
1769
1
1
1
1
1
1
75
1
151
1
351
1
1
250
39
125
1
101
113
327
1
1
1
1
1
1
2358
20
131
1
1
621
1214
2815
1
122
1
51
1
351
1
1
33
1
1
351
1
1
1
4216
1
1
1
1
4216
1
4554
27
1
1
134
36
32
1
1
204
33
1
33
1
1
444
1
95
1
131
459
66
66
46
1
91
131
24
1
1
1
1
33
349
2302
1
1
1
2139
1
1
1
97
101
1
1
3578
32
3694
1
113
1
390
36
2092
1
78
1
1
1
1
1
102
1
1
1
833
76
1
27
1982
1
1
131
115
1
1
13
172
66
1
1
113
1
78
32
1
4997
1691
1
533
1
1
95
432
1
125
1
1
1
1
1
1
27
1
1
1
1
1
131
1
1
1
32
66
134
1
250
104
1
37
1
826
1
1
7
78
131
33
204
3558
113
1
189
1
1
131
1
151
1
1
1
1
1
67
1
1
1
39
2235
1
204
189
1
1
1
1
1
1
1
204
7
72
1
37
1
72
131
3245
1
115
1101
1
72
1
488
204
39
1
35
1
173
97
4283
137
1
1
4719
27
76
1
910
331
4234
1
131
1065
1
281
390
101
76
32
1
1
1
1
78
351
1
1
1
1
1
39
920
27
1
78
1
1
1
1
13
916
476
165
4382
66
101
1
1
1
76
1
1
35
281
584
1
1
157
1
204
1
1
1
2302
1868
95
1
1
76
95
172
189
1
27
122
1
1
173
1
1
27
1
115
1
2179
33
1
1
1868
3623
1
1
1
3069
3623
24
1
78
1
1
1
1
1
76
67
1
36
78
131
1
1
1
1
1
157
114
1
1
4
1
91
1
1276
1
1
32
1
131
95
1
1
1
20
1
1
3042
36
66
1
819
1
1
122
27
1
131
1
1
113
131
157
1
1
1
56
134
131
151
101
1
1
91
32
1
1
1
42
1
5087
125
1
189
101
1
134
42
906
7
1
1
1
864
3045
1
32
1
1
35
67
309
72
1
1
1
648
101
1
1
3232
236
115
39
1
639
113
1
2092
37
111
1
158
1
1
1
131
20
1
134
1
32
1
2489
122
1
78
32
351
920
1
1
1
1
1
1
1
1
89
113
66
1
173
1
39
4
76
1
1
32
1
58
5231
1
42
244
259
72
39
1
1
165
1
2656
2092
1
76
189
36
331
36
777
4749
1
707
254
32
101
307
1
1494
281
1
1
1
8
7
780
1
1
250
1
1442
3226
1
1
1
1820
1
276
8
2397
1
1
1
204
1
134
137
113
231
1
1
1
33
145
1
1
1
1
1
39
1
1
189
20
777
78
309
1
33
104
1
930
4451
1
151
730
42
151
1
1
131
14
4
391
189
1
151
1
1
1159
1002
102
1
1
1
1
707
2258
27
36
218
75
4411
20
1
1
13
3072
1
78
1
4660
204
1
584
1
95
95
1
36
125
383
4270
1
1
153
8
1
231
1036
802
1
204
1
20
1
78
27
112
33
1
151
1
1
1
131
1
1
35
1
3604
1
33
1
1631
4571
78
1
1
4240
32
37
1
32
3790
1
13
276
31
1
1
56
1
1
1
1
42
1
1036
1
1
2387
131
13
97
1
37
66
131
533
113
1
259
307
1
1
1
13
930
1
95
621
1
1
1
204
1
1
3161
1
1
485
95
42
1
3623
1
13
165
1
58
1
331
1
1
2070
1724
3327
1
173
204
1
78
1
1
58
1
1
131
1
1
189
730
8
1
1
1
1
1
66
204
1
136
1
27
1
1
137
1
1
1
204
189
4
231
3358
1
1
1
1
1
1
1
1
1
1
35
1
1
14
104
1
1
42
2682
244
4715
1
1
1
14
204
131
1
3810
1
115
4766
1
2925
112
31
1
1
3694
32
4
131
1
2235
5016
204
1
1
165
1
1
122
1
122
1694
1
67
1
3265
1
1
1
1
1778
777
2439
1
173
1
1
1
1
24
1
872
1
1
1
145
331
39
1
172
331
1
1
1
1
1
1
3042
1
204
111
457
1
1
1
1
1
3068
24
1
67
476
1591
307
113
1
1
294
1
903
1
27
2365
1
2059
157
1
1
14
276
1
1
1
115
1
35
1
2115
1
294
4554
189
136
244
1
145
1
1
1
1
1
140
131
1
1
32
1
145
1
1
1
1
1
1
33
95
136
1
1
46
1
4300
1
78
140
78
151
66
89
136
89
66
1
1
4
390
136
1
5011
254
4886
1
75
1
254
794
1591
1
1
33
621
1
145
125
33
36
1
1
72
27
203
115
1
1
1
3685
1
1
72
102
1
244
1
640
1
131
1
331
125
1
78
1724
1
1
1
1
1
1
1
1
1
36
204
331
1
131
1
1195
920
331
5083
1
95
1
1
20
4
1
1
1
125
1
1
1
1
1
67
1
1
1
1
78
2255
51
1494
1
4009
189
1
1
112
1
1
151
42
4
1
1
1
78
104
1
1
1
157
1
1
36
1
14
27
218
1
115
134
1
1
294
203
165
1
1
567
388
1
1
777
35
78
1
1
8
1
1
1
13
78
1
1
36
1
1
1
131
1
33
157
1
1
72
1
1
1
1
39
1
3232
95
33
236
1
39
157
32
1
37
1
1
1
307
1
777
1
1
819
1
39
36
1
1
189
42
137
78
1
131
131
1
1
1
1
122
1
331
1
1
1
2579
672
432
1
1
36
281
1
1
215
1
1
39
33
1
1
1
1
91
1
621
432
1
1
4
31
1
131
1
1
1615
56
27
1
1
1
125
1
1
8
1
2092
13
1
1
136
1
1
39
37
27
3139
1
137
1
1607
802
78
1
1
145
1
1
476
1
1
218
1
2682
76
4
104
1
1
1
1
1
794
1
76
111
621
1
1
1
33
78
131
137
1
910
351
33
3757
1
1
835
218
157
457
1
1
2450
37
2766
1
2758
1
1
1
4
137
151
145
1
35
814
1
313
1
1
1
1
1
1
1
1
1
1
1
72
31
1
33
1
1
33
1
134
33
307
2118
1
131
4283
1
1
137
1
204
140
819
72
224
1
8
58
1
1
113
218
1
1
58
2028
151
1
131
254
36
114
1
1
7
1
1
1
112
7
1913
2925
1
1530
35
2925
1
672
75
1
137
1
1
509
1
1
1
1
1
42
1
131
1
95
1
58
1
1
1
32
33
215
1
1
33
14
1
1
1
504
31
1
2807
37
1
355
3232
14
2902
1
36
1
281
1
1
1
1
1
1
383
639
5016
1
145
131
1
131
432
204
2235
1
131
1
1
76
1
1
1406
3984
1
1
204
1
1
151
4554
1
1
189
1
1381
621
1
7
307
1
14
5016
157
203
1
859
1820
51
1
1104
189
920
1
1
1
1
78
802
1
157
33
46
204
1
1
115
1
1
32
157
1
3267
1
1615
331
1
1
1
203
802
1
1
1
4
1
1
189
37
1
4
1
67
1
2841
1
1
125
1
14
3704
157
4774
151
157
158
349
1
1
1961
1
1
1
794
1
1
3685
1
457
66
1
35
56
1
27
1
1
95
920
134
14
136
1
1
1
1
102
39
1
151
1
32
1827
250
131
1
1160
153
27
1
1
1
1
1
1
58
1
1
1
1
7
151
1
1
3985
1
32
244
95
1
3620
134
2410
1
115
35
1
1
1
1
137
1
66
136
204
27
1
4719
31
476
189
115
1648
1034
27
1
1
1
1
78
1
20
13
33
1
1
131
131
151
101
3376
166
122
1071
1
1
1
39
1
168
1510
2070
76
244
1
1
1
165
39
31
189
104
802
36
78
259
1086
1
125
112
1
115
1727
1
1
1
1
777
1
137
72
621
76
920
39
1
1
131
920
1
1
1
1
131
1
1
1
476
1
1
1
1
5060
7
1
95
1
72
1
1
1
2070
1
533
2302
1
1
1
4774
1
13
276
1
1
33
2484
1
151
1
1
36
2258
1
1820
1
46
331
72
131
1
4
307
1
32
136
56
1
72
56
1
1
1
1
1
432
189
13
78
1530
1
1
1
1
504
20
131
244
1
1
35
1
66
1381
151
136
7
134
639
165
1
1
1
1589
1
1
165
1
1
1
1
1608
1
1104
89
1
1
1
1
1
1
2830
13
429
76
189
1
1694
1
1
1
134
1
1
1
4
189
1
33
145
1
1
157
1
36
1
56
8
331
294
1
4
95
1
218
621
101
1
1
1
1
1
137
46
1
1
36
1
39
920
920
204
355
1
1
1
1
157
3221
102
1
1
1
1
134
1
131
1
27
8
1
1076
3578
131
1515
1
1
33
236
1
189
1
66
613
36
1
1
4283
1
920
276
1
920
1195
1
78
1
113
7
1
1
1
102
1
153
2631
777
1
153
1
1
115
276
1
1
1
930
111
1
78
36
1
1
1
1
1
1
145
1
1
2781
1
91
1
173
1
215
13
5277
1
5083
78
134
1
1
151
1
1
32
131
136
1
1
1
351
250
42
3813
777
1
1
1101
131
114
1492
1795
102
33
173
125
2831
1
151
276
58
1
66
7
1
1
250
1
1
1
1
299
66
1
215
1
56
1
203
1
78
1
1
1
1
281
203
7
4240
97
140
14
39
1
39
1
157
1
1
32
1
509
95
1
1
1
1
1
1
95
1
529
1
72
1
1
1
4442
429
33
1
36
910
1
42
204
1
1
1
1
509
1
331
1
46
1
1
111
927
1
112
134
1
1
1
1
1
1
1
1
1
1
1
390
444
1
131
1
1
457
13
131
72
2005
1
32
1
1014
1
1
1
46
1
1
3694
1
131
1
1
1
1
1
173
1
250
102
3376
3042
1
1
802
203
78
1
1
104
1
32
218
1
36
189
331
32
78
166
294
137
36
1
115
7
1
102
1
313
112
1
1
131
35
1
707
4839
8
7
1
158
153
32
131
1
134
1
819
1
1
1
1
1
331
1
111
1
131
173
35
1
32
42
1
1
1
1
91
31
1
3924
115
920
1
254
4
1
1
36
1
189
1
72
1
76
1
1
1
102
24
1
151
1
33
131
1
1104
204
224
8
1
1
307
231
2484
27
1
89
920
131
1086
20
78
1
1034
1
1
1
4
4283
1
1
13
714
89
145
1
1
1615
1
1
1
5016
1
920
78
1
1
75
218
1
72
744
204
3541
1
13
1
4190
33
35
67
1195
76
1
1757
1
101
1
35
111
1
1025
1
131
1
331
32
1
1
1
13
1
1
145
101
145
1
1
1591
72
1
1
1
131
157
131
1
1
1
1
1
307
2653
1
2925
1
1
1
72
8
20
151
1
1
3376
1
1
1
136
1
1
137
1
3139
102
1
4699
1
1
1
1
131
1
215
1
1
95
33
4660
1
1
1
1
1866
1
1
1
4130
101
113
136
75
1
1
1
1
672
1
4396
27
1
1
2235
1
1
7
910
777
4
31
509
32
1
3139
27
1
1
1
113
204
1
134
1
75
165
1
1
1
51
1
13
3265
46
1
1
101
1
3714
1
158
31
1
1
36
1
1
76
1
281
32
1
1
432
101
1
1
72
119
1
33
101
1
3985
1
1
33
1
145
1
4002
1
1
1
1071
131
7
131
1
32
777
1
1
1
1
131
1
1
1
14
1
76
78
1
254
24
36
27
78
136
157
819
204
1
1
1
509
145
131
1
27
1
281
1
1
1
36
104
1
27
1
33
3103
1
1
1
2059
1
145
1
1
76
1685
66
1
955
1
78
1
13
309
1
1
72
166
1
1
66
2448
3578
1
307
1
1820
1
1
72
102
1769
37
1
1
1
1
14
131
1
1
1
1
131
1
509
1
78
1
1
204
1
111
204
218
1
35
145
131
476
1
1
1
1
1
218
13
13
4
35
1
1
1
224
1
313
1
1
1
331
1
131
1035
1
1
1
1
1
27
1
4452
2836
1
36
1
1104
104
1
33
254
1
35
1
349
1
1
115
72
1
1
1
131
1
134
1
1
8
1
621
37
1
78
1
1
1
1
1457
1
1
1
1820
1
1
1
2653
36
1
115
1
1
4
189
1
39
1
1
1
78
24
1502
1
1
730
436
113
2836
351
1
1
1
1866
1076
1
1
158
137
1
3226
2590
189
131
72
1
1
1
1572
3360
102
2092
89
1
1
36
3589
1
1
1
189
31
1
1
1
1
920
1
259
125
4193
1955
2070
27
1
1
3358
3620
78
1
1
1
1679
730
920
1
1
1
1
189
777
1
777
33
1
102
51
157
1
215
1
1
259
254
1
151
134
1615
1447
1
259
1
1
1
20
204
1648
1
1
33
27
13
189
1
35
1
1
1
2810
1
153
204
115
104
13
1
1
1
1
131
131
33
1
1578
1
927
1
1
145
14
1
1
1
1
104
204
1
35
136
204
1
3984
1
1
204
189
4462
75
1
1
1
533
1
1
1
1
1
1
78
1
1
4548
1
1
131
621
1
39
39
1
151
1
1025
56
1
4
1
32
1
67
115
58
1
1
1
1
1
1
101
1
3265
1
1
151
1
32
24
1
1
95
1
1
1101
136
122
131
1
113
134
39
112
254
35
1
1
78
165
145
1
1
1
1
56
1
1
33
639
7
1
78
1
91
95
1
1
1
1
4815
131
1
1
1
112
1
66
432
1
2206
42
1
215
27
794
32
20
151
1
1
66
140
1
32
32
3757
204
1
4283
33
42
131
218
2255
51
32
131
1
1
1
131
204
1
1
1
1
819
1
1
1
1
1071
115
1
72
4451
294
244
113
1
131
910
1
131
101
457
1
1
1
1
134
1
101
157
4706
5128
1
1
1
204
189
1
432
390
1
4991
2627
1
802
1
157
1
1
78
1
1
3578
2108
1
802
1
254
111
24
1
1
1
1
1
42
137
97
33
1
1
1
32
254
1
1
1
1
2519
1608
1
621
2244
78
1
1
33
1
1
1
1
1
145
1
1
131
1
3540
1
1
36
1153
20
1
1
1
1
1
125
72
1
1
740
1
3416
137
151
113
140
1
1
1
2590
2627
115
1
1
920
1
1
95
1
33
1
1
1
151
203
1
1
1
137
7
136
189
1
1
1
78
1
1
309
4
131
231
1
1
1
1
1
1769
157
295
509
1
509
2460
1
5005
1
1591
3757
715
1
102
1
42
1
72
151
24
137
1
1
4283
8
36
1
204
777
1
1
13
331
151
1
1
1
39
1
1
131
1
1
189
33
714
32
1608
35
3757
1
1034
2925
151
1
1
1
1
1
1
1
157
1
1
281
1
1
1
76
1
1
24
1
1
131
157
1
215
1
204
1955
621
111
24
1
1
151
4683
33
37
27
1
137
67
1
1
1
331
36
1
1
1
35
32
1
932
1
1
89
457
131
36
1
1
1
1
1
1
1
1
1
1
1
1
1
131
134
1025
236
1
1
1
36
1
1
36
2092
1
1947
1
8
32
78
2831
1843
39
122
157
1
101
903
1
204
7
1795
1
1
1
1
1
1
33
67
1
1
244
2543
391
119
351
1
20
131
36
189
1
20
1
1
95
134
281
1
1
137
802
33
137
1
1
136
95
864
91
4554
920
1530
1
410
1
254
1
1
97
1
1
2387
1
39
1
1
1
97
1
1
76
254
1
1
1
244
1
37
613
1
33
78
125
1
1
1
3984
1
36
35
1
1
1
13
1
76
13
1
134
95
58
1
7
33
32
204
145
639
1
802
27
32
1
1
1
1
1
1
1
42
1
31
204
78
134
2558
1
1
102
1
122
131
37
1
104
1
2787
4
14
1806
1
78
36
1
137
1
13
203
1025
1
1
436
476
1
1
134
1
1
115
97
1
1
1
250
33
4400
1
1
1
1
78
1
78
621
151
1
1
1
802
1
4007
1
4
1
1
115
46
33
1
1
145
391
203
331
1
1
1035
1
46
37
1
4
125
76
1
1
1
31
1
153
204
307
78
1
276
1
204
35
327
1
37
1
2815
78
276
254
1
1
1
1
1
1
153
1
1
33
1
189
1
72
2335
33
1
349
1
76
1
158
95
4
78
1
1
2836
112
1
3757
4
1
131
189
145
78
1
1
35
1
1
39
476
1
36
1
204
4298
137
1
1104
136
1614
1
151
1
1
1
66
1
72
1
131
91
4442
134
33
1
1
1
1
1
1
1
1
1
331
1
1
1
36
131
1
1
1866
1
13
254
189
1
1
204
1
1
3265
1
1
1
1
1
5016
1
32
37
1
1
254
730
1
168
2092
1
42
67
78
1
476
244
1
1
2543
95
33
1
1
1
1
36
476
1
151
78
1
24
102
37
1820
13
1
930
476
1
276
1
1
136
66
999
39
157
1
1
1
1
1
1
254
1
1
1
1
136
33
3623
864
1
1
1
203
134
1
91
173
1
1
295
307
39
1
1381
42
331
1
1
1685
1
151
281
1
1
1
97
4
1
1
1
509
33
136
295
67
4719
46
102
1
32
1
3892
145
1
1
307
1
1
137
1
78
1
1
95
1530
157
254
72
1
1
1
14
134
1
1
3592
204
1104
1
1
7
1
1
1
1
4660
115
1
1
111
75
1
1
1
1982
1
1
1
730
58
1
1
955
1
1
1
89
165
113
1
1
276
189
166
91
1
1
1
4
32
1
309
134
1
203
1
1
1
33
39
1071
122
14
1
102
1
1
1
134
1
1
331
802
1
1
1
122
137
1
584
1
1
1
1
1
1
153
165
1
14
4216
33
157
1
1
140
189
1
1
1
101
1
32
1
1025
1
1
42
1
42
1
2028
1
1
42
1
24
78
1
1034
95
24
1
78
102
78
1
294
1
1
1
1
1
32
1
1
1
1
95
145
95
131
1
1
1
1
1
137
145
151
134
1
157
1
218
8
1
204
203
76
1
294
1
137
3453
429
1
33
1
33
1
1
1
1
1
204
33
2925
4
101
78
1
2575
1
1
2043
78
4536
4554
4460
1
101
1
33
1025
1
1
1
204
20
3140
1
1
13
151
1
35
78
1
1
1
1
1
189
1
1
1
1
31
1
1
125
1
1
1
1
203
113
1
46
1
1
1
1
1
102
476
72
1
2047
1
1
27
165
1
1
35
1
1
1
1
66
1
1
122
31
1
1
1
3810
1
254
1
1
102
1
35
4829
218
3506
72
1
1
134
33
1
1
76
1
1
1
67
1
1
1
1
1
72
1
1
5016
1
1
1
153
24
1
1
1
1
1
1
172
294
1
1
1
1
1
119
355
1
37
1
1
125
8
1
1
1
1
231
72
1104
4929
621
31
1
1
1
1
1
1
1
1
27
151
1
131
1101
36
1
95
1
189
1
131
37
1
112
165
1
1
125
39
1
189
2325
1
1
1494
215
1
1
1
259
4381
1
1
1
166
1
95
151
27
1
1
1
125
102
1
151
157
72
136
294
777
1
294
32
1
1
122
432
1
1
254
1
315
1
1
1
1
137
166
151
1
13
1
78
1
78
78
1
4270
33
72
35
125
35
864
1
204
1
1
1
131
1
1
388
1
1
1
1
1
91
218
125
27
1
1
24
1
1
1530
131
1
2787
91
1
204
1
1
1
1
27
72
1688
1
1
1
920
1
1868
1
1
101
1
136
1
1
1
39
32
1
1034
78
1
2255
1
2092
58
137
3358
1
112
1
4337
1
2575
1
1
1
13
72
39
1
432
1
1
1
131
355
390
104
145
32
1
1
4
1608
27
651
13
1
1
4059
158
1
131
1
476
1
1
1
1
46
1
1009
1
1
1
1
1
1
91
104
66
27
101
4
1
24
1
51
189
131
101
2092
7
131
151
2590
1
31
4451
4525
410
1
114
136
444
488
224
1
89
1
432
1
37
1
137
36
254
1
730
639
236
203
1
331
1
113
95
1
75
1
1
189
1
78
509
1
1
35
1
254
137
189
1
151
165
37
32
1
1
32
1
189
1447
76
1982
20
1
1
476
1
307
1
250
1
1
151
1
2115
3810
3985
78
111
802
281
777
2722
137
1
1
151
1
1
3623
4009
1
2925
1
1
113
1
131
1
1
1
1
1
172
1
1
1
1
1
294
36
78
931
1
33
27
1
1
56
1530
56
244
1
134
95
32
1025
101
1
1
1
1
1
3560
218
78
140
1
1
1
1
1
1
4766
1
1
1
307
1
1
35
1806
42
1
5022
777
145
410
1
78
331
1
1
14
1
145
3757
33
158
254
72
1
1
2590
5016
1
131
204
2940
1
58
1
166
1
5016
32
13
1
140
215
1
1
1
136
1
1
131
1
1
621
119
3503
1
1
1
1
1
157
1
189
819
1104
1
1
204
78
157
31
1
1
39
1
802
39
37
7
1
1
1
802
1414
39
1
27
36
3984
1
36
204
1
1
1
1
4446
1
131
24
1
1
1
32
89
151
1
351
1
151
1
3265
1
236
33
1
32
76
33
1
1
355
1
1
56
1
145
1
1
91
1
1
1
3790
236
250
3245
157
8
46
1
1
1
2836
1
1
1
1
1
2925
66
802
66
1
1
78
1353
32
1
33
33
33
1
36
254
1
3309
1406
1
1
35
1
1101
1
1
46
927
1
1
145
76
1034
2472
1
33
137
78
1
204
36
33
1
37
1
1
1
1
1
27
1
1
1
3245
176
115
134
1
1
1
1
33
67
1
1
1
203
1
91
1
1
1
66
1
714
391
2836
1
1
1
1
1
97
715
145
1
1
1
101
1
1
1
1
33
436
429
1
91
158
151
920
1
1
1
859
1
1
1
621
486
4
137
27
1
13
14
1
1
39
1035
1
1
27
172
35
1034
1
1
3810
95
1
4277
244
97
1
1
137
1
1
131
3810
1
1
1
1
1
707
639
539
388
157
1
1
1
46
1
476
151
102
131
151
95
1
4087
1
189
1
13
1076
2439
1
1
1
2291
78
145
1
1
56
1
2836
2787
1
42
136
1
122
35
32
1
134
1
157
95
33
903
8
76
1
509
157
1
244
1
1
1
1
1
1
157
1
131
122
1
1
276
131
1
1
1
1154
1
72
1
1
35
1
1
802
1
91
1
1
1
137
1
165
76
78
281
351
1
457
136
131
1
1
1
39
204
1
1
119
1
1
39
145
151
1
4719
131
4
927
131
137
1535
4886
1
36
78
1
1
119
1
1
1
476
1
1
119
33
1
1
131
1
1
1
1
1
13
920
91
1
1
31
115
3503
3232
158
1
1
173
1502
1104
1
1
3547
215
1
1
8
4806
1
1
111
2460
1
355
1
31
1
1
1
67
1025
1608
1
1
1
390
1
119
1
509
1
151
2335
1
35
2472
151
835
236
33
1
930
307
13
1
1
4554
1
1
307
1
1
4524
67
131
42
1
1
1
355
51
1
39
111
78
307
1
113
204
1
1
1
1
1
1
113
1
14
1
1530
56
1
115
24
166
1
42
254
95
1
930
1
115
3547
145
1
1
1
254
1
2590
36
1
51
1
95
14
1
1
1
1
1
1
2094
1
151
113
2254
115
4442
1
131
27
151
1
1
1
1
1
1
1
1
95
2914
1
27
1
639
817
1
1
1
78
2047
1
1
119
1
137
1
36
1
1
1
1
1
1
436
2575
95
1
1
102
1
32
136
331
7
1
1
1
35
157
1502
1
1
2590
1820
1
1
1
1
1
204
95
1
32
1
1
1
14
802
1
1
204
1
1
35
1
1
20
1
1
390
91
145
14
1
27
1
20
744
4
33
4008
37
1
189
1
1
1
2255
1
1
1
1
1530
27
1
151
331
802
1
1694
769
72
355
33
1
1
1
1
1
1
75
131
1
1
1
72
136
39
56
281
1
1
1
151
51
112
1
131
1
1
1
436
39
4
33
157
91
1
4
78
7
1
349
1
78
1868
33
1
1
1
1615
36
13
189
27
95
131
137
145
1
1
1
1
131
1
1
1
1
4689
218
1
1
145
2092
1
1
95
125
1
1
131
131
1
1
1159
1
3585
1
2472
1
101
432
204
1
1
1
1
27
2590
1
3140
1061
1
1
4442
189
58
89
1
78
111
1
1
